<?xml version="1.0" encoding="UTF-8"?>
<coverage generated="1649251534054" clover="3.2.0">
  <project timestamp="1649251534054" name="All files">
    <metrics statements="1666" coveredstatements="1400" conditionals="765" coveredconditionals="426" methods="512" coveredmethods="359" elements="2943" coveredelements="2185" complexity="0" loc="1666" ncloc="1666" packages="16" files="133" classes="133"/>
    <package name="__test__.mocks">
      <metrics statements="44" coveredstatements="34" conditionals="8" coveredconditionals="7" methods="29" coveredmethods="20"/>
      <file name="auditInstance.ts" path="/Users/avalithmacpro/Desktop/flow/backo-service/app/__test__/mocks/auditInstance.ts">
        <metrics statements="4" coveredstatements="4" conditionals="0" coveredconditionals="0" methods="2" coveredmethods="2"/>
        <line num="1" count="66" type="stmt"/>
        <line num="2" count="18" type="stmt"/>
        <line num="11" count="66" type="stmt"/>
        <line num="12" count="20" type="stmt"/>
      </file>
      <file name="createQueryBuilder.ts" path="/Users/avalithmacpro/Desktop/flow/backo-service/app/__test__/mocks/createQueryBuilder.ts">
        <metrics statements="40" coveredstatements="30" conditionals="8" coveredconditionals="7" methods="27" coveredmethods="18"/>
        <line num="1" count="6" type="stmt"/>
        <line num="2" count="14" type="stmt"/>
        <line num="3" count="5" type="stmt"/>
        <line num="4" count="12" type="stmt"/>
        <line num="5" count="7" type="stmt"/>
        <line num="6" count="8" type="stmt"/>
        <line num="7" count="0" type="stmt"/>
        <line num="8" count="2" type="stmt"/>
        <line num="9" count="4" type="stmt"/>
        <line num="10" count="18" type="stmt"/>
        <line num="11" count="14" type="stmt"/>
        <line num="12" count="0" type="stmt"/>
        <line num="13" count="2" type="stmt"/>
        <line num="16" count="14" type="cond" truecount="2" falsecount="0"/>
        <line num="17" count="6" type="cond" truecount="1" falsecount="1"/>
        <line num="18" count="0" type="stmt"/>
        <line num="19" count="0" type="stmt"/>
        <line num="21" count="6" type="stmt"/>
        <line num="22" count="6" type="stmt"/>
        <line num="23" count="8" type="cond" truecount="2" falsecount="0"/>
        <line num="24" count="5" type="cond" truecount="2" falsecount="0"/>
        <line num="25" count="2" type="stmt"/>
        <line num="26" count="2" type="stmt"/>
        <line num="28" count="3" type="stmt"/>
        <line num="29" count="3" type="stmt"/>
        <line num="31" count="3" type="stmt"/>
        <line num="35" count="6" type="stmt"/>
        <line num="36" count="0" type="stmt"/>
        <line num="37" count="0" type="stmt"/>
        <line num="38" count="0" type="stmt"/>
        <line num="39" count="0" type="stmt"/>
        <line num="40" count="0" type="stmt"/>
        <line num="41" count="0" type="stmt"/>
        <line num="45" count="6" type="stmt"/>
        <line num="46" count="2" type="stmt"/>
        <line num="47" count="2" type="stmt"/>
        <line num="48" count="2" type="stmt"/>
        <line num="49" count="2" type="stmt"/>
        <line num="50" count="2" type="stmt"/>
        <line num="53" count="2" type="stmt"/>
      </file>
    </package>
    <package name="src.helpers">
      <metrics statements="67" coveredstatements="45" conditionals="37" coveredconditionals="12" methods="22" coveredmethods="11"/>
      <file name="util.ts" path="/Users/avalithmacpro/Desktop/flow/backo-service/app/src/helpers/util.ts">
        <metrics statements="67" coveredstatements="45" conditionals="37" coveredconditionals="12" methods="22" coveredmethods="11"/>
        <line num="1" count="66" type="stmt"/>
        <line num="2" count="66" type="stmt"/>
        <line num="3" count="66" type="stmt"/>
        <line num="4" count="66" type="stmt"/>
        <line num="8" count="66" type="stmt"/>
        <line num="9" count="66" type="stmt"/>
        <line num="10" count="66" type="stmt"/>
        <line num="12" count="66" type="stmt"/>
        <line num="13" count="0" type="stmt"/>
        <line num="22" count="66" type="stmt"/>
        <line num="23" count="0" type="stmt"/>
        <line num="26" count="66" type="stmt"/>
        <line num="27" count="0" type="stmt"/>
        <line num="30" count="66" type="stmt"/>
        <line num="31" count="0" type="stmt"/>
        <line num="37" count="66" type="stmt"/>
        <line num="38" count="1" type="cond" truecount="1" falsecount="1"/>
        <line num="41" count="66" type="stmt"/>
        <line num="42" count="1" type="cond" truecount="1" falsecount="1"/>
        <line num="45" count="66" type="stmt"/>
        <line num="46" count="2" type="cond" truecount="1" falsecount="1"/>
        <line num="49" count="66" type="cond" truecount="1" falsecount="0"/>
        <line num="50" count="5" type="stmt"/>
        <line num="51" count="5" type="stmt"/>
        <line num="52" count="5" type="cond" truecount="2" falsecount="0"/>
        <line num="53" count="4" type="cond" truecount="2" falsecount="0"/>
        <line num="54" count="2" type="stmt"/>
        <line num="55" count="6" type="cond" truecount="2" falsecount="0"/>
        <line num="56" count="2" type="stmt"/>
        <line num="59" count="0" type="cond" truecount="0" falsecount="4"/>
        <line num="60" count="0" type="stmt"/>
        <line num="61" count="0" type="stmt"/>
        <line num="62" count="0" type="stmt"/>
        <line num="64" count="0" type="stmt"/>
        <line num="65" count="0" type="stmt"/>
        <line num="68" count="66" type="stmt"/>
        <line num="69" count="20" type="stmt"/>
        <line num="70" count="20" type="stmt"/>
        <line num="73" count="66" type="stmt"/>
        <line num="74" count="20" type="stmt"/>
        <line num="77" count="66" type="stmt"/>
        <line num="79" count="66" type="stmt"/>
        <line num="80" count="4" type="stmt"/>
        <line num="81" count="4" type="stmt"/>
        <line num="82" count="8" type="stmt"/>
        <line num="84" count="4" type="stmt"/>
        <line num="86" count="4" type="stmt"/>
        <line num="89" count="66" type="stmt"/>
        <line num="90" count="0" type="stmt"/>
        <line num="93" count="66" type="stmt"/>
        <line num="94" count="0" type="stmt"/>
        <line num="96" count="0" type="cond" truecount="0" falsecount="4"/>
        <line num="97" count="0" type="cond" truecount="0" falsecount="4"/>
        <line num="98" count="0" type="cond" truecount="0" falsecount="4"/>
        <line num="99" count="0" type="cond" truecount="0" falsecount="2"/>
        <line num="100" count="0" type="stmt"/>
        <line num="105" count="0" type="stmt"/>
        <line num="108" count="66" type="stmt"/>
        <line num="109" count="0" type="stmt"/>
        <line num="110" count="0" type="stmt"/>
        <line num="113" count="66" type="cond" truecount="1" falsecount="0"/>
        <line num="114" count="3" type="cond" truecount="1" falsecount="1"/>
        <line num="115" count="3" type="stmt"/>
        <line num="117" count="0" type="stmt"/>
        <line num="120" count="66" type="stmt"/>
        <line num="122" count="66" type="cond" truecount="0" falsecount="1"/>
        <line num="123" count="0" type="stmt"/>
      </file>
    </package>
    <package name="src.helpers.enums">
      <metrics statements="30" coveredstatements="30" conditionals="4" coveredconditionals="4" methods="9" coveredmethods="6"/>
      <file name="bHubOperation.ts" path="/Users/avalithmacpro/Desktop/flow/backo-service/app/src/helpers/enums/bHubOperation.ts">
        <metrics statements="1" coveredstatements="1" conditionals="0" coveredconditionals="0" methods="0" coveredmethods="0"/>
        <line num="1" count="35" type="stmt"/>
      </file>
      <file name="dayMap.ts" path="/Users/avalithmacpro/Desktop/flow/backo-service/app/src/helpers/enums/dayMap.ts">
        <metrics statements="8" coveredstatements="8" conditionals="2" coveredconditionals="2" methods="1" coveredmethods="1"/>
        <line num="1" count="66" type="cond" truecount="2" falsecount="0"/>
        <line num="2" count="66" type="stmt"/>
        <line num="3" count="66" type="stmt"/>
        <line num="4" count="66" type="stmt"/>
        <line num="5" count="66" type="stmt"/>
        <line num="6" count="66" type="stmt"/>
        <line num="7" count="66" type="stmt"/>
        <line num="8" count="66" type="stmt"/>
      </file>
      <file name="dynamicPromotionType.ts" path="/Users/avalithmacpro/Desktop/flow/backo-service/app/src/helpers/enums/dynamicPromotionType.ts">
        <metrics statements="1" coveredstatements="1" conditionals="0" coveredconditionals="0" methods="0" coveredmethods="0"/>
        <line num="1" count="35" type="stmt"/>
      </file>
      <file name="failureType.ts" path="/Users/avalithmacpro/Desktop/flow/backo-service/app/src/helpers/enums/failureType.ts">
        <metrics statements="3" coveredstatements="3" conditionals="2" coveredconditionals="2" methods="1" coveredmethods="1"/>
        <line num="1" count="54" type="cond" truecount="2" falsecount="0"/>
        <line num="2" count="54" type="stmt"/>
        <line num="3" count="54" type="stmt"/>
      </file>
      <file name="historyEvent.ts" path="/Users/avalithmacpro/Desktop/flow/backo-service/app/src/helpers/enums/historyEvent.ts">
        <metrics statements="1" coveredstatements="1" conditionals="0" coveredconditionals="0" methods="0" coveredmethods="0"/>
        <line num="1" count="35" type="stmt"/>
      </file>
      <file name="index.ts" path="/Users/avalithmacpro/Desktop/flow/backo-service/app/src/helpers/enums/index.ts">
        <metrics statements="8" coveredstatements="8" conditionals="0" coveredconditionals="0" methods="7" coveredmethods="4"/>
        <line num="1" count="35" type="stmt"/>
        <line num="2" count="35" type="stmt"/>
        <line num="3" count="35" type="stmt"/>
        <line num="4" count="35" type="stmt"/>
        <line num="5" count="35" type="stmt"/>
        <line num="6" count="35" type="stmt"/>
        <line num="7" count="35" type="stmt"/>
        <line num="9" count="38" type="stmt"/>
      </file>
      <file name="operationType.ts" path="/Users/avalithmacpro/Desktop/flow/backo-service/app/src/helpers/enums/operationType.ts">
        <metrics statements="3" coveredstatements="3" conditionals="0" coveredconditionals="0" methods="0" coveredmethods="0"/>
        <line num="1" count="35" type="stmt"/>
        <line num="9" count="35" type="stmt"/>
        <line num="16" count="35" type="stmt"/>
      </file>
      <file name="productOperation.ts" path="/Users/avalithmacpro/Desktop/flow/backo-service/app/src/helpers/enums/productOperation.ts">
        <metrics statements="1" coveredstatements="1" conditionals="0" coveredconditionals="0" methods="0" coveredmethods="0"/>
        <line num="1" count="35" type="stmt"/>
      </file>
      <file name="typeLimit.ts" path="/Users/avalithmacpro/Desktop/flow/backo-service/app/src/helpers/enums/typeLimit.ts">
        <metrics statements="2" coveredstatements="2" conditionals="0" coveredconditionals="0" methods="0" coveredmethods="0"/>
        <line num="1" count="35" type="stmt"/>
        <line num="7" count="35" type="stmt"/>
      </file>
      <file name="typePromotion.ts" path="/Users/avalithmacpro/Desktop/flow/backo-service/app/src/helpers/enums/typePromotion.ts">
        <metrics statements="1" coveredstatements="1" conditionals="0" coveredconditionals="0" methods="0" coveredmethods="0"/>
        <line num="1" count="35" type="stmt"/>
      </file>
      <file name="userCondition.ts" path="/Users/avalithmacpro/Desktop/flow/backo-service/app/src/helpers/enums/userCondition.ts">
        <metrics statements="1" coveredstatements="1" conditionals="0" coveredconditionals="0" methods="0" coveredmethods="0"/>
        <line num="1" count="35" type="stmt"/>
      </file>
    </package>
    <package name="src.infraestructure.repository">
      <metrics statements="457" coveredstatements="381" conditionals="120" coveredconditionals="84" methods="132" coveredmethods="91"/>
      <file name="bannerRepository.ts" path="/Users/avalithmacpro/Desktop/flow/backo-service/app/src/infraestructure/repository/bannerRepository.ts">
        <metrics statements="12" coveredstatements="6" conditionals="2" coveredconditionals="0" methods="5" coveredmethods="1"/>
        <line num="1" count="36" type="stmt"/>
        <line num="4" count="36" type="stmt"/>
        <line num="5" count="36" type="stmt"/>
        <line num="7" count="36" type="stmt"/>
        <line num="9" count="1" type="stmt"/>
        <line num="19" count="0" type="stmt"/>
        <line num="22" count="0" type="stmt"/>
        <line num="25" count="0" type="stmt"/>
        <line num="28" count="0" type="cond" truecount="0" falsecount="2"/>
        <line num="32" count="36" type="stmt"/>
        <line num="33" count="0" type="stmt"/>
        <line num="34" count="0" type="stmt"/>
      </file>
      <file name="campaignRepository.ts" path="/Users/avalithmacpro/Desktop/flow/backo-service/app/src/infraestructure/repository/campaignRepository.ts">
        <metrics statements="23" coveredstatements="21" conditionals="2" coveredconditionals="1" methods="6" coveredmethods="5"/>
        <line num="2" count="36" type="stmt"/>
        <line num="3" count="36" type="stmt"/>
        <line num="5" count="36" type="stmt"/>
        <line num="7" count="36" type="stmt"/>
        <line num="11" count="36" type="stmt"/>
        <line num="13" count="1" type="stmt"/>
        <line num="18" count="1" type="stmt"/>
        <line num="19" count="1" type="stmt"/>
        <line num="22" count="1" type="stmt"/>
        <line num="27" count="1" type="stmt"/>
        <line num="29" count="1" type="stmt"/>
        <line num="34" count="1" type="stmt"/>
        <line num="39" count="1" type="stmt"/>
        <line num="47" count="1" type="stmt"/>
        <line num="49" count="1" type="stmt"/>
        <line num="54" count="1" type="stmt"/>
        <line num="61" count="1" type="stmt"/>
        <line num="62" count="1" type="stmt"/>
        <line num="64" count="1" type="stmt"/>
        <line num="69" count="1" type="stmt"/>
        <line num="73" count="36" type="stmt"/>
        <line num="74" count="0" type="stmt"/>
        <line num="75" count="0" type="stmt"/>
      </file>
      <file name="channelPromotionRepository.ts" path="/Users/avalithmacpro/Desktop/flow/backo-service/app/src/infraestructure/repository/channelPromotionRepository.ts">
        <metrics statements="31" coveredstatements="29" conditionals="4" coveredconditionals="3" methods="9" coveredmethods="8"/>
        <line num="1" count="36" type="stmt"/>
        <line num="2" count="36" type="stmt"/>
        <line num="6" count="36" type="stmt"/>
        <line num="7" count="36" type="stmt"/>
        <line num="9" count="36" type="stmt"/>
        <line num="11" count="36" type="stmt"/>
        <line num="14" count="36" type="stmt"/>
        <line num="16" count="1" type="stmt"/>
        <line num="23" count="1" type="stmt"/>
        <line num="27" count="1" type="stmt"/>
        <line num="34" count="1" type="stmt"/>
        <line num="35" count="1" type="stmt"/>
        <line num="39" count="1" type="stmt"/>
        <line num="45" count="1" type="stmt"/>
        <line num="47" count="1" type="stmt"/>
        <line num="51" count="1" type="stmt"/>
        <line num="52" count="1" type="stmt"/>
        <line num="59" count="1" type="stmt"/>
        <line num="61" count="1" type="stmt"/>
        <line num="65" count="3" type="stmt"/>
        <line num="66" count="3" type="stmt"/>
        <line num="92" count="3" type="cond" truecount="2" falsecount="0"/>
        <line num="93" count="1" type="stmt"/>
        <line num="97" count="1" type="cond" truecount="1" falsecount="1"/>
        <line num="98" count="1" type="stmt"/>
        <line num="100" count="1" type="stmt"/>
        <line num="113" count="1" type="stmt"/>
        <line num="115" count="1" type="stmt"/>
        <line num="119" count="36" type="stmt"/>
        <line num="120" count="0" type="stmt"/>
        <line num="121" count="0" type="stmt"/>
      </file>
      <file name="channelRepository.ts" path="/Users/avalithmacpro/Desktop/flow/backo-service/app/src/infraestructure/repository/channelRepository.ts">
        <metrics statements="11" coveredstatements="9" conditionals="0" coveredconditionals="0" methods="3" coveredmethods="2"/>
        <line num="1" count="35" type="stmt"/>
        <line num="2" count="35" type="stmt"/>
        <line num="5" count="35" type="stmt"/>
        <line num="9" count="35" type="stmt"/>
        <line num="12" count="1" type="stmt"/>
        <line num="17" count="1" type="stmt"/>
        <line num="18" count="1" type="stmt"/>
        <line num="21" count="1" type="stmt"/>
        <line num="24" count="35" type="stmt"/>
        <line num="25" count="0" type="stmt"/>
        <line num="26" count="0" type="stmt"/>
      </file>
      <file name="configTypeLimitRepository.ts" path="/Users/avalithmacpro/Desktop/flow/backo-service/app/src/infraestructure/repository/configTypeLimitRepository.ts">
        <metrics statements="13" coveredstatements="5" conditionals="2" coveredconditionals="0" methods="3" coveredmethods="0"/>
        <line num="2" count="35" type="stmt"/>
        <line num="3" count="35" type="stmt"/>
        <line num="7" count="35" type="stmt"/>
        <line num="10" count="35" type="stmt"/>
        <line num="14" count="0" type="stmt"/>
        <line num="16" count="0" type="cond" truecount="0" falsecount="2"/>
        <line num="17" count="0" type="stmt"/>
        <line num="19" count="0" type="stmt"/>
        <line num="24" count="0" type="stmt"/>
        <line num="30" count="0" type="stmt"/>
        <line num="35" count="35" type="stmt"/>
        <line num="36" count="0" type="stmt"/>
        <line num="37" count="0" type="stmt"/>
      </file>
      <file name="fintechClientsRepository.ts" path="/Users/avalithmacpro/Desktop/flow/backo-service/app/src/infraestructure/repository/fintechClientsRepository.ts">
        <metrics statements="17" coveredstatements="15" conditionals="2" coveredconditionals="1" methods="5" coveredmethods="4"/>
        <line num="2" count="36" type="stmt"/>
        <line num="3" count="36" type="stmt"/>
        <line num="5" count="36" type="stmt"/>
        <line num="7" count="36" type="stmt"/>
        <line num="10" count="36" type="stmt"/>
        <line num="12" count="1" type="stmt"/>
        <line num="17" count="1" type="stmt"/>
        <line num="18" count="2" type="stmt"/>
        <line num="20" count="1" type="stmt"/>
        <line num="24" count="1" type="stmt"/>
        <line num="29" count="1" type="cond" truecount="1" falsecount="1"/>
        <line num="33" count="1" type="stmt"/>
        <line num="35" count="1" type="stmt"/>
        <line num="37" count="1" type="stmt"/>
        <line num="42" count="36" type="stmt"/>
        <line num="43" count="0" type="stmt"/>
        <line num="44" count="0" type="stmt"/>
      </file>
      <file name="historyEventFailedRepository.ts" path="/Users/avalithmacpro/Desktop/flow/backo-service/app/src/infraestructure/repository/historyEventFailedRepository.ts">
        <metrics statements="7" coveredstatements="5" conditionals="0" coveredconditionals="0" methods="2" coveredmethods="1"/>
        <line num="1" count="35" type="stmt"/>
        <line num="2" count="35" type="stmt"/>
        <line num="7" count="35" type="stmt"/>
        <line num="10" count="1" type="stmt"/>
        <line num="14" count="35" type="stmt"/>
        <line num="15" count="0" type="stmt"/>
        <line num="16" count="0" type="stmt"/>
      </file>
      <file name="historyEventRepository.ts" path="/Users/avalithmacpro/Desktop/flow/backo-service/app/src/infraestructure/repository/historyEventRepository.ts">
        <metrics statements="38" coveredstatements="31" conditionals="6" coveredconditionals="1" methods="9" coveredmethods="7"/>
        <line num="1" count="35" type="stmt"/>
        <line num="2" count="35" type="stmt"/>
        <line num="3" count="35" type="stmt"/>
        <line num="7" count="35" type="stmt"/>
        <line num="9" count="35" type="stmt"/>
        <line num="12" count="35" type="stmt"/>
        <line num="14" count="1" type="stmt"/>
        <line num="19" count="1" type="stmt"/>
        <line num="20" count="1" type="stmt"/>
        <line num="23" count="1" type="stmt"/>
        <line num="27" count="1" type="stmt"/>
        <line num="60" count="1" type="cond" truecount="1" falsecount="1"/>
        <line num="61" count="1" type="stmt"/>
        <line num="63" count="1" type="stmt"/>
        <line num="65" count="1" type="stmt"/>
        <line num="66" count="1" type="stmt"/>
        <line num="68" count="1" type="stmt"/>
        <line num="79" count="1" type="stmt"/>
        <line num="81" count="1" type="stmt"/>
        <line num="96" count="1" type="stmt"/>
        <line num="100" count="1" type="stmt"/>
        <line num="105" count="1" type="stmt"/>
        <line num="106" count="1" type="stmt"/>
        <line num="107" count="1" type="stmt"/>
        <line num="108" count="1" type="stmt"/>
        <line num="110" count="1" type="stmt"/>
        <line num="114" count="2" type="stmt"/>
        <line num="116" count="2" type="stmt"/>
        <line num="131" count="2" type="stmt"/>
        <line num="133" count="2" type="stmt"/>
        <line num="137" count="0" type="stmt"/>
        <line num="148" count="0" type="cond" truecount="0" falsecount="4"/>
        <line num="149" count="0" type="stmt"/>
        <line num="152" count="0" type="stmt"/>
        <line num="154" count="0" type="stmt"/>
        <line num="158" count="35" type="stmt"/>
        <line num="159" count="0" type="stmt"/>
        <line num="160" count="0" type="stmt"/>
      </file>
      <file name="index.ts" path="/Users/avalithmacpro/Desktop/flow/backo-service/app/src/infraestructure/repository/index.ts">
        <metrics statements="32" coveredstatements="32" conditionals="0" coveredconditionals="0" methods="17" coveredmethods="11"/>
        <line num="1" count="35" type="stmt"/>
        <line num="2" count="35" type="stmt"/>
        <line num="3" count="35" type="stmt"/>
        <line num="4" count="35" type="stmt"/>
        <line num="5" count="35" type="stmt"/>
        <line num="6" count="35" type="stmt"/>
        <line num="7" count="35" type="stmt"/>
        <line num="8" count="35" type="stmt"/>
        <line num="9" count="35" type="stmt"/>
        <line num="10" count="35" type="stmt"/>
        <line num="11" count="35" type="stmt"/>
        <line num="12" count="35" type="stmt"/>
        <line num="13" count="35" type="stmt"/>
        <line num="14" count="35" type="stmt"/>
        <line num="15" count="35" type="stmt"/>
        <line num="18" count="39" type="stmt"/>
        <line num="19" count="36" type="stmt"/>
        <line num="20" count="35" type="stmt"/>
        <line num="21" count="35" type="stmt"/>
        <line num="22" count="35" type="stmt"/>
        <line num="23" count="36" type="stmt"/>
        <line num="24" count="36" type="stmt"/>
        <line num="25" count="39" type="stmt"/>
        <line num="26" count="36" type="stmt"/>
        <line num="27" count="36" type="stmt"/>
        <line num="28" count="35" type="stmt"/>
        <line num="29" count="43" type="stmt"/>
        <line num="30" count="38" type="stmt"/>
        <line num="31" count="40" type="stmt"/>
        <line num="32" count="35" type="stmt"/>
        <line num="33" count="35" type="stmt"/>
        <line num="34" count="37" type="stmt"/>
      </file>
      <file name="operationTypeRepository.ts" path="/Users/avalithmacpro/Desktop/flow/backo-service/app/src/infraestructure/repository/operationTypeRepository.ts">
        <metrics statements="11" coveredstatements="9" conditionals="0" coveredconditionals="0" methods="3" coveredmethods="2"/>
        <line num="1" count="36" type="stmt"/>
        <line num="2" count="36" type="stmt"/>
        <line num="5" count="36" type="stmt"/>
        <line num="9" count="36" type="stmt"/>
        <line num="11" count="1" type="stmt"/>
        <line num="16" count="1" type="stmt"/>
        <line num="17" count="2" type="stmt"/>
        <line num="20" count="1" type="stmt"/>
        <line num="23" count="36" type="stmt"/>
        <line num="24" count="0" type="stmt"/>
        <line num="25" count="0" type="stmt"/>
      </file>
      <file name="productOperationRepository.ts" path="/Users/avalithmacpro/Desktop/flow/backo-service/app/src/infraestructure/repository/productOperationRepository.ts">
        <metrics statements="10" coveredstatements="8" conditionals="0" coveredconditionals="0" methods="3" coveredmethods="2"/>
        <line num="1" count="36" type="stmt"/>
        <line num="2" count="36" type="stmt"/>
        <line num="4" count="36" type="stmt"/>
        <line num="9" count="36" type="stmt"/>
        <line num="11" count="1" type="stmt"/>
        <line num="15" count="2" type="stmt"/>
        <line num="16" count="1" type="stmt"/>
        <line num="20" count="36" type="stmt"/>
        <line num="21" count="0" type="stmt"/>
        <line num="22" count="0" type="stmt"/>
      </file>
      <file name="promotionRepository.ts" path="/Users/avalithmacpro/Desktop/flow/backo-service/app/src/infraestructure/repository/promotionRepository.ts">
        <metrics statements="51" coveredstatements="44" conditionals="20" coveredconditionals="17" methods="16" coveredmethods="14"/>
        <line num="1" count="36" type="stmt"/>
        <line num="2" count="36" type="stmt"/>
        <line num="5" count="36" type="stmt"/>
        <line num="7" count="36" type="stmt"/>
        <line num="10" count="36" type="stmt"/>
        <line num="15" count="1" type="stmt"/>
        <line num="22" count="1" type="cond" truecount="1" falsecount="1"/>
        <line num="23" count="0" type="stmt"/>
        <line num="25" count="1" type="stmt"/>
        <line num="26" count="1" type="stmt"/>
        <line num="27" count="1" type="stmt"/>
        <line num="31" count="1" type="stmt"/>
        <line num="35" count="6" type="stmt"/>
        <line num="64" count="6" type="stmt"/>
        <line num="66" count="6" type="cond" truecount="2" falsecount="0"/>
        <line num="67" count="5" type="stmt"/>
        <line num="72" count="6" type="cond" truecount="4" falsecount="0"/>
        <line num="73" count="1" type="stmt"/>
        <line num="75" count="5" type="cond" truecount="4" falsecount="0"/>
        <line num="76" count="5" type="cond" truecount="4" falsecount="0"/>
        <line num="78" count="6" type="cond" truecount="2" falsecount="0"/>
        <line num="80" count="6" type="stmt"/>
        <line num="82" count="6" type="stmt"/>
        <line num="83" count="6" type="stmt"/>
        <line num="84" count="6" type="stmt"/>
        <line num="88" count="6" type="stmt"/>
        <line num="92" count="1" type="stmt"/>
        <line num="120" count="1" type="stmt"/>
        <line num="124" count="1" type="stmt"/>
        <line num="146" count="1" type="stmt"/>
        <line num="148" count="1" type="stmt"/>
        <line num="152" count="1" type="stmt"/>
        <line num="158" count="1" type="stmt"/>
        <line num="176" count="1" type="stmt"/>
        <line num="180" count="1" type="stmt"/>
        <line num="184" count="2" type="stmt"/>
        <line num="192" count="2" type="stmt"/>
        <line num="196" count="0" type="stmt"/>
        <line num="198" count="0" type="stmt"/>
        <line num="210" count="0" type="stmt"/>
        <line num="212" count="0" type="cond" truecount="0" falsecount="2"/>
        <line num="216" count="2" type="stmt"/>
        <line num="218" count="2" type="stmt"/>
        <line num="227" count="2" type="stmt"/>
        <line num="231" count="1" type="stmt"/>
        <line num="237" count="1" type="stmt"/>
        <line num="239" count="1" type="stmt"/>
        <line num="243" count="1" type="stmt"/>
        <line num="254" count="36" type="stmt"/>
        <line num="255" count="0" type="stmt"/>
        <line num="256" count="0" type="stmt"/>
      </file>
      <file name="ruleConfigurationRepository.ts" path="/Users/avalithmacpro/Desktop/flow/backo-service/app/src/infraestructure/repository/ruleConfigurationRepository.ts">
        <metrics statements="34" coveredstatements="28" conditionals="62" coveredconditionals="45" methods="12" coveredmethods="9"/>
        <line num="1" count="38" type="stmt"/>
        <line num="2" count="38" type="stmt"/>
        <line num="3" count="38" type="stmt"/>
        <line num="10" count="38" type="stmt"/>
        <line num="13" count="1" type="stmt"/>
        <line num="22" count="1" type="stmt"/>
        <line num="49" count="1" type="stmt"/>
        <line num="54" count="3" type="stmt"/>
        <line num="56" count="3" type="stmt"/>
        <line num="58" count="3" type="cond" truecount="4" falsecount="0"/>
        <line num="59" count="1" type="stmt"/>
        <line num="61" count="2" type="stmt"/>
        <line num="62" count="2" type="cond" truecount="4" falsecount="0"/>
        <line num="63" count="1" type="stmt"/>
        <line num="67" count="2" type="cond" truecount="2" falsecount="0"/>
        <line num="69" count="1" type="stmt"/>
        <line num="73" count="1" type="stmt"/>
        <line num="94" count="1" type="stmt"/>
        <line num="95" count="1" type="cond" truecount="14" falsecount="6"/>
        <line num="103" count="1" type="stmt"/>
        <line num="105" count="1" type="stmt"/>
        <line num="110" count="0" type="stmt"/>
        <line num="112" count="0" type="stmt"/>
        <line num="130" count="1" type="stmt"/>
        <line num="132" count="1" type="stmt"/>
        <line num="136" count="1" type="stmt"/>
        <line num="141" count="1" type="stmt"/>
        <line num="145" count="1" type="stmt"/>
        <line num="150" count="1" type="stmt"/>
        <line num="154" count="0" type="stmt"/>
        <line num="161" count="0" type="stmt"/>
        <line num="165" count="38" type="stmt"/>
        <line num="166" count="0" type="stmt"/>
        <line num="167" count="0" type="stmt"/>
      </file>
      <file name="sectionActionRepository.ts" path="/Users/avalithmacpro/Desktop/flow/backo-service/app/src/infraestructure/repository/sectionActionRepository.ts">
        <metrics statements="10" coveredstatements="5" conditionals="0" coveredconditionals="0" methods="3" coveredmethods="0"/>
        <line num="1" count="35" type="stmt"/>
        <line num="5" count="35" type="stmt"/>
        <line num="6" count="35" type="stmt"/>
        <line num="9" count="35" type="stmt"/>
        <line num="11" count="0" type="stmt"/>
        <line num="17" count="0" type="stmt"/>
        <line num="19" count="0" type="stmt"/>
        <line num="22" count="35" type="stmt"/>
        <line num="23" count="0" type="stmt"/>
        <line num="24" count="0" type="stmt"/>
      </file>
      <file name="sectionBannerRepository.ts" path="/Users/avalithmacpro/Desktop/flow/backo-service/app/src/infraestructure/repository/sectionBannerRepository.ts">
        <metrics statements="23" coveredstatements="18" conditionals="2" coveredconditionals="2" methods="6" coveredmethods="4"/>
        <line num="1" count="36" type="stmt"/>
        <line num="2" count="36" type="stmt"/>
        <line num="4" count="36" type="stmt"/>
        <line num="7" count="36" type="stmt"/>
        <line num="8" count="36" type="stmt"/>
        <line num="11" count="36" type="stmt"/>
        <line num="13" count="1" type="stmt"/>
        <line num="22" count="1" type="stmt"/>
        <line num="24" count="1" type="stmt"/>
        <line num="28" count="0" type="stmt"/>
        <line num="30" count="0" type="stmt"/>
        <line num="32" count="0" type="stmt"/>
        <line num="38" count="1" type="stmt"/>
        <line num="45" count="1" type="stmt"/>
        <line num="56" count="1" type="stmt"/>
        <line num="60" count="2" type="stmt"/>
        <line num="68" count="2" type="cond" truecount="2" falsecount="0"/>
        <line num="69" count="1" type="stmt"/>
        <line num="72" count="2" type="stmt"/>
        <line num="74" count="2" type="stmt"/>
        <line num="78" count="36" type="stmt"/>
        <line num="79" count="0" type="stmt"/>
        <line num="80" count="0" type="stmt"/>
      </file>
      <file name="sectionChannelRepository.ts" path="/Users/avalithmacpro/Desktop/flow/backo-service/app/src/infraestructure/repository/sectionChannelRepository.ts">
        <metrics statements="11" coveredstatements="5" conditionals="0" coveredconditionals="0" methods="3" coveredmethods="0"/>
        <line num="1" count="35" type="stmt"/>
        <line num="5" count="35" type="stmt"/>
        <line num="6" count="35" type="stmt"/>
        <line num="9" count="35" type="stmt"/>
        <line num="11" count="0" type="stmt"/>
        <line num="18" count="0" type="stmt"/>
        <line num="19" count="0" type="stmt"/>
        <line num="22" count="0" type="stmt"/>
        <line num="25" count="35" type="stmt"/>
        <line num="26" count="0" type="stmt"/>
        <line num="27" count="0" type="stmt"/>
      </file>
      <file name="sectionRepository.ts" path="/Users/avalithmacpro/Desktop/flow/backo-service/app/src/infraestructure/repository/sectionRepository.ts">
        <metrics statements="11" coveredstatements="9" conditionals="0" coveredconditionals="0" methods="3" coveredmethods="2"/>
        <line num="1" count="36" type="stmt"/>
        <line num="2" count="36" type="stmt"/>
        <line num="5" count="36" type="stmt"/>
        <line num="9" count="36" type="stmt"/>
        <line num="11" count="2" type="stmt"/>
        <line num="16" count="2" type="stmt"/>
        <line num="17" count="1" type="stmt"/>
        <line num="20" count="2" type="stmt"/>
        <line num="23" count="36" type="stmt"/>
        <line num="24" count="0" type="stmt"/>
        <line num="25" count="0" type="stmt"/>
      </file>
      <file name="settingCodeRepository.ts" path="/Users/avalithmacpro/Desktop/flow/backo-service/app/src/infraestructure/repository/settingCodeRepository.ts">
        <metrics statements="11" coveredstatements="9" conditionals="0" coveredconditionals="0" methods="6" coveredmethods="5"/>
        <line num="1" count="35" type="stmt"/>
        <line num="4" count="35" type="stmt"/>
        <line num="7" count="35" type="stmt"/>
        <line num="10" count="2" type="stmt"/>
        <line num="16" count="1" type="stmt"/>
        <line num="20" count="1" type="stmt"/>
        <line num="28" count="1" type="stmt"/>
        <line num="36" count="2" type="stmt"/>
        <line num="43" count="35" type="stmt"/>
        <line num="44" count="0" type="stmt"/>
        <line num="45" count="0" type="stmt"/>
      </file>
      <file name="storeRepository.ts" path="/Users/avalithmacpro/Desktop/flow/backo-service/app/src/infraestructure/repository/storeRepository.ts">
        <metrics statements="14" coveredstatements="12" conditionals="2" coveredconditionals="2" methods="3" coveredmethods="2"/>
        <line num="2" count="36" type="stmt"/>
        <line num="3" count="36" type="stmt"/>
        <line num="5" count="36" type="stmt"/>
        <line num="9" count="36" type="stmt"/>
        <line num="11" count="2" type="stmt"/>
        <line num="16" count="2" type="cond" truecount="2" falsecount="0"/>
        <line num="17" count="1" type="stmt"/>
        <line num="19" count="2" type="stmt"/>
        <line num="21" count="2" type="stmt"/>
        <line num="22" count="2" type="stmt"/>
        <line num="25" count="2" type="stmt"/>
        <line num="29" count="36" type="stmt"/>
        <line num="30" count="0" type="stmt"/>
        <line num="31" count="0" type="stmt"/>
      </file>
      <file name="typeLimitRepository.ts" path="/Users/avalithmacpro/Desktop/flow/backo-service/app/src/infraestructure/repository/typeLimitRepository.ts">
        <metrics statements="38" coveredstatements="36" conditionals="8" coveredconditionals="6" methods="6" coveredmethods="5"/>
        <line num="2" count="35" type="stmt"/>
        <line num="3" count="35" type="stmt"/>
        <line num="5" count="35" type="stmt"/>
        <line num="6" count="35" type="stmt"/>
        <line num="8" count="35" type="stmt"/>
        <line num="10" count="35" type="stmt"/>
        <line num="11" count="35" type="stmt"/>
        <line num="14" count="35" type="stmt"/>
        <line num="17" count="1" type="stmt"/>
        <line num="22" count="1" type="stmt"/>
        <line num="23" count="2" type="stmt"/>
        <line num="26" count="1" type="stmt"/>
        <line num="31" count="1" type="stmt"/>
        <line num="33" count="1" type="stmt"/>
        <line num="39" count="1" type="stmt"/>
        <line num="43" count="3" type="stmt"/>
        <line num="44" count="3" type="stmt"/>
        <line num="45" count="3" type="cond" truecount="2" falsecount="0"/>
        <line num="46" count="1" type="stmt"/>
        <line num="47" count="1" type="stmt"/>
        <line num="48" count="1" type="stmt"/>
        <line num="50" count="2" type="stmt"/>
        <line num="58" count="2" type="cond" truecount="2" falsecount="0"/>
        <line num="59" count="1" type="stmt"/>
        <line num="60" count="1" type="stmt"/>
        <line num="61" count="1" type="stmt"/>
        <line num="64" count="1" type="stmt"/>
        <line num="65" count="1" type="stmt"/>
        <line num="66" count="1" type="stmt"/>
        <line num="74" count="1" type="stmt"/>
        <line num="81" count="1" type="cond" truecount="1" falsecount="1"/>
        <line num="82" count="1" type="cond" truecount="1" falsecount="1"/>
        <line num="84" count="1" type="stmt"/>
        <line num="86" count="1" type="stmt"/>
        <line num="92" count="1" type="stmt"/>
        <line num="96" count="35" type="stmt"/>
        <line num="97" count="0" type="stmt"/>
        <line num="98" count="0" type="stmt"/>
      </file>
      <file name="typePromotionRepository.ts" path="/Users/avalithmacpro/Desktop/flow/backo-service/app/src/infraestructure/repository/typePromotionRepository.ts">
        <metrics statements="11" coveredstatements="9" conditionals="0" coveredconditionals="0" methods="3" coveredmethods="2"/>
        <line num="1" count="35" type="stmt"/>
        <line num="2" count="35" type="stmt"/>
        <line num="5" count="35" type="stmt"/>
        <line num="9" count="35" type="stmt"/>
        <line num="11" count="1" type="stmt"/>
        <line num="15" count="1" type="stmt"/>
        <line num="16" count="1" type="stmt"/>
        <line num="19" count="1" type="stmt"/>
        <line num="23" count="35" type="stmt"/>
        <line num="24" count="0" type="stmt"/>
        <line num="25" count="0" type="stmt"/>
      </file>
      <file name="userConditionRepository.ts" path="/Users/avalithmacpro/Desktop/flow/backo-service/app/src/infraestructure/repository/userConditionRepository.ts">
        <metrics statements="38" coveredstatements="36" conditionals="8" coveredconditionals="6" methods="6" coveredmethods="5"/>
        <line num="1" count="36" type="stmt"/>
        <line num="2" count="36" type="stmt"/>
        <line num="5" count="36" type="stmt"/>
        <line num="7" count="36" type="stmt"/>
        <line num="8" count="36" type="stmt"/>
        <line num="9" count="36" type="stmt"/>
        <line num="10" count="36" type="stmt"/>
        <line num="13" count="36" type="stmt"/>
        <line num="15" count="1" type="stmt"/>
        <line num="20" count="1" type="stmt"/>
        <line num="21" count="2" type="stmt"/>
        <line num="24" count="1" type="stmt"/>
        <line num="29" count="1" type="stmt"/>
        <line num="31" count="1" type="stmt"/>
        <line num="37" count="1" type="stmt"/>
        <line num="41" count="3" type="stmt"/>
        <line num="42" count="3" type="stmt"/>
        <line num="44" count="3" type="cond" truecount="2" falsecount="0"/>
        <line num="45" count="1" type="stmt"/>
        <line num="46" count="1" type="stmt"/>
        <line num="47" count="1" type="stmt"/>
        <line num="50" count="2" type="stmt"/>
        <line num="57" count="2" type="cond" truecount="2" falsecount="0"/>
        <line num="58" count="1" type="stmt"/>
        <line num="60" count="1" type="stmt"/>
        <line num="62" count="1" type="stmt"/>
        <line num="65" count="1" type="stmt"/>
        <line num="66" count="1" type="stmt"/>
        <line num="67" count="1" type="stmt"/>
        <line num="74" count="1" type="stmt"/>
        <line num="81" count="1" type="cond" truecount="1" falsecount="1"/>
        <line num="82" count="1" type="cond" truecount="1" falsecount="1"/>
        <line num="84" count="1" type="stmt"/>
        <line num="86" count="1" type="stmt"/>
        <line num="91" count="1" type="stmt"/>
        <line num="96" count="36" type="stmt"/>
        <line num="97" count="0" type="stmt"/>
        <line num="98" count="0" type="stmt"/>
      </file>
    </package>
    <package name="src.infraestructure.schemas">
      <metrics statements="112" coveredstatements="112" conditionals="0" coveredconditionals="0" methods="22" coveredmethods="19"/>
      <file name="audit.ts" path="/Users/avalithmacpro/Desktop/flow/backo-service/app/src/infraestructure/schemas/audit.ts">
        <metrics statements="2" coveredstatements="2" conditionals="0" coveredconditionals="0" methods="0" coveredmethods="0"/>
        <line num="3" count="53" type="stmt"/>
        <line num="28" count="53" type="stmt"/>
      </file>
      <file name="bannerEntity.ts" path="/Users/avalithmacpro/Desktop/flow/backo-service/app/src/infraestructure/schemas/bannerEntity.ts">
        <metrics statements="3" coveredstatements="3" conditionals="0" coveredconditionals="0" methods="0" coveredmethods="0"/>
        <line num="1" count="53" type="stmt"/>
        <line num="3" count="53" type="stmt"/>
        <line num="5" count="53" type="stmt"/>
      </file>
      <file name="campaignEntity.ts" path="/Users/avalithmacpro/Desktop/flow/backo-service/app/src/infraestructure/schemas/campaignEntity.ts">
        <metrics statements="3" coveredstatements="3" conditionals="0" coveredconditionals="0" methods="0" coveredmethods="0"/>
        <line num="1" count="53" type="stmt"/>
        <line num="3" count="53" type="stmt"/>
        <line num="5" count="53" type="stmt"/>
      </file>
      <file name="channelEntity.ts" path="/Users/avalithmacpro/Desktop/flow/backo-service/app/src/infraestructure/schemas/channelEntity.ts">
        <metrics statements="3" coveredstatements="3" conditionals="0" coveredconditionals="0" methods="0" coveredmethods="0"/>
        <line num="1" count="53" type="stmt"/>
        <line num="3" count="53" type="stmt"/>
        <line num="5" count="53" type="stmt"/>
      </file>
      <file name="channelPromotionEntity.ts" path="/Users/avalithmacpro/Desktop/flow/backo-service/app/src/infraestructure/schemas/channelPromotionEntity.ts">
        <metrics statements="3" coveredstatements="3" conditionals="0" coveredconditionals="0" methods="0" coveredmethods="0"/>
        <line num="1" count="53" type="stmt"/>
        <line num="3" count="53" type="stmt"/>
        <line num="5" count="53" type="stmt"/>
      </file>
      <file name="configTypeLimitEntity.ts" path="/Users/avalithmacpro/Desktop/flow/backo-service/app/src/infraestructure/schemas/configTypeLimitEntity.ts">
        <metrics statements="3" coveredstatements="3" conditionals="0" coveredconditionals="0" methods="0" coveredmethods="0"/>
        <line num="1" count="53" type="stmt"/>
        <line num="3" count="53" type="stmt"/>
        <line num="5" count="53" type="stmt"/>
      </file>
      <file name="configurarionStoreEntity.ts" path="/Users/avalithmacpro/Desktop/flow/backo-service/app/src/infraestructure/schemas/configurarionStoreEntity.ts">
        <metrics statements="3" coveredstatements="3" conditionals="0" coveredconditionals="0" methods="0" coveredmethods="0"/>
        <line num="1" count="53" type="stmt"/>
        <line num="3" count="53" type="stmt"/>
        <line num="5" count="53" type="stmt"/>
      </file>
      <file name="fintechClientsEntity.ts" path="/Users/avalithmacpro/Desktop/flow/backo-service/app/src/infraestructure/schemas/fintechClientsEntity.ts">
        <metrics statements="3" coveredstatements="3" conditionals="0" coveredconditionals="0" methods="0" coveredmethods="0"/>
        <line num="1" count="53" type="stmt"/>
        <line num="3" count="53" type="stmt"/>
        <line num="5" count="53" type="stmt"/>
      </file>
      <file name="historyEventEntity.ts" path="/Users/avalithmacpro/Desktop/flow/backo-service/app/src/infraestructure/schemas/historyEventEntity.ts">
        <metrics statements="3" coveredstatements="3" conditionals="0" coveredconditionals="0" methods="0" coveredmethods="0"/>
        <line num="1" count="53" type="stmt"/>
        <line num="3" count="53" type="stmt"/>
        <line num="5" count="53" type="stmt"/>
      </file>
      <file name="historyEventFailedEntity.ts" path="/Users/avalithmacpro/Desktop/flow/backo-service/app/src/infraestructure/schemas/historyEventFailedEntity.ts">
        <metrics statements="4" coveredstatements="4" conditionals="0" coveredconditionals="0" methods="0" coveredmethods="0"/>
        <line num="1" count="53" type="stmt"/>
        <line num="2" count="53" type="stmt"/>
        <line num="4" count="53" type="stmt"/>
        <line num="6" count="53" type="stmt"/>
      </file>
      <file name="index.ts" path="/Users/avalithmacpro/Desktop/flow/backo-service/app/src/infraestructure/schemas/index.ts">
        <metrics statements="44" coveredstatements="44" conditionals="0" coveredconditionals="0" methods="22" coveredmethods="19"/>
        <line num="1" count="53" type="stmt"/>
        <line num="2" count="53" type="stmt"/>
        <line num="3" count="53" type="stmt"/>
        <line num="4" count="53" type="stmt"/>
        <line num="5" count="53" type="stmt"/>
        <line num="6" count="53" type="stmt"/>
        <line num="7" count="53" type="stmt"/>
        <line num="8" count="53" type="stmt"/>
        <line num="9" count="53" type="stmt"/>
        <line num="10" count="53" type="stmt"/>
        <line num="11" count="53" type="stmt"/>
        <line num="12" count="53" type="stmt"/>
        <line num="13" count="53" type="stmt"/>
        <line num="14" count="53" type="stmt"/>
        <line num="15" count="53" type="stmt"/>
        <line num="16" count="53" type="stmt"/>
        <line num="17" count="53" type="stmt"/>
        <line num="18" count="53" type="stmt"/>
        <line num="19" count="53" type="stmt"/>
        <line num="20" count="53" type="stmt"/>
        <line num="21" count="53" type="stmt"/>
        <line num="22" count="53" type="stmt"/>
        <line num="25" count="89" type="stmt"/>
        <line num="26" count="88" type="stmt"/>
        <line num="27" count="88" type="stmt"/>
        <line num="28" count="89" type="stmt"/>
        <line num="29" count="89" type="stmt"/>
        <line num="30" count="89" type="stmt"/>
        <line num="31" count="91" type="stmt"/>
        <line num="32" count="89" type="stmt"/>
        <line num="33" count="88" type="stmt"/>
        <line num="34" count="89" type="stmt"/>
        <line num="35" count="88" type="stmt"/>
        <line num="36" count="89" type="stmt"/>
        <line num="37" count="89" type="stmt"/>
        <line num="38" count="53" type="stmt"/>
        <line num="39" count="88" type="stmt"/>
        <line num="40" count="88" type="stmt"/>
        <line num="41" count="89" type="stmt"/>
        <line num="42" count="88" type="stmt"/>
        <line num="43" count="89" type="stmt"/>
        <line num="44" count="89" type="stmt"/>
        <line num="45" count="53" type="stmt"/>
        <line num="46" count="53" type="stmt"/>
      </file>
      <file name="operationTypeEntity.ts" path="/Users/avalithmacpro/Desktop/flow/backo-service/app/src/infraestructure/schemas/operationTypeEntity.ts">
        <metrics statements="3" coveredstatements="3" conditionals="0" coveredconditionals="0" methods="0" coveredmethods="0"/>
        <line num="1" count="53" type="stmt"/>
        <line num="3" count="53" type="stmt"/>
        <line num="5" count="53" type="stmt"/>
      </file>
      <file name="productOperationEntity.ts" path="/Users/avalithmacpro/Desktop/flow/backo-service/app/src/infraestructure/schemas/productOperationEntity.ts">
        <metrics statements="3" coveredstatements="3" conditionals="0" coveredconditionals="0" methods="0" coveredmethods="0"/>
        <line num="1" count="53" type="stmt"/>
        <line num="3" count="53" type="stmt"/>
        <line num="5" count="53" type="stmt"/>
      </file>
      <file name="promotionEntity.ts" path="/Users/avalithmacpro/Desktop/flow/backo-service/app/src/infraestructure/schemas/promotionEntity.ts">
        <metrics statements="3" coveredstatements="3" conditionals="0" coveredconditionals="0" methods="0" coveredmethods="0"/>
        <line num="1" count="53" type="stmt"/>
        <line num="3" count="53" type="stmt"/>
        <line num="5" count="53" type="stmt"/>
      </file>
      <file name="ruleConfigurationEntity.ts" path="/Users/avalithmacpro/Desktop/flow/backo-service/app/src/infraestructure/schemas/ruleConfigurationEntity.ts">
        <metrics statements="3" coveredstatements="3" conditionals="0" coveredconditionals="0" methods="0" coveredmethods="0"/>
        <line num="1" count="53" type="stmt"/>
        <line num="3" count="53" type="stmt"/>
        <line num="5" count="53" type="stmt"/>
      </file>
      <file name="sectionActionEntity.ts" path="/Users/avalithmacpro/Desktop/flow/backo-service/app/src/infraestructure/schemas/sectionActionEntity.ts">
        <metrics statements="3" coveredstatements="3" conditionals="0" coveredconditionals="0" methods="0" coveredmethods="0"/>
        <line num="1" count="53" type="stmt"/>
        <line num="3" count="53" type="stmt"/>
        <line num="5" count="53" type="stmt"/>
      </file>
      <file name="sectionBannerEntity.ts" path="/Users/avalithmacpro/Desktop/flow/backo-service/app/src/infraestructure/schemas/sectionBannerEntity.ts">
        <metrics statements="3" coveredstatements="3" conditionals="0" coveredconditionals="0" methods="0" coveredmethods="0"/>
        <line num="1" count="53" type="stmt"/>
        <line num="3" count="53" type="stmt"/>
        <line num="5" count="53" type="stmt"/>
      </file>
      <file name="sectionChannelEntity.ts" path="/Users/avalithmacpro/Desktop/flow/backo-service/app/src/infraestructure/schemas/sectionChannelEntity.ts">
        <metrics statements="3" coveredstatements="3" conditionals="0" coveredconditionals="0" methods="0" coveredmethods="0"/>
        <line num="1" count="53" type="stmt"/>
        <line num="3" count="53" type="stmt"/>
        <line num="5" count="53" type="stmt"/>
      </file>
      <file name="sectionEntity.ts" path="/Users/avalithmacpro/Desktop/flow/backo-service/app/src/infraestructure/schemas/sectionEntity.ts">
        <metrics statements="2" coveredstatements="2" conditionals="0" coveredconditionals="0" methods="0" coveredmethods="0"/>
        <line num="1" count="53" type="stmt"/>
        <line num="4" count="53" type="stmt"/>
      </file>
      <file name="settingCodeEntity.ts" path="/Users/avalithmacpro/Desktop/flow/backo-service/app/src/infraestructure/schemas/settingCodeEntity.ts">
        <metrics statements="3" coveredstatements="3" conditionals="0" coveredconditionals="0" methods="0" coveredmethods="0"/>
        <line num="1" count="53" type="stmt"/>
        <line num="3" count="53" type="stmt"/>
        <line num="5" count="53" type="stmt"/>
      </file>
      <file name="storeEntity.ts" path="/Users/avalithmacpro/Desktop/flow/backo-service/app/src/infraestructure/schemas/storeEntity.ts">
        <metrics statements="3" coveredstatements="3" conditionals="0" coveredconditionals="0" methods="0" coveredmethods="0"/>
        <line num="1" count="53" type="stmt"/>
        <line num="3" count="53" type="stmt"/>
        <line num="5" count="53" type="stmt"/>
      </file>
      <file name="typeLimitEntity.ts" path="/Users/avalithmacpro/Desktop/flow/backo-service/app/src/infraestructure/schemas/typeLimitEntity.ts">
        <metrics statements="3" coveredstatements="3" conditionals="0" coveredconditionals="0" methods="0" coveredmethods="0"/>
        <line num="1" count="53" type="stmt"/>
        <line num="3" count="53" type="stmt"/>
        <line num="5" count="53" type="stmt"/>
      </file>
      <file name="typePromotionEntity.ts" path="/Users/avalithmacpro/Desktop/flow/backo-service/app/src/infraestructure/schemas/typePromotionEntity.ts">
        <metrics statements="3" coveredstatements="3" conditionals="0" coveredconditionals="0" methods="0" coveredmethods="0"/>
        <line num="1" count="53" type="stmt"/>
        <line num="3" count="53" type="stmt"/>
        <line num="5" count="53" type="stmt"/>
      </file>
      <file name="userConditionEntity.ts" path="/Users/avalithmacpro/Desktop/flow/backo-service/app/src/infraestructure/schemas/userConditionEntity.ts">
        <metrics statements="3" coveredstatements="3" conditionals="0" coveredconditionals="0" methods="0" coveredmethods="0"/>
        <line num="1" count="53" type="stmt"/>
        <line num="3" count="53" type="stmt"/>
        <line num="5" count="53" type="stmt"/>
      </file>
    </package>
    <package name="src.lib.BHUB">
      <metrics statements="61" coveredstatements="17" conditionals="22" coveredconditionals="0" methods="13" coveredmethods="0"/>
      <file name="bhubService.ts" path="/Users/avalithmacpro/Desktop/flow/backo-service/app/src/lib/BHUB/bhubService.ts">
        <metrics statements="43" coveredstatements="11" conditionals="8" coveredconditionals="0" methods="8" coveredmethods="0"/>
        <line num="1" count="34" type="stmt"/>
        <line num="2" count="34" type="stmt"/>
        <line num="4" count="34" type="stmt"/>
        <line num="5" count="34" type="stmt"/>
        <line num="7" count="34" type="stmt"/>
        <line num="14" count="34" type="stmt"/>
        <line num="16" count="34" type="stmt"/>
        <line num="17" count="0" type="stmt"/>
        <line num="18" count="0" type="stmt"/>
        <line num="21" count="0" type="stmt"/>
        <line num="31" count="0" type="cond" truecount="0" falsecount="2"/>
        <line num="32" count="0" type="stmt"/>
        <line num="36" count="0" type="stmt"/>
        <line num="38" count="0" type="stmt"/>
        <line num="45" count="0" type="stmt"/>
        <line num="49" count="34" type="stmt"/>
        <line num="50" count="0" type="stmt"/>
        <line num="51" count="0" type="stmt"/>
        <line num="54" count="0" type="stmt"/>
        <line num="62" count="0" type="cond" truecount="0" falsecount="2"/>
        <line num="63" count="0" type="stmt"/>
        <line num="67" count="0" type="stmt"/>
        <line num="69" count="0" type="stmt"/>
        <line num="76" count="0" type="stmt"/>
        <line num="80" count="34" type="stmt"/>
        <line num="81" count="0" type="stmt"/>
        <line num="82" count="0" type="stmt"/>
        <line num="85" count="0" type="stmt"/>
        <line num="92" count="0" type="cond" truecount="0" falsecount="2"/>
        <line num="93" count="0" type="stmt"/>
        <line num="97" count="0" type="stmt"/>
        <line num="99" count="0" type="stmt"/>
        <line num="106" count="0" type="stmt"/>
        <line num="110" count="34" type="stmt"/>
        <line num="111" count="0" type="stmt"/>
        <line num="112" count="0" type="stmt"/>
        <line num="115" count="0" type="stmt"/>
        <line num="120" count="0" type="cond" truecount="0" falsecount="2"/>
        <line num="121" count="0" type="stmt"/>
        <line num="125" count="0" type="stmt"/>
        <line num="127" count="0" type="stmt"/>
        <line num="134" count="0" type="stmt"/>
        <line num="138" count="34" type="stmt"/>
      </file>
      <file name="utils.ts" path="/Users/avalithmacpro/Desktop/flow/backo-service/app/src/lib/BHUB/utils.ts">
        <metrics statements="18" coveredstatements="6" conditionals="14" coveredconditionals="0" methods="5" coveredmethods="0"/>
        <line num="1" count="34" type="stmt"/>
        <line num="2" count="34" type="stmt"/>
        <line num="3" count="34" type="stmt"/>
        <line num="5" count="34" type="stmt"/>
        <line num="7" count="34" type="stmt"/>
        <line num="8" count="0" type="cond" truecount="0" falsecount="2"/>
        <line num="10" count="0" type="cond" truecount="0" falsecount="2"/>
        <line num="12" count="0" type="cond" truecount="0" falsecount="4"/>
        <line num="13" count="0" type="stmt"/>
        <line num="15" count="0" type="stmt"/>
        <line num="16" count="0" type="stmt"/>
        <line num="17" count="0" type="stmt"/>
        <line num="21" count="34" type="stmt"/>
        <line num="22" count="0" type="stmt"/>
        <line num="24" count="0" type="cond" truecount="0" falsecount="2"/>
        <line num="25" count="0" type="stmt"/>
        <line num="28" count="0" type="stmt"/>
        <line num="30" count="0" type="cond" truecount="0" falsecount="4"/>
      </file>
    </package>
    <package name="src.lib.client">
      <metrics statements="8" coveredstatements="8" conditionals="0" coveredconditionals="0" methods="2" coveredmethods="2"/>
      <file name="clientService.ts" path="/Users/avalithmacpro/Desktop/flow/backo-service/app/src/lib/client/clientService.ts">
        <metrics statements="8" coveredstatements="8" conditionals="0" coveredconditionals="0" methods="2" coveredmethods="2"/>
        <line num="2" count="36" type="stmt"/>
        <line num="3" count="36" type="stmt"/>
        <line num="4" count="36" type="stmt"/>
        <line num="6" count="36" type="stmt"/>
        <line num="7" count="2" type="stmt"/>
        <line num="8" count="2" type="stmt"/>
        <line num="9" count="1" type="stmt"/>
        <line num="11" count="1" type="stmt"/>
      </file>
    </package>
    <package name="src.lib.clubPersonal">
      <metrics statements="18" coveredstatements="17" conditionals="4" coveredconditionals="2" methods="2" coveredmethods="2"/>
      <file name="clubPersonalIntegration.ts" path="/Users/avalithmacpro/Desktop/flow/backo-service/app/src/lib/clubPersonal/clubPersonalIntegration.ts">
        <metrics statements="18" coveredstatements="17" conditionals="4" coveredconditionals="2" methods="2" coveredmethods="2"/>
        <line num="1" count="35" type="stmt"/>
        <line num="2" count="35" type="stmt"/>
        <line num="4" count="35" type="stmt"/>
        <line num="8" count="35" type="stmt"/>
        <line num="9" count="35" type="stmt"/>
        <line num="12" count="35" type="stmt"/>
        <line num="13" count="35" type="stmt"/>
        <line num="19" count="35" type="stmt"/>
        <line num="20" count="3" type="stmt"/>
        <line num="21" count="3" type="stmt"/>
        <line num="22" count="3" type="cond" truecount="1" falsecount="1"/>
        <line num="23" count="3" type="stmt"/>
        <line num="26" count="3" type="stmt"/>
        <line num="31" count="1" type="cond" truecount="1" falsecount="1"/>
        <line num="32" count="1" type="stmt"/>
        <line num="39" count="0" type="stmt"/>
        <line num="44" count="2" type="stmt"/>
        <line num="55" count="35" type="stmt"/>
      </file>
    </package>
    <package name="src.lib.common">
      <metrics statements="12" coveredstatements="12" conditionals="0" coveredconditionals="0" methods="0" coveredmethods="0"/>
      <file name="axiosInstance.ts" path="/Users/avalithmacpro/Desktop/flow/backo-service/app/src/lib/common/axiosInstance.ts">
        <metrics statements="12" coveredstatements="12" conditionals="0" coveredconditionals="0" methods="0" coveredmethods="0"/>
        <line num="1" count="37" type="stmt"/>
        <line num="3" count="37" type="stmt"/>
        <line num="5" count="37" type="stmt"/>
        <line num="10" count="37" type="stmt"/>
        <line num="15" count="37" type="stmt"/>
        <line num="23" count="37" type="stmt"/>
        <line num="28" count="37" type="stmt"/>
        <line num="35" count="37" type="stmt"/>
        <line num="36" count="37" type="stmt"/>
        <line num="37" count="37" type="stmt"/>
        <line num="38" count="37" type="stmt"/>
        <line num="39" count="37" type="stmt"/>
      </file>
    </package>
    <package name="src.lib.tuID">
      <metrics statements="23" coveredstatements="23" conditionals="4" coveredconditionals="2" methods="4" coveredmethods="4"/>
      <file name="users.ts" path="/Users/avalithmacpro/Desktop/flow/backo-service/app/src/lib/tuID/users.ts">
        <metrics statements="23" coveredstatements="23" conditionals="4" coveredconditionals="2" methods="4" coveredmethods="4"/>
        <line num="1" count="35" type="stmt"/>
        <line num="2" count="35" type="stmt"/>
        <line num="4" count="35" type="stmt"/>
        <line num="5" count="35" type="stmt"/>
        <line num="7" count="35" type="stmt"/>
        <line num="9" count="35" type="stmt"/>
        <line num="10" count="2" type="stmt"/>
        <line num="13" count="2" type="stmt"/>
        <line num="20" count="1" type="cond" truecount="1" falsecount="1"/>
        <line num="21" count="1" type="stmt"/>
        <line num="25" count="1" type="stmt"/>
        <line num="28" count="35" type="stmt"/>
        <line num="29" count="2" type="stmt"/>
        <line num="30" count="2" type="stmt"/>
        <line num="31" count="1" type="stmt"/>
        <line num="34" count="1" type="stmt"/>
        <line num="42" count="1" type="cond" truecount="1" falsecount="1"/>
        <line num="43" count="1" type="stmt"/>
        <line num="47" count="1" type="stmt"/>
        <line num="48" count="1" type="stmt"/>
        <line num="50" count="1" type="stmt"/>
        <line num="54" count="1" type="stmt"/>
        <line num="58" count="35" type="stmt"/>
      </file>
    </package>
    <package name="src.mapper">
      <metrics statements="13" coveredstatements="13" conditionals="0" coveredconditionals="0" methods="12" coveredmethods="11"/>
      <file name="index.ts" path="/Users/avalithmacpro/Desktop/flow/backo-service/app/src/mapper/index.ts">
        <metrics statements="13" coveredstatements="13" conditionals="0" coveredconditionals="0" methods="12" coveredmethods="11"/>
        <line num="1" count="46" type="stmt"/>
        <line num="17" count="47" type="stmt"/>
        <line num="18" count="47" type="stmt"/>
        <line num="19" count="47" type="stmt"/>
        <line num="20" count="55" type="stmt"/>
        <line num="21" count="47" type="stmt"/>
        <line num="22" count="48" type="stmt"/>
        <line num="23" count="48" type="stmt"/>
        <line num="24" count="48" type="stmt"/>
        <line num="25" count="48" type="stmt"/>
        <line num="26" count="48" type="stmt"/>
        <line num="27" count="46" type="stmt"/>
        <line num="28" count="50" type="stmt"/>
      </file>
    </package>
    <package name="src.mapper.dtoToEntity">
      <metrics statements="63" coveredstatements="45" conditionals="18" coveredconditionals="6" methods="29" coveredmethods="9"/>
      <file name="banner.ts" path="/Users/avalithmacpro/Desktop/flow/backo-service/app/src/mapper/dtoToEntity/banner.ts">
        <metrics statements="3" coveredstatements="2" conditionals="0" coveredconditionals="0" methods="1" coveredmethods="0"/>
        <line num="1" count="34" type="stmt"/>
        <line num="5" count="34" type="stmt"/>
        <line num="6" count="0" type="stmt"/>
      </file>
      <file name="configTypeLimit.ts" path="/Users/avalithmacpro/Desktop/flow/backo-service/app/src/mapper/dtoToEntity/configTypeLimit.ts">
        <metrics statements="7" coveredstatements="4" conditionals="2" coveredconditionals="0" methods="4" coveredmethods="1"/>
        <line num="2" count="36" type="stmt"/>
        <line num="5" count="36" type="stmt"/>
        <line num="6" count="0" type="stmt"/>
        <line num="7" count="0" type="stmt"/>
        <line num="17" count="0" type="stmt"/>
        <line num="20" count="36" type="stmt"/>
        <line num="21" count="2" type="stmt"/>
      </file>
      <file name="configurationStore.ts" path="/Users/avalithmacpro/Desktop/flow/backo-service/app/src/mapper/dtoToEntity/configurationStore.ts">
        <metrics statements="15" coveredstatements="6" conditionals="12" coveredconditionals="3" methods="6" coveredmethods="1"/>
        <line num="1" count="36" type="stmt"/>
        <line num="4" count="36" type="stmt"/>
        <line num="5" count="1" type="cond" truecount="3" falsecount="1"/>
        <line num="6" count="0" type="cond" truecount="0" falsecount="2"/>
        <line num="7" count="0" type="stmt"/>
        <line num="13" count="0" type="stmt"/>
        <line num="20" count="36" type="stmt"/>
        <line num="21" count="0" type="cond" truecount="0" falsecount="2"/>
        <line num="22" count="0" type="stmt"/>
        <line num="28" count="0" type="stmt"/>
        <line num="35" count="36" type="stmt"/>
        <line num="36" count="0" type="cond" truecount="0" falsecount="4"/>
        <line num="37" count="0" type="stmt"/>
        <line num="45" count="36" type="stmt"/>
        <line num="46" count="0" type="stmt"/>
      </file>
      <file name="historyEventFailed.ts" path="/Users/avalithmacpro/Desktop/flow/backo-service/app/src/mapper/dtoToEntity/historyEventFailed.ts">
        <metrics statements="3" coveredstatements="3" conditionals="0" coveredconditionals="0" methods="1" coveredmethods="1"/>
        <line num="3" count="35" type="stmt"/>
        <line num="5" count="35" type="stmt"/>
        <line num="6" count="2" type="stmt"/>
      </file>
      <file name="index.ts" path="/Users/avalithmacpro/Desktop/flow/backo-service/app/src/mapper/dtoToEntity/index.ts">
        <metrics statements="13" coveredstatements="13" conditionals="0" coveredconditionals="0" methods="9" coveredmethods="2"/>
        <line num="1" count="36" type="stmt"/>
        <line num="2" count="36" type="stmt"/>
        <line num="3" count="36" type="stmt"/>
        <line num="4" count="36" type="stmt"/>
        <line num="7" count="36" type="stmt"/>
        <line num="8" count="36" type="stmt"/>
        <line num="9" count="37" type="stmt"/>
        <line num="10" count="36" type="stmt"/>
        <line num="11" count="38" type="stmt"/>
        <line num="12" count="36" type="stmt"/>
        <line num="13" count="36" type="stmt"/>
        <line num="14" count="36" type="stmt"/>
        <line num="15" count="36" type="stmt"/>
      </file>
      <file name="ruleConfiguration.ts" path="/Users/avalithmacpro/Desktop/flow/backo-service/app/src/mapper/dtoToEntity/ruleConfiguration.ts">
        <metrics statements="12" coveredstatements="10" conditionals="4" coveredconditionals="3" methods="4" coveredmethods="2"/>
        <line num="3" count="36" type="stmt"/>
        <line num="4" count="36" type="stmt"/>
        <line num="5" count="36" type="stmt"/>
        <line num="6" count="36" type="stmt"/>
        <line num="7" count="0" type="stmt"/>
        <line num="21" count="36" type="stmt"/>
        <line num="22" count="0" type="stmt"/>
        <line num="36" count="36" type="stmt"/>
        <line num="37" count="2" type="stmt"/>
        <line num="53" count="36" type="stmt"/>
        <line num="54" count="2" type="cond" truecount="2" falsecount="0"/>
        <line num="55" count="1" type="cond" truecount="1" falsecount="1"/>
      </file>
      <file name="sectionBanner.ts" path="/Users/avalithmacpro/Desktop/flow/backo-service/app/src/mapper/dtoToEntity/sectionBanner.ts">
        <metrics statements="5" coveredstatements="2" conditionals="0" coveredconditionals="0" methods="2" coveredmethods="0"/>
        <line num="2" count="36" type="stmt"/>
        <line num="5" count="36" type="stmt"/>
        <line num="6" count="0" type="stmt"/>
        <line num="7" count="0" type="stmt"/>
        <line num="20" count="0" type="stmt"/>
      </file>
      <file name="settingCode.ts" path="/Users/avalithmacpro/Desktop/flow/backo-service/app/src/mapper/dtoToEntity/settingCode.ts">
        <metrics statements="5" coveredstatements="5" conditionals="0" coveredconditionals="0" methods="2" coveredmethods="2"/>
        <line num="3" count="36" type="stmt"/>
        <line num="5" count="36" type="stmt"/>
        <line num="6" count="2" type="stmt"/>
        <line num="13" count="36" type="stmt"/>
        <line num="14" count="2" type="stmt"/>
      </file>
    </package>
    <package name="src.mapper.entityToDTO">
      <metrics statements="118" coveredstatements="106" conditionals="395" coveredconditionals="193" methods="56" coveredmethods="48"/>
      <file name="banner.ts" path="/Users/avalithmacpro/Desktop/flow/backo-service/app/src/mapper/entityToDTO/banner.ts">
        <metrics statements="7" coveredstatements="7" conditionals="30" coveredconditionals="30" methods="5" coveredmethods="5"/>
        <line num="4" count="49" type="stmt"/>
        <line num="5" count="1" type="stmt"/>
        <line num="19" count="49" type="stmt"/>
        <line num="20" count="4" type="stmt"/>
        <line num="23" count="3" type="cond" truecount="6" falsecount="0"/>
        <line num="24" count="3" type="cond" truecount="14" falsecount="0"/>
        <line num="25" count="3" type="cond" truecount="10" falsecount="0"/>
      </file>
      <file name="campaign.ts" path="/Users/avalithmacpro/Desktop/flow/backo-service/app/src/mapper/entityToDTO/campaign.ts">
        <metrics statements="2" coveredstatements="2" conditionals="0" coveredconditionals="0" methods="1" coveredmethods="1"/>
        <line num="4" count="48" type="stmt"/>
        <line num="5" count="1" type="stmt"/>
      </file>
      <file name="channel.ts" path="/Users/avalithmacpro/Desktop/flow/backo-service/app/src/mapper/entityToDTO/channel.ts">
        <metrics statements="2" coveredstatements="2" conditionals="0" coveredconditionals="0" methods="1" coveredmethods="1"/>
        <line num="4" count="48" type="stmt"/>
        <line num="6" count="1" type="stmt"/>
      </file>
      <file name="channelPromotion.ts" path="/Users/avalithmacpro/Desktop/flow/backo-service/app/src/mapper/entityToDTO/channelPromotion.ts">
        <metrics statements="6" coveredstatements="5" conditionals="12" coveredconditionals="9" methods="3" coveredmethods="2"/>
        <line num="5" count="36" type="stmt"/>
        <line num="6" count="0" type="stmt"/>
        <line num="14" count="36" type="stmt"/>
        <line num="15" count="1" type="stmt"/>
        <line num="23" count="36" type="stmt"/>
        <line num="24" count="1" type="stmt"/>
      </file>
      <file name="fintechClients.ts" path="/Users/avalithmacpro/Desktop/flow/backo-service/app/src/mapper/entityToDTO/fintechClients.ts">
        <metrics statements="4" coveredstatements="4" conditionals="4" coveredconditionals="2" methods="1" coveredmethods="1"/>
        <line num="4" count="48" type="stmt"/>
        <line num="5" count="4" type="cond" truecount="1" falsecount="1"/>
        <line num="6" count="4" type="cond" truecount="1" falsecount="1"/>
        <line num="8" count="4" type="stmt"/>
      </file>
      <file name="historyEvent.ts" path="/Users/avalithmacpro/Desktop/flow/backo-service/app/src/mapper/entityToDTO/historyEvent.ts">
        <metrics statements="11" coveredstatements="6" conditionals="82" coveredconditionals="0" methods="2" coveredmethods="1"/>
        <line num="4" count="35" type="stmt"/>
        <line num="6" count="35" type="stmt"/>
        <line num="8" count="35" type="stmt"/>
        <line num="9" count="3" type="stmt"/>
        <line num="22" count="35" type="stmt"/>
        <line num="23" count="0" type="stmt"/>
        <line num="24" count="0" type="stmt"/>
        <line num="25" count="0" type="cond" truecount="0" falsecount="2"/>
        <line num="26" count="0" type="stmt"/>
        <line num="27" count="0" type="stmt"/>
        <line num="56" count="35" type="stmt"/>
      </file>
      <file name="index.ts" path="/Users/avalithmacpro/Desktop/flow/backo-service/app/src/mapper/entityToDTO/index.ts">
        <metrics statements="30" coveredstatements="30" conditionals="0" coveredconditionals="0" methods="16" coveredmethods="14"/>
        <line num="1" count="48" type="stmt"/>
        <line num="2" count="48" type="stmt"/>
        <line num="3" count="48" type="stmt"/>
        <line num="4" count="48" type="stmt"/>
        <line num="5" count="48" type="stmt"/>
        <line num="6" count="48" type="stmt"/>
        <line num="7" count="48" type="stmt"/>
        <line num="8" count="48" type="stmt"/>
        <line num="9" count="48" type="stmt"/>
        <line num="10" count="48" type="stmt"/>
        <line num="11" count="48" type="stmt"/>
        <line num="12" count="48" type="stmt"/>
        <line num="13" count="48" type="stmt"/>
        <line num="14" count="48" type="stmt"/>
        <line num="17" count="49" type="stmt"/>
        <line num="18" count="49" type="stmt"/>
        <line num="19" count="49" type="stmt"/>
        <line num="20" count="49" type="stmt"/>
        <line num="21" count="57" type="stmt"/>
        <line num="22" count="49" type="stmt"/>
        <line num="23" count="50" type="stmt"/>
        <line num="24" count="50" type="stmt"/>
        <line num="25" count="50" type="stmt"/>
        <line num="26" count="50" type="stmt"/>
        <line num="27" count="50" type="stmt"/>
        <line num="28" count="49" type="stmt"/>
        <line num="29" count="52" type="stmt"/>
        <line num="30" count="48" type="stmt"/>
        <line num="31" count="48" type="stmt"/>
        <line num="32" count="49" type="stmt"/>
      </file>
      <file name="operationType.ts" path="/Users/avalithmacpro/Desktop/flow/backo-service/app/src/mapper/entityToDTO/operationType.ts">
        <metrics statements="2" coveredstatements="2" conditionals="0" coveredconditionals="0" methods="1" coveredmethods="1"/>
        <line num="4" count="48" type="stmt"/>
        <line num="5" count="2" type="stmt"/>
      </file>
      <file name="productOperation.ts" path="/Users/avalithmacpro/Desktop/flow/backo-service/app/src/mapper/entityToDTO/productOperation.ts">
        <metrics statements="2" coveredstatements="2" conditionals="0" coveredconditionals="0" methods="1" coveredmethods="1"/>
        <line num="4" count="48" type="stmt"/>
        <line num="5" count="2" type="stmt"/>
      </file>
      <file name="promotion.ts" path="/Users/avalithmacpro/Desktop/flow/backo-service/app/src/mapper/entityToDTO/promotion.ts">
        <metrics statements="4" coveredstatements="4" conditionals="8" coveredconditionals="8" methods="2" coveredmethods="2"/>
        <line num="5" count="49" type="stmt"/>
        <line num="6" count="9" type="stmt"/>
        <line num="34" count="49" type="stmt"/>
        <line num="35" count="2" type="stmt"/>
      </file>
      <file name="ruleConfiguration.ts" path="/Users/avalithmacpro/Desktop/flow/backo-service/app/src/mapper/entityToDTO/ruleConfiguration.ts">
        <metrics statements="27" coveredstatements="24" conditionals="195" coveredconditionals="126" methods="13" coveredmethods="12"/>
        <line num="8" count="39" type="stmt"/>
        <line num="9" count="4" type="stmt"/>
        <line num="17" count="4" type="cond" truecount="6" falsecount="0"/>
        <line num="43" count="39" type="stmt"/>
        <line num="44" count="3" type="stmt"/>
        <line num="91" count="39" type="stmt"/>
        <line num="93" count="7" type="stmt"/>
        <line num="95" count="7" type="cond" truecount="2" falsecount="0"/>
        <line num="96" count="1" type="stmt"/>
        <line num="97" count="0" type="cond" truecount="0" falsecount="2"/>
        <line num="98" count="0" type="stmt"/>
        <line num="111" count="0" type="stmt"/>
        <line num="115" count="7" type="stmt"/>
        <line num="118" count="39" type="stmt"/>
        <line num="120" count="3" type="stmt"/>
        <line num="122" count="3" type="cond" truecount="2" falsecount="0"/>
        <line num="123" count="1" type="stmt"/>
        <line num="124" count="2" type="cond" truecount="2" falsecount="0"/>
        <line num="125" count="1" type="stmt"/>
        <line num="136" count="1" type="stmt"/>
        <line num="140" count="3" type="stmt"/>
        <line num="143" count="39" type="cond" truecount="1" falsecount="0"/>
        <line num="144" count="4" type="cond" truecount="2" falsecount="0"/>
        <line num="145" count="4" type="stmt"/>
        <line num="146" count="2" type="cond" truecount="2" falsecount="0"/>
        <line num="147" count="1" type="stmt"/>
        <line num="152" count="2" type="stmt"/>
      </file>
      <file name="section.ts" path="/Users/avalithmacpro/Desktop/flow/backo-service/app/src/mapper/entityToDTO/section.ts">
        <metrics statements="2" coveredstatements="2" conditionals="0" coveredconditionals="0" methods="1" coveredmethods="1"/>
        <line num="4" count="48" type="stmt"/>
        <line num="5" count="1" type="stmt"/>
      </file>
      <file name="sectionAction.ts" path="/Users/avalithmacpro/Desktop/flow/backo-service/app/src/mapper/entityToDTO/sectionAction.ts">
        <metrics statements="2" coveredstatements="1" conditionals="0" coveredconditionals="0" methods="1" coveredmethods="0"/>
        <line num="4" count="35" type="stmt"/>
        <line num="5" count="0" type="stmt"/>
      </file>
      <file name="sectionBanner.ts" path="/Users/avalithmacpro/Desktop/flow/backo-service/app/src/mapper/entityToDTO/sectionBanner.ts">
        <metrics statements="5" coveredstatements="4" conditionals="64" coveredconditionals="18" methods="2" coveredmethods="1"/>
        <line num="1" count="48" type="stmt"/>
        <line num="6" count="48" type="stmt"/>
        <line num="7" count="1" type="stmt"/>
        <line num="29" count="48" type="stmt"/>
        <line num="30" count="0" type="stmt"/>
      </file>
      <file name="sectionChannel.ts" path="/Users/avalithmacpro/Desktop/flow/backo-service/app/src/mapper/entityToDTO/sectionChannel.ts">
        <metrics statements="2" coveredstatements="1" conditionals="0" coveredconditionals="0" methods="1" coveredmethods="0"/>
        <line num="4" count="35" type="stmt"/>
        <line num="5" count="0" type="stmt"/>
      </file>
      <file name="settingCode.ts" path="/Users/avalithmacpro/Desktop/flow/backo-service/app/src/mapper/entityToDTO/settingCode.ts">
        <metrics statements="2" coveredstatements="2" conditionals="0" coveredconditionals="0" methods="1" coveredmethods="1"/>
        <line num="4" count="48" type="stmt"/>
        <line num="5" count="3" type="stmt"/>
      </file>
      <file name="store.ts" path="/Users/avalithmacpro/Desktop/flow/backo-service/app/src/mapper/entityToDTO/store.ts">
        <metrics statements="2" coveredstatements="2" conditionals="0" coveredconditionals="0" methods="1" coveredmethods="1"/>
        <line num="4" count="48" type="stmt"/>
        <line num="5" count="2" type="stmt"/>
      </file>
      <file name="typeLimit.ts" path="/Users/avalithmacpro/Desktop/flow/backo-service/app/src/mapper/entityToDTO/typeLimit.ts">
        <metrics statements="2" coveredstatements="2" conditionals="0" coveredconditionals="0" methods="1" coveredmethods="1"/>
        <line num="4" count="48" type="stmt"/>
        <line num="5" count="2" type="stmt"/>
      </file>
[...]
        <line num="1" count="34" type="stmt"/>
        <line num="4" count="34" type="stmt"/>
        <line num="6" count="34" type="stmt"/>
        <line num="7" count="1" type="stmt"/>
        <line num="13" count="1" type="stmt"/>
        <line num="16" count="34" type="stmt"/>
      </file>
      <file name="historyEventService.ts" path="/Users/avalithmacpro/Desktop/flow/backo-service/app/src/services/historyEventService.ts">
        <metrics statements="23" coveredstatements="20" conditionals="6" coveredconditionals="3" methods="8" coveredmethods="6"/>
        <line num="2" count="34" type="stmt"/>
        <line num="3" count="34" type="stmt"/>
        <line num="8" count="34" type="stmt"/>
        <line num="9" count="1" type="stmt"/>
        <line num="10" count="1" type="stmt"/>
        <line num="13" count="34" type="stmt"/>
        <line num="14" count="0" type="stmt"/>
        <line num="15" count="0" type="stmt"/>
        <line num="18" count="34" type="stmt"/>
        <line num="20" count="1" type="stmt"/>
        <line num="21" count="1" type="cond" truecount="1" falsecount="1"/>
        <line num="23" count="1" type="stmt"/>
        <line num="27" count="1" type="stmt"/>
        <line num="28" count="1" type="stmt"/>
        <line num="29" count="1" type="stmt"/>
        <line num="31" count="1" type="cond" truecount="1" falsecount="1"/>
        <line num="32" count="1" type="cond" truecount="1" falsecount="1"/>
        <line num="34" count="1" type="stmt"/>
        <line num="36" count="0" type="stmt"/>
        <line num="42" count="34" type="stmt"/>
        <line num="43" count="1" type="stmt"/>
        <line num="44" count="1" type="stmt"/>
        <line num="47" count="34" type="stmt"/>
      </file>
      <file name="index.ts" path="/Users/avalithmacpro/Desktop/flow/backo-service/app/src/services/index.ts">
        <metrics statements="44" coveredstatements="44" conditionals="0" coveredconditionals="0" methods="0" coveredmethods="0"/>
        <line num="1" count="34" type="stmt"/>
        <line num="2" count="34" type="stmt"/>
        <line num="3" count="34" type="stmt"/>
        <line num="4" count="34" type="stmt"/>
        <line num="5" count="34" type="stmt"/>
        <line num="6" count="34" type="stmt"/>
        <line num="7" count="34" type="stmt"/>
        <line num="8" count="34" type="stmt"/>
        <line num="9" count="34" type="stmt"/>
        <line num="10" count="34" type="stmt"/>
        <line num="11" count="34" type="stmt"/>
        <line num="12" count="34" type="stmt"/>
        <line num="13" count="34" type="stmt"/>
        <line num="14" count="34" type="stmt"/>
        <line num="15" count="34" type="stmt"/>
        <line num="16" count="34" type="stmt"/>
        <line num="17" count="34" type="stmt"/>
        <line num="18" count="34" type="stmt"/>
        <line num="19" count="34" type="stmt"/>
        <line num="20" count="34" type="stmt"/>
        <line num="21" count="34" type="stmt"/>
        <line num="22" count="34" type="stmt"/>
        <line num="25" count="34" type="stmt"/>
        <line num="26" count="34" type="stmt"/>
        <line num="27" count="34" type="stmt"/>
        <line num="28" count="34" type="stmt"/>
        <line num="29" count="34" type="stmt"/>
        <line num="30" count="34" type="stmt"/>
        <line num="31" count="34" type="stmt"/>
        <line num="32" count="34" type="stmt"/>
        <line num="33" count="34" type="stmt"/>
        <line num="34" count="34" type="stmt"/>
        <line num="35" count="34" type="stmt"/>
        <line num="36" count="34" type="stmt"/>
        <line num="37" count="34" type="stmt"/>
        <line num="38" count="34" type="stmt"/>
        <line num="39" count="34" type="stmt"/>
        <line num="40" count="34" type="stmt"/>
        <line num="41" count="34" type="stmt"/>
        <line num="42" count="34" type="stmt"/>
        <line num="43" count="34" type="stmt"/>
        <line num="44" count="34" type="stmt"/>
        <line num="45" count="34" type="stmt"/>
        <line num="46" count="34" type="stmt"/>
      </file>
      <file name="operationTypeService.ts" path="/Users/avalithmacpro/Desktop/flow/backo-service/app/src/services/operationTypeService.ts">
        <metrics statements="5" coveredstatements="5" conditionals="0" coveredconditionals="0" methods="2" coveredmethods="2"/>
        <line num="1" count="34" type="stmt"/>
        <line num="4" count="34" type="stmt"/>
        <line num="5" count="1" type="stmt"/>
        <line num="6" count="1" type="stmt"/>
        <line num="8" count="34" type="stmt"/>
      </file>
      <file name="productOperationService.ts" path="/Users/avalithmacpro/Desktop/flow/backo-service/app/src/services/productOperationService.ts">
        <metrics statements="5" coveredstatements="5" conditionals="0" coveredconditionals="0" methods="2" coveredmethods="2"/>
        <line num="1" count="34" type="stmt"/>
        <line num="4" count="34" type="stmt"/>
        <line num="5" count="1" type="stmt"/>
        <line num="6" count="1" type="stmt"/>
        <line num="9" count="34" type="stmt"/>
      </file>
      <file name="promotionService.ts" path="/Users/avalithmacpro/Desktop/flow/backo-service/app/src/services/promotionService.ts">
        <metrics statements="94" coveredstatements="79" conditionals="27" coveredconditionals="18" methods="27" coveredmethods="23"/>
        <line num="1" count="34" type="stmt"/>
        <line num="2" count="34" type="stmt"/>
        <line num="5" count="34" type="stmt"/>
        <line num="6" count="34" type="stmt"/>
        <line num="7" count="34" type="stmt"/>
        <line num="8" count="34" type="stmt"/>
        <line num="9" count="34" type="stmt"/>
        <line num="11" count="34" type="stmt"/>
        <line num="12" count="34" type="stmt"/>
        <line num="13" count="34" type="stmt"/>
        <line num="16" count="34" type="stmt"/>
        <line num="17" count="1" type="stmt"/>
        <line num="18" count="1" type="stmt"/>
        <line num="21" count="34" type="stmt"/>
        <line num="22" count="1" type="stmt"/>
        <line num="23" count="1" type="stmt"/>
        <line num="26" count="34" type="stmt"/>
        <line num="27" count="2" type="stmt"/>
        <line num="28" count="2" type="stmt"/>
        <line num="30" count="2" type="cond" truecount="2" falsecount="0"/>
        <line num="31" count="1" type="stmt"/>
        <line num="32" count="1" type="stmt"/>
        <line num="34" count="1" type="stmt"/>
        <line num="36" count="1" type="stmt"/>
        <line num="43" count="1" type="stmt"/>
        <line num="46" count="2" type="stmt"/>
        <line num="49" count="34" type="stmt"/>
        <line num="50" count="1" type="stmt"/>
        <line num="51" count="1" type="stmt"/>
        <line num="54" count="34" type="stmt"/>
        <line num="55" count="4" type="stmt"/>
        <line num="56" count="4" type="stmt"/>
        <line num="58" count="4" type="cond" truecount="2" falsecount="0"/>
        <line num="59" count="3" type="stmt"/>
        <line num="60" count="3" type="cond" truecount="2" falsecount="0"/>
        <line num="61" count="2" type="stmt"/>
        <line num="62" count="2" type="stmt"/>
        <line num="64" count="1" type="stmt"/>
        <line num="73" count="1" type="stmt"/>
        <line num="81" count="4" type="stmt"/>
        <line num="82" count="4" type="stmt"/>
        <line num="85" count="34" type="stmt"/>
        <line num="86" count="1" type="stmt"/>
        <line num="87" count="1" type="cond" truecount="1" falsecount="1"/>
        <line num="88" count="0" type="stmt"/>
        <line num="89" count="0" type="stmt"/>
        <line num="92" count="1" type="stmt"/>
        <line num="96" count="34" type="stmt"/>
        <line num="97" count="2" type="stmt"/>
        <line num="98" count="2" type="stmt"/>
        <line num="99" count="2" type="cond" truecount="2" falsecount="0"/>
        <line num="100" count="1" type="stmt"/>
        <line num="101" count="1" type="stmt"/>
        <line num="103" count="1" type="stmt"/>
        <line num="104" count="1" type="stmt"/>
        <line num="107" count="2" type="stmt"/>
        <line num="110" count="34" type="stmt"/>
        <line num="111" count="2" type="stmt"/>
        <line num="112" count="2" type="stmt"/>
        <line num="114" count="2" type="cond" truecount="2" falsecount="0"/>
        <line num="115" count="1" type="stmt"/>
        <line num="117" count="1" type="stmt"/>
        <line num="125" count="2" type="stmt"/>
        <line num="126" count="2" type="stmt"/>
        <line num="129" count="34" type="stmt"/>
        <line num="130" count="1" type="stmt"/>
        <line num="131" count="1" type="stmt"/>
        <line num="132" count="1" type="stmt"/>
        <line num="133" count="1" type="cond" truecount="1" falsecount="1"/>
        <line num="135" count="1" type="stmt"/>
        <line num="142" count="34" type="stmt"/>
        <line num="144" count="0" type="stmt"/>
        <line num="146" count="0" type="stmt"/>
        <line num="148" count="0" type="stmt"/>
        <line num="149" count="0" type="stmt"/>
        <line num="151" count="0" type="stmt"/>
        <line num="152" count="0" type="stmt"/>
        <line num="153" count="0" type="stmt"/>
        <line num="154" count="0" type="stmt"/>
        <line num="157" count="0" type="stmt"/>
        <line num="159" count="0" type="stmt"/>
        <line num="160" count="0" type="cond" truecount="0" falsecount="2"/>
        <line num="161" count="0" type="stmt"/>
        <line num="164" count="0" type="stmt"/>
        <line num="168" count="34" type="stmt"/>
        <line num="169" count="2" type="stmt"/>
        <line num="170" count="2" type="stmt"/>
        <line num="171" count="2" type="cond" truecount="2" falsecount="0"/>
        <line num="172" count="2" type="cond" truecount="2" falsecount="0"/>
        <line num="173" count="1" type="cond" truecount="1" falsecount="1"/>
        <line num="174" count="1" type="cond" truecount="1" falsecount="1"/>
        <line num="175" count="1" type="stmt"/>
        <line num="178" count="2" type="stmt"/>
        <line num="181" count="34" type="stmt"/>
      </file>
      <file name="ruleConfigurationService.ts" path="/Users/avalithmacpro/Desktop/flow/backo-service/app/src/services/ruleConfigurationService.ts">
        <metrics statements="56" coveredstatements="42" conditionals="26" coveredconditionals="7" methods="13" coveredmethods="8"/>
        <line num="1" count="34" type="stmt"/>
        <line num="3" count="34" type="stmt"/>
        <line num="4" count="34" type="stmt"/>
        <line num="7" count="34" type="stmt"/>
        <line num="8" count="34" type="stmt"/>
        <line num="9" count="34" type="stmt"/>
        <line num="16" count="34" type="stmt"/>
        <line num="18" count="34" type="stmt"/>
        <line num="19" count="2" type="stmt"/>
        <line num="20" count="2" type="stmt"/>
        <line num="21" count="2" type="stmt"/>
        <line num="22" count="1" type="stmt"/>
        <line num="24" count="1" type="stmt"/>
        <line num="31" count="1" type="stmt"/>
        <line num="33" count="2" type="stmt"/>
        <line num="36" count="34" type="stmt"/>
        <line num="37" count="3" type="stmt"/>
        <line num="38" count="3" type="stmt"/>
        <line num="39" count="3" type="stmt"/>
        <line num="41" count="3" type="cond" truecount="2" falsecount="0"/>
        <line num="42" count="2" type="stmt"/>
        <line num="45" count="3" type="cond" truecount="2" falsecount="0"/>
        <line num="46" count="1" type="stmt"/>
        <line num="54" count="2" type="stmt"/>
        <line num="57" count="3" type="stmt"/>
        <line num="58" count="3" type="stmt"/>
        <line num="61" count="34" type="stmt"/>
        <line num="62" count="2" type="stmt"/>
        <line num="63" count="2" type="stmt"/>
        <line num="65" count="2" type="cond" truecount="2" falsecount="0"/>
        <line num="66" count="1" type="stmt"/>
        <line num="74" count="1" type="stmt"/>
        <line num="75" count="1" type="stmt"/>
        <line num="76" count="1" type="cond" truecount="1" falsecount="1"/>
        <line num="77" count="0" type="stmt"/>
        <line num="79" count="0" type="stmt"/>
        <line num="80" count="0" type="cond" truecount="0" falsecount="2"/>
        <line num="81" count="0" type="stmt"/>
        <line num="83" count="1" type="stmt"/>
        <line num="93" count="2" type="stmt"/>
        <line num="94" count="2" type="stmt"/>
        <line num="97" count="34" type="stmt"/>
        <line num="98" count="1" type="stmt"/>
        <line num="101" count="34" type="stmt"/>
        <line num="102" count="0" type="stmt"/>
        <line num="103" count="0" type="stmt"/>
        <line num="105" count="0" type="stmt"/>
        <line num="106" count="0" type="stmt"/>
        <line num="107" count="0" type="stmt"/>
        <line num="110" count="34" type="stmt"/>
        <line num="111" count="0" type="cond" truecount="0" falsecount="4"/>
        <line num="112" count="0" type="cond" truecount="0" falsecount="4"/>
        <line num="113" count="0" type="cond" truecount="0" falsecount="2"/>
        <line num="116" count="0" type="stmt"/>
        <line num="117" count="0" type="cond" truecount="0" falsecount="4"/>
        <line num="122" count="34" type="stmt"/>
      </file>
      <file name="sectionActionService.ts" path="/Users/avalithmacpro/Desktop/flow/backo-service/app/src/services/sectionActionService.ts">
        <metrics statements="5" coveredstatements="3" conditionals="0" coveredconditionals="0" methods="2" coveredmethods="0"/>
        <line num="2" count="34" type="stmt"/>
        <line num="4" count="34" type="stmt"/>
        <line num="5" count="0" type="stmt"/>
        <line num="6" count="0" type="stmt"/>
        <line num="9" count="34" type="stmt"/>
      </file>
      <file name="sectionBannerService.ts" path="/Users/avalithmacpro/Desktop/flow/backo-service/app/src/services/sectionBannerService.ts">
        <metrics statements="12" coveredstatements="12" conditionals="0" coveredconditionals="0" methods="6" coveredmethods="6"/>
        <line num="1" count="34" type="stmt"/>
        <line num="2" count="34" type="stmt"/>
        <line num="5" count="34" type="stmt"/>
        <line num="6" count="1" type="stmt"/>
        <line num="8" count="1" type="stmt"/>
        <line num="11" count="34" type="stmt"/>
        <line num="12" count="1" type="stmt"/>
        <line num="14" count="1" type="stmt"/>
        <line num="18" count="34" type="stmt"/>
        <line num="19" count="1" type="stmt"/>
        <line num="21" count="1" type="stmt"/>
        <line num="24" count="34" type="stmt"/>
      </file>
      <file name="sectionChannelService.ts" path="/Users/avalithmacpro/Desktop/flow/backo-service/app/src/services/sectionChannelService.ts">
        <metrics statements="5" coveredstatements="3" conditionals="0" coveredconditionals="0" methods="2" coveredmethods="0"/>
        <line num="2" count="34" type="stmt"/>
        <line num="4" count="34" type="stmt"/>
        <line num="5" count="0" type="stmt"/>
        <line num="7" count="0" type="stmt"/>
        <line num="10" count="34" type="stmt"/>
      </file>
      <file name="sectionService.ts" path="/Users/avalithmacpro/Desktop/flow/backo-service/app/src/services/sectionService.ts">
        <metrics statements="5" coveredstatements="5" conditionals="0" coveredconditionals="0" methods="2" coveredmethods="2"/>
        <line num="1" count="34" type="stmt"/>
        <line num="4" count="34" type="stmt"/>
        <line num="5" count="1" type="stmt"/>
        <line num="6" count="1" type="stmt"/>
        <line num="8" count="34" type="stmt"/>
      </file>
      <file name="settingCodeService.ts" path="/Users/avalithmacpro/Desktop/flow/backo-service/app/src/services/settingCodeService.ts">
        <metrics statements="24" coveredstatements="24" conditionals="2" coveredconditionals="2" methods="9" coveredmethods="9"/>
        <line num="1" count="34" type="stmt"/>
        <line num="2" count="34" type="stmt"/>
        <line num="3" count="34" type="stmt"/>
        <line num="5" count="34" type="stmt"/>
        <line num="7" count="34" type="stmt"/>
        <line num="8" count="34" type="stmt"/>
        <line num="10" count="34" type="stmt"/>
        <line num="11" count="1" type="stmt"/>
        <line num="12" count="2" type="stmt"/>
        <line num="15" count="34" type="stmt"/>
        <line num="16" count="1" type="stmt"/>
        <line num="17" count="1" type="stmt"/>
        <line num="20" count="34" type="stmt"/>
        <line num="21" count="1" type="stmt"/>
        <line num="22" count="1" type="stmt"/>
        <line num="25" count="34" type="stmt"/>
        <line num="26" count="2" type="stmt"/>
        <line num="27" count="2" type="stmt"/>
        <line num="28" count="2" type="cond" truecount="2" falsecount="0"/>
        <line num="29" count="1" type="stmt"/>
        <line num="31" count="1" type="stmt"/>
        <line num="36" count="1" type="stmt"/>
        <line num="38" count="2" type="stmt"/>
        <line num="41" count="34" type="stmt"/>
      </file>
      <file name="storeService.ts" path="/Users/avalithmacpro/Desktop/flow/backo-service/app/src/services/storeService.ts">
        <metrics statements="5" coveredstatements="5" conditionals="0" coveredconditionals="0" methods="2" coveredmethods="2"/>
        <line num="1" count="34" type="stmt"/>
        <line num="4" count="34" type="stmt"/>
        <line num="5" count="1" type="stmt"/>
        <line num="6" count="1" type="stmt"/>
        <line num="9" count="34" type="stmt"/>
      </file>
      <file name="typeLimitService.ts" path="/Users/avalithmacpro/Desktop/flow/backo-service/app/src/services/typeLimitService.ts">
        <metrics statements="11" coveredstatements="11" conditionals="0" coveredconditionals="0" methods="8" coveredmethods="8"/>
        <line num="3" count="34" type="stmt"/>
        <line num="6" count="34" type="stmt"/>
        <line num="7" count="1" type="stmt"/>
        <line num="8" count="1" type="stmt"/>
        <line num="11" count="34" type="stmt"/>
        <line num="12" count="1" type="stmt"/>
        <line num="15" count="34" type="stmt"/>
        <line num="16" count="1" type="stmt"/>
        <line num="19" count="34" type="stmt"/>
        <line num="20" count="1" type="stmt"/>
        <line num="23" count="34" type="stmt"/>
      </file>
      <file name="typePromotionService.ts" path="/Users/avalithmacpro/Desktop/flow/backo-service/app/src/services/typePromotionService.ts">
        <metrics statements="5" coveredstatements="5" conditionals="0" coveredconditionals="0" methods="2" coveredmethods="2"/>
        <line num="1" count="34" type="stmt"/>
        <line num="5" count="34" type="stmt"/>
        <line num="6" count="1" type="stmt"/>
        <line num="7" count="1" type="stmt"/>
        <line num="10" count="34" type="stmt"/>
      </file>
      <file name="userConditionService.ts" path="/Users/avalithmacpro/Desktop/flow/backo-service/app/src/services/userConditionService.ts">
        <metrics statements="11" coveredstatements="11" conditionals="0" coveredconditionals="0" methods="8" coveredmethods="8"/>
        <line num="2" count="34" type="stmt"/>
        <line num="7" count="34" type="stmt"/>
        <line num="8" count="1" type="stmt"/>
        <line num="9" count="1" type="stmt"/>
        <line num="12" count="34" type="stmt"/>
        <line num="13" count="1" type="stmt"/>
        <line num="16" count="34" type="stmt"/>
        <line num="17" count="1" type="stmt"/>
        <line num="20" count="34" type="stmt"/>
        <line num="21" count="1" type="stmt"/>
        <line num="23" count="34" type="stmt"/>
      </file>
    </package>
  </project>
</coverage>
