{"/Users/avalithmacpro/Desktop/flow/backo-service/app/__test__/mocks/auditInstance.ts": {"path":"/Users/avalithmacpro/Desktop/flow/backo-service/app/__test__/mocks/auditInstance.ts","statementMap":{"0":{"start":{"line":1,"column":33},"end":{"line":9,"column":1}},"1":{"start":{"line":2,"column":4},"end":{"line":8,"column":6}},"2":{"start":{"line":1,"column":13},"end":{"line":1,"column":33}},"3":{"start":{"line":11,"column":36},"end":{"line":16,"column":1}},"4":{"start":{"line":12,"column":4},"end":{"line":15,"column":6}},"5":{"start":{"line":11,"column":13},"end":{"line":11,"column":36}}},"fnMap":{"0":{"name":"(anonymous_0)","decl":{"start":{"line":1,"column":33},"end":{"line":1,"column":36}},"loc":{"start":{"line":1,"column":38},"end":{"line":9,"column":1}}},"1":{"name":"(anonymous_1)","decl":{"start":{"line":11,"column":36},"end":{"line":11,"column":39}},"loc":{"start":{"line":11,"column":41},"end":{"line":16,"column":1}}}},"branchMap":{},"s":{"0":66,"1":18,"2":66,"3":66,"4":20,"5":66},"f":{"0":18,"1":20},"b":{}}
,"/Users/avalithmacpro/Desktop/flow/backo-service/app/__test__/mocks/createQueryBuilder.ts": {"path":"/Users/avalithmacpro/Desktop/flow/backo-service/app/__test__/mocks/createQueryBuilder.ts","statementMap":{"0":{"start":{"line":1,"column":38},"end":{"line":33,"column":1}},"1":{"start":{"line":2,"column":34},"end":{"line":14,"column":null}},"2":{"start":{"line":3,"column":22},"end":{"line":3,"column":40}},"3":{"start":{"line":4,"column":25},"end":{"line":4,"column":43}},"4":{"start":{"line":5,"column":33},"end":{"line":5,"column":51}},"5":{"start":{"line":6,"column":34},"end":{"line":6,"column":52}},"6":{"start":{"line":7,"column":34},"end":{"line":7,"column":52}},"7":{"start":{"line":8,"column":33},"end":{"line":8,"column":51}},"8":{"start":{"line":9,"column":23},"end":{"line":9,"column":41}},"9":{"start":{"line":10,"column":24},"end":{"line":10,"column":42}},"10":{"start":{"line":11,"column":21},"end":{"line":11,"column":39}},"11":{"start":{"line":12,"column":29},"end":{"line":12,"column":47}},"12":{"start":{"line":13,"column":24},"end":{"line":13,"column":28}},"13":{"start":{"line":16,"column":4},"end":{"line":32,"column":null}},"14":{"start":{"line":17,"column":8},"end":{"line":20,"column":null}},"15":{"start":{"line":18,"column":12},"end":{"line":18,"column":null}},"16":{"start":{"line":18,"column":50},"end":{"line":18,"column":54}},"17":{"start":{"line":19,"column":12},"end":{"line":19,"column":null}},"18":{"start":{"line":21,"column":8},"end":{"line":21,"column":null}},"19":{"start":{"line":21,"column":43},"end":{"line":21,"column":47}},"20":{"start":{"line":22,"column":8},"end":{"line":22,"column":null}},"21":{"start":{"line":23,"column":11},"end":{"line":32,"column":null}},"22":{"start":{"line":24,"column":8},"end":{"line":27,"column":null}},"23":{"start":{"line":25,"column":12},"end":{"line":25,"column":null}},"24":{"start":{"line":25,"column":49},"end":{"line":25,"column":53}},"25":{"start":{"line":26,"column":12},"end":{"line":26,"column":null}},"26":{"start":{"line":28,"column":8},"end":{"line":28,"column":null}},"27":{"start":{"line":28,"column":42},"end":{"line":28,"column":46}},"28":{"start":{"line":29,"column":8},"end":{"line":29,"column":null}},"29":{"start":{"line":31,"column":8},"end":{"line":31,"column":null}},"30":{"start":{"line":1,"column":13},"end":{"line":1,"column":38}},"31":{"start":{"line":35,"column":40},"end":{"line":43,"column":1}},"32":{"start":{"line":36,"column":36},"end":{"line":42,"column":null}},"33":{"start":{"line":37,"column":29},"end":{"line":37,"column":49}},"34":{"start":{"line":38,"column":29},"end":{"line":38,"column":49}},"35":{"start":{"line":39,"column":24},"end":{"line":39,"column":44}},"36":{"start":{"line":40,"column":24},"end":{"line":40,"column":44}},"37":{"start":{"line":41,"column":20},"end":{"line":41,"column":24}},"38":{"start":{"line":35,"column":13},"end":{"line":35,"column":40}},"39":{"start":{"line":45,"column":41},"end":{"line":54,"column":1}},"40":{"start":{"line":46,"column":34},"end":{"line":51,"column":null}},"41":{"start":{"line":47,"column":22},"end":{"line":47,"column":40}},"42":{"start":{"line":48,"column":19},"end":{"line":48,"column":37}},"43":{"start":{"line":49,"column":23},"end":{"line":49,"column":41}},"44":{"start":{"line":50,"column":21},"end":{"line":50,"column":39}},"45":{"start":{"line":53,"column":4},"end":{"line":53,"column":null}},"46":{"start":{"line":45,"column":13},"end":{"line":45,"column":41}}},"fnMap":{"0":{"name":"(anonymous_0)","decl":{"start":{"line":1,"column":38},"end":{"line":1,"column":39}},"loc":{"start":{"line":1,"column":74},"end":{"line":33,"column":1}}},"1":{"name":"(anonymous_1)","decl":{"start":{"line":3,"column":16},"end":{"line":3,"column":19}},"loc":{"start":{"line":3,"column":22},"end":{"line":3,"column":40}}},"2":{"name":"(anonymous_2)","decl":{"start":{"line":4,"column":19},"end":{"line":4,"column":22}},"loc":{"start":{"line":4,"column":25},"end":{"line":4,"column":43}}},"3":{"name":"(anonymous_3)","decl":{"start":{"line":5,"column":27},"end":{"line":5,"column":30}},"loc":{"start":{"line":5,"column":33},"end":{"line":5,"column":51}}},"4":{"name":"(anonymous_4)","decl":{"start":{"line":6,"column":28},"end":{"line":6,"column":31}},"loc":{"start":{"line":6,"column":34},"end":{"line":6,"column":52}}},"5":{"name":"(anonymous_5)","decl":{"start":{"line":7,"column":28},"end":{"line":7,"column":31}},"loc":{"start":{"line":7,"column":34},"end":{"line":7,"column":52}}},"6":{"name":"(anonymous_6)","decl":{"start":{"line":8,"column":27},"end":{"line":8,"column":30}},"loc":{"start":{"line":8,"column":33},"end":{"line":8,"column":51}}},"7":{"name":"(anonymous_7)","decl":{"start":{"line":9,"column":17},"end":{"line":9,"column":20}},"loc":{"start":{"line":9,"column":23},"end":{"line":9,"column":41}}},"8":{"name":"(anonymous_8)","decl":{"start":{"line":10,"column":18},"end":{"line":10,"column":21}},"loc":{"start":{"line":10,"column":24},"end":{"line":10,"column":42}}},"9":{"name":"(anonymous_9)","decl":{"start":{"line":11,"column":15},"end":{"line":11,"column":18}},"loc":{"start":{"line":11,"column":21},"end":{"line":11,"column":39}}},"10":{"name":"(anonymous_10)","decl":{"start":{"line":12,"column":23},"end":{"line":12,"column":26}},"loc":{"start":{"line":12,"column":29},"end":{"line":12,"column":47}}},"11":{"name":"(anonymous_11)","decl":{"start":{"line":13,"column":18},"end":{"line":13,"column":21}},"loc":{"start":{"line":13,"column":24},"end":{"line":13,"column":28}}},"12":{"name":"(anonymous_12)","decl":{"start":{"line":18,"column":44},"end":{"line":18,"column":47}},"loc":{"start":{"line":18,"column":50},"end":{"line":18,"column":54}}},"13":{"name":"(anonymous_13)","decl":{"start":{"line":21,"column":37},"end":{"line":21,"column":40}},"loc":{"start":{"line":21,"column":43},"end":{"line":21,"column":47}}},"14":{"name":"(anonymous_14)","decl":{"start":{"line":25,"column":43},"end":{"line":25,"column":46}},"loc":{"start":{"line":25,"column":49},"end":{"line":25,"column":53}}},"15":{"name":"(anonymous_15)","decl":{"start":{"line":28,"column":36},"end":{"line":28,"column":39}},"loc":{"start":{"line":28,"column":42},"end":{"line":28,"column":46}}},"16":{"name":"(anonymous_16)","decl":{"start":{"line":35,"column":40},"end":{"line":35,"column":41}},"loc":{"start":{"line":35,"column":76},"end":{"line":43,"column":1}}},"17":{"name":"(anonymous_17)","decl":{"start":{"line":37,"column":23},"end":{"line":37,"column":26}},"loc":{"start":{"line":37,"column":29},"end":{"line":37,"column":49}}},"18":{"name":"(anonymous_18)","decl":{"start":{"line":38,"column":23},"end":{"line":38,"column":26}},"loc":{"start":{"line":38,"column":29},"end":{"line":38,"column":49}}},"19":{"name":"(anonymous_19)","decl":{"start":{"line":39,"column":18},"end":{"line":39,"column":21}},"loc":{"start":{"line":39,"column":24},"end":{"line":39,"column":44}}},"20":{"name":"(anonymous_20)","decl":{"start":{"line":40,"column":18},"end":{"line":40,"column":21}},"loc":{"start":{"line":40,"column":24},"end":{"line":40,"column":44}}},"21":{"name":"(anonymous_21)","decl":{"start":{"line":41,"column":14},"end":{"line":41,"column":17}},"loc":{"start":{"line":41,"column":20},"end":{"line":41,"column":24}}},"22":{"name":"(anonymous_22)","decl":{"start":{"line":45,"column":41},"end":{"line":45,"column":44}},"loc":{"start":{"line":45,"column":46},"end":{"line":54,"column":1}}},"23":{"name":"(anonymous_23)","decl":{"start":{"line":47,"column":16},"end":{"line":47,"column":19}},"loc":{"start":{"line":47,"column":22},"end":{"line":47,"column":40}}},"24":{"name":"(anonymous_24)","decl":{"start":{"line":48,"column":13},"end":{"line":48,"column":16}},"loc":{"start":{"line":48,"column":19},"end":{"line":48,"column":37}}},"25":{"name":"(anonymous_25)","decl":{"start":{"line":49,"column":17},"end":{"line":49,"column":20}},"loc":{"start":{"line":49,"column":23},"end":{"line":49,"column":41}}},"26":{"name":"(anonymous_26)","decl":{"start":{"line":50,"column":15},"end":{"line":50,"column":18}},"loc":{"start":{"line":50,"column":21},"end":{"line":50,"column":39}}}},"branchMap":{"0":{"loc":{"start":{"line":16,"column":4},"end":{"line":32,"column":null}},"type":"if","locations":[{"start":{"line":16,"column":4},"end":{"line":32,"column":null}},{"start":{"line":16,"column":4},"end":{"line":32,"column":null}}]},"1":{"loc":{"start":{"line":17,"column":8},"end":{"line":20,"column":null}},"type":"if","locations":[{"start":{"line":17,"column":8},"end":{"line":20,"column":null}},{"start":{"line":17,"column":8},"end":{"line":20,"column":null}}]},"2":{"loc":{"start":{"line":23,"column":11},"end":{"line":32,"column":null}},"type":"if","locations":[{"start":{"line":23,"column":11},"end":{"line":32,"column":null}},{"start":{"line":23,"column":11},"end":{"line":32,"column":null}}]},"3":{"loc":{"start":{"line":24,"column":8},"end":{"line":27,"column":null}},"type":"if","locations":[{"start":{"line":24,"column":8},"end":{"line":27,"column":null}},{"start":{"line":24,"column":8},"end":{"line":27,"column":null}}]}},"s":{"0":6,"1":14,"2":5,"3":12,"4":7,"5":8,"6":0,"7":2,"8":4,"9":18,"10":14,"11":0,"12":2,"13":14,"14":6,"15":0,"16":0,"17":0,"18":6,"19":6,"20":6,"21":8,"22":5,"23":2,"24":2,"25":2,"26":3,"27":3,"28":3,"29":3,"30":6,"31":6,"32":0,"33":0,"34":0,"35":0,"36":0,"37":0,"38":6,"39":6,"40":2,"41":2,"42":2,"43":2,"44":2,"45":2,"46":6},"f":{"0":14,"1":5,"2":12,"3":7,"4":8,"5":0,"6":2,"7":4,"8":18,"9":14,"10":0,"11":2,"12":0,"13":6,"14":2,"15":3,"16":0,"17":0,"18":0,"19":0,"20":0,"21":0,"22":2,"23":2,"24":2,"25":2,"26":2},"b":{"0":[6,8],"1":[0,6],"2":[5,3],"3":[2,3]}}
,"/Users/avalithmacpro/Desktop/flow/backo-service/app/src/helpers/util.ts": {"path":"/Users/avalithmacpro/Desktop/flow/backo-service/app/src/helpers/util.ts","statementMap":{"0":{"start":{"line":1,"column":0},"end":{"line":1,"column":49}},"1":{"start":{"line":2,"column":0},"end":{"line":2,"column":26}},"2":{"start":{"line":3,"column":0},"end":{"line":3,"column":63}},"3":{"start":{"line":4,"column":0},"end":{"line":4,"column":68}},"4":{"start":{"line":8,"column":0},"end":{"line":8,"column":49}},"5":{"start":{"line":9,"column":0},"end":{"line":9,"column":67}},"6":{"start":{"line":10,"column":30},"end":{"line":10,"column":65}},"7":{"start":{"line":12,"column":29},"end":{"line":20,"column":1}},"8":{"start":{"line":13,"column":2},"end":{"line":19,"column":4}},"9":{"start":{"line":12,"column":13},"end":{"line":12,"column":29}},"10":{"start":{"line":22,"column":30},"end":{"line":24,"column":1}},"11":{"start":{"line":23,"column":2},"end":{"line":23,"column":43}},"12":{"start":{"line":22,"column":13},"end":{"line":22,"column":30}},"13":{"start":{"line":26,"column":30},"end":{"line":28,"column":1}},"14":{"start":{"line":27,"column":2},"end":{"line":27,"column":40}},"15":{"start":{"line":26,"column":13},"end":{"line":26,"column":30}},"16":{"start":{"line":30,"column":32},"end":{"line":35,"column":1}},"17":{"start":{"line":31,"column":2},"end":{"line":34,"column":4}},"18":{"start":{"line":30,"column":13},"end":{"line":30,"column":32}},"19":{"start":{"line":37,"column":25},"end":{"line":39,"column":1}},"20":{"start":{"line":38,"column":2},"end":{"line":38,"column":30}},"21":{"start":{"line":37,"column":13},"end":{"line":37,"column":25}},"22":{"start":{"line":41,"column":30},"end":{"line":43,"column":1}},"23":{"start":{"line":42,"column":2},"end":{"line":42,"column":50}},"24":{"start":{"line":41,"column":13},"end":{"line":41,"column":30}},"25":{"start":{"line":45,"column":31},"end":{"line":47,"column":1}},"26":{"start":{"line":46,"column":2},"end":{"line":46,"column":50}},"27":{"start":{"line":45,"column":13},"end":{"line":45,"column":31}},"28":{"start":{"line":49,"column":25},"end":{"line":66,"column":1}},"29":{"start":{"line":50,"column":28},"end":{"line":50,"column":155}},"30":{"start":{"line":51,"column":13},"end":{"line":51,"column":26}},"31":{"start":{"line":52,"column":2},"end":{"line":52,"column":49}},"32":{"start":{"line":52,"column":23},"end":{"line":52,"column":49}},"33":{"start":{"line":53,"column":2},"end":{"line":53,"column":83}},"34":{"start":{"line":53,"column":23},"end":{"line":53,"column":83}},"35":{"start":{"line":53,"column":46},"end":{"line":53,"column":81}},"36":{"start":{"line":54,"column":2},"end":{"line":58,"column":null}},"37":{"start":{"line":54,"column":15},"end":{"line":54,"column":16}},"38":{"start":{"line":55,"column":4},"end":{"line":57,"column":null}},"39":{"start":{"line":56,"column":6},"end":{"line":56,"column":133}},"40":{"start":{"line":59,"column":2},"end":{"line":63,"column":null}},"41":{"start":{"line":60,"column":4},"end":{"line":60,"column":23}},"42":{"start":{"line":61,"column":4},"end":{"line":61,"column":38}},"43":{"start":{"line":62,"column":4},"end":{"line":62,"column":38}},"44":{"start":{"line":64,"column":2},"end":{"line":64,"column":23}},"45":{"start":{"line":65,"column":2},"end":{"line":65,"column":67}},"46":{"start":{"line":65,"column":27},"end":{"line":65,"column":65}},"47":{"start":{"line":49,"column":13},"end":{"line":49,"column":25}},"48":{"start":{"line":68,"column":18},"end":{"line":71,"column":1}},"49":{"start":{"line":69,"column":26},"end":{"line":69,"column":40}},"50":{"start":{"line":70,"column":2},"end":{"line":70,"column":19}},"51":{"start":{"line":73,"column":16},"end":{"line":75,"column":1}},"52":{"start":{"line":74,"column":2},"end":{"line":74,"column":55}},"53":{"start":{"line":74,"column":41},"end":{"line":74,"column":53}},"54":{"start":{"line":77,"column":19},"end":{"line":77,"column":97}},"55":{"start":{"line":79,"column":25},"end":{"line":87,"column":1}},"56":{"start":{"line":80,"column":18},"end":{"line":80,"column":36}},"57":{"start":{"line":81,"column":19},"end":{"line":83,"column":4}},"58":{"start":{"line":82,"column":4},"end":{"line":82,"column":86}},"59":{"start":{"line":84,"column":22},"end":{"line":84,"column":40}},"60":{"start":{"line":86,"column":2},"end":{"line":86,"column":21}},"61":{"start":{"line":79,"column":13},"end":{"line":79,"column":25}},"62":{"start":{"line":89,"column":33},"end":{"line":91,"column":1}},"63":{"start":{"line":90,"column":2},"end":{"line":90,"column":27}},"64":{"start":{"line":89,"column":13},"end":{"line":89,"column":33}},"65":{"start":{"line":93,"column":31},"end":{"line":106,"column":1}},"66":{"start":{"line":94,"column":25},"end":{"line":94,"column":27}},"67":{"start":{"line":96,"column":2},"end":{"line":103,"column":null}},"68":{"start":{"line":97,"column":19},"end":{"line":97,"column":46}},"69":{"start":{"line":98,"column":4},"end":{"line":102,"column":7}},"70":{"start":{"line":99,"column":6},"end":{"line":101,"column":null}},"71":{"start":{"line":100,"column":8},"end":{"line":100,"column":80}},"72":{"start":{"line":105,"column":2},"end":{"line":105,"column":26}},"73":{"start":{"line":93,"column":13},"end":{"line":93,"column":31}},"74":{"start":{"line":108,"column":42},"end":{"line":111,"column":1}},"75":{"start":{"line":109,"column":20},"end":{"line":109,"column":67}},"76":{"start":{"line":109,"column":45},"end":{"line":109,"column":66}},"77":{"start":{"line":110,"column":2},"end":{"line":110,"column":19}},"78":{"start":{"line":108,"column":13},"end":{"line":108,"column":42}},"79":{"start":{"line":113,"column":34},"end":{"line":119,"column":1}},"80":{"start":{"line":114,"column":2},"end":{"line":118,"column":null}},"81":{"start":{"line":115,"column":4},"end":{"line":115,"column":41}},"82":{"start":{"line":117,"column":4},"end":{"line":117,"column":49}},"83":{"start":{"line":113,"column":13},"end":{"line":113,"column":34}},"84":{"start":{"line":120,"column":0},"end":{"line":120,"column":32}},"85":{"start":{"line":122,"column":30},"end":{"line":124,"column":1}},"86":{"start":{"line":123,"column":2},"end":{"line":123,"column":36}},"87":{"start":{"line":122,"column":13},"end":{"line":122,"column":30}}},"fnMap":{"0":{"name":"(anonymous_1)","decl":{"start":{"line":12,"column":29},"end":{"line":12,"column":32}},"loc":{"start":{"line":12,"column":34},"end":{"line":20,"column":1}}},"1":{"name":"(anonymous_2)","decl":{"start":{"line":22,"column":30},"end":{"line":22,"column":31}},"loc":{"start":{"line":22,"column":51},"end":{"line":24,"column":1}}},"2":{"name":"(anonymous_3)","decl":{"start":{"line":26,"column":30},"end":{"line":26,"column":33}},"loc":{"start":{"line":26,"column":35},"end":{"line":28,"column":1}}},"3":{"name":"(anonymous_4)","decl":{"start":{"line":30,"column":32},"end":{"line":30,"column":35}},"loc":{"start":{"line":30,"column":37},"end":{"line":35,"column":1}}},"4":{"name":"(anonymous_5)","decl":{"start":{"line":37,"column":25},"end":{"line":37,"column":26}},"loc":{"start":{"line":37,"column":40},"end":{"line":39,"column":1}}},"5":{"name":"(anonymous_6)","decl":{"start":{"line":41,"column":30},"end":{"line":41,"column":31}},"loc":{"start":{"line":41,"column":45},"end":{"line":43,"column":1}}},"6":{"name":"(anonymous_7)","decl":{"start":{"line":45,"column":31},"end":{"line":45,"column":32}},"loc":{"start":{"line":45,"column":46},"end":{"line":47,"column":1}}},"7":{"name":"(anonymous_8)","decl":{"start":{"line":49,"column":25},"end":{"line":49,"column":26}},"loc":{"start":{"line":49,"column":73},"end":{"line":66,"column":1}}},"8":{"name":"(anonymous_9)","decl":{"start":{"line":53,"column":37},"end":{"line":53,"column":38}},"loc":{"start":{"line":53,"column":46},"end":{"line":53,"column":81}}},"9":{"name":"(anonymous_10)","decl":{"start":{"line":65,"column":18},"end":{"line":65,"column":19}},"loc":{"start":{"line":65,"column":27},"end":{"line":65,"column":65}}},"10":{"name":"(anonymous_11)","decl":{"start":{"line":68,"column":18},"end":{"line":68,"column":19}},"loc":{"start":{"line":68,"column":36},"end":{"line":71,"column":1}}},"11":{"name":"(anonymous_12)","decl":{"start":{"line":73,"column":16},"end":{"line":73,"column":17}},"loc":{"start":{"line":73,"column":45},"end":{"line":75,"column":1}}},"12":{"name":"(anonymous_13)","decl":{"start":{"line":74,"column":18},"end":{"line":74,"column":19}},"loc":{"start":{"line":74,"column":41},"end":{"line":74,"column":53}}},"13":{"name":"(anonymous_14)","decl":{"start":{"line":79,"column":25},"end":{"line":79,"column":26}},"loc":{"start":{"line":79,"column":45},"end":{"line":87,"column":1}}},"14":{"name":"(anonymous_15)","decl":{"start":{"line":81,"column":32},"end":{"line":81,"column":42}},"loc":{"start":{"line":81,"column":61},"end":{"line":83,"column":3}}},"15":{"name":"(anonymous_16)","decl":{"start":{"line":89,"column":33},"end":{"line":89,"column":34}},"loc":{"start":{"line":89,"column":51},"end":{"line":91,"column":1}}},"16":{"name":"(anonymous_17)","decl":{"start":{"line":93,"column":31},"end":{"line":93,"column":32}},"loc":{"start":{"line":93,"column":77},"end":{"line":106,"column":1}}},"17":{"name":"(anonymous_18)","decl":{"start":{"line":98,"column":16},"end":{"line":98,"column":17}},"loc":{"start":{"line":98,"column":24},"end":{"line":102,"column":5}}},"18":{"name":"(anonymous_19)","decl":{"start":{"line":108,"column":42},"end":{"line":108,"column":43}},"loc":{"start":{"line":108,"column":133},"end":{"line":111,"column":1}}},"19":{"name":"(anonymous_20)","decl":{"start":{"line":109,"column":38},"end":{"line":109,"column":39}},"loc":{"start":{"line":109,"column":45},"end":{"line":109,"column":66}}},"20":{"name":"(anonymous_21)","decl":{"start":{"line":113,"column":34},"end":{"line":113,"column":35}},"loc":{"start":{"line":113,"column":77},"end":{"line":119,"column":1}}},"21":{"name":"(anonymous_22)","decl":{"start":{"line":122,"column":30},"end":{"line":122,"column":31}},"loc":{"start":{"line":122,"column":76},"end":{"line":124,"column":1}}}},"branchMap":{"0":{"loc":{"start":{"line":15,"column":16},"end":{"line":15,"column":32}},"type":"binary-expr","locations":[{"start":{"line":15,"column":16},"end":{"line":15,"column":32}},{"start":{"line":15,"column":36},"end":{"line":15,"column":38}}]},"1":{"loc":{"start":{"line":38,"column":17},"end":{"line":38,"column":22}},"type":"cond-expr","locations":[{"start":{"line":38,"column":17},"end":{"line":38,"column":22}},{"start":{"line":38,"column":25},"end":{"line":38,"column":29}}]},"2":{"loc":{"start":{"line":42,"column":17},"end":{"line":42,"column":42}},"type":"cond-expr","locations":[{"start":{"line":42,"column":17},"end":{"line":42,"column":42}},{"start":{"line":42,"column":45},"end":{"line":42,"column":49}}]},"3":{"loc":{"start":{"line":46,"column":17},"end":{"line":46,"column":42}},"type":"cond-expr","locations":[{"start":{"line":46,"column":17},"end":{"line":46,"column":42}},{"start":{"line":46,"column":45},"end":{"line":46,"column":49}}]},"4":{"loc":{"start":{"line":49,"column":58},"end":{"line":49,"column":59}},"type":"default-arg","locations":[{"start":{"line":49,"column":58},"end":{"line":49,"column":59}}]},"5":{"loc":{"start":{"line":52,"column":2},"end":{"line":52,"column":49}},"type":"if","locations":[{"start":{"line":52,"column":2},"end":{"line":52,"column":49}},{"start":{"line":52,"column":2},"end":{"line":52,"column":49}}]},"6":{"loc":{"start":{"line":53,"column":2},"end":{"line":53,"column":83}},"type":"if","locations":[{"start":{"line":53,"column":2},"end":{"line":53,"column":83}},{"start":{"line":53,"column":2},"end":{"line":53,"column":83}}]},"7":{"loc":{"start":{"line":55,"column":4},"end":{"line":57,"column":null}},"type":"if","locations":[{"start":{"line":55,"column":4},"end":{"line":57,"column":null}},{"start":{"line":55,"column":4},"end":{"line":57,"column":null}}]},"8":{"loc":{"start":{"line":59,"column":2},"end":{"line":63,"column":null}},"type":"if","locations":[{"start":{"line":59,"column":2},"end":{"line":63,"column":null}},{"start":{"line":59,"column":2},"end":{"line":63,"column":null}}]},"9":{"loc":{"start":{"line":59,"column":6},"end":{"line":59,"column":22}},"type":"binary-expr","locations":[{"start":{"line":59,"column":6},"end":{"line":59,"column":22}},{"start":{"line":59,"column":26},"end":{"line":59,"column":45}}]},"10":{"loc":{"start":{"line":96,"column":2},"end":{"line":103,"column":null}},"type":"if","locations":[{"start":{"line":96,"column":2},"end":{"line":103,"column":null}},{"start":{"line":96,"column":2},"end":{"line":103,"column":null}}]},"11":{"loc":{"start":{"line":96,"column":6},"end":{"line":96,"column":17}},"type":"binary-expr","locations":[{"start":{"line":96,"column":6},"end":{"line":96,"column":17}},{"start":{"line":96,"column":21},"end":{"line":96,"column":35}}]},"12":{"loc":{"start":{"line":97,"column":34},"end":{"line":97,"column":36}},"type":"cond-expr","locations":[{"start":{"line":97,"column":34},"end":{"line":97,"column":36}},{"start":{"line":97,"column":34},"end":{"line":97,"column":46}}]},"13":{"loc":{"start":{"line":97,"column":19},"end":{"line":97,"column":36}},"type":"binary-expr","locations":[{"start":{"line":97,"column":19},"end":{"line":97,"column":36}},{"start":{"line":97,"column":34},"end":{"line":97,"column":36}}]},"14":{"loc":{"start":{"line":98,"column":10},"end":{"line":98,"column":12}},"type":"cond-expr","locations":[{"start":{"line":98,"column":10},"end":{"line":98,"column":12}},{"start":{"line":98,"column":4},"end":{"line":102,"column":6}}]},"15":{"loc":{"start":{"line":98,"column":4},"end":{"line":98,"column":12}},"type":"binary-expr","locations":[{"start":{"line":98,"column":4},"end":{"line":98,"column":12}},{"start":{"line":98,"column":4},"end":{"line":98,"column":12}}]},"16":{"loc":{"start":{"line":99,"column":6},"end":{"line":101,"column":null}},"type":"if","locations":[{"start":{"line":99,"column":6},"end":{"line":101,"column":null}},{"start":{"line":99,"column":6},"end":{"line":101,"column":null}}]},"17":{"loc":{"start":{"line":113,"column":72},"end":{"line":113,"column":73}},"type":"default-arg","locations":[{"start":{"line":113,"column":72},"end":{"line":113,"column":73}}]},"18":{"loc":{"start":{"line":114,"column":2},"end":{"line":118,"column":null}},"type":"if","locations":[{"start":{"line":114,"column":2},"end":{"line":118,"column":null}},{"start":{"line":114,"column":2},"end":{"line":118,"column":null}}]},"19":{"loc":{"start":{"line":122,"column":52},"end":{"line":122,"column":72}},"type":"default-arg","locations":[{"start":{"line":122,"column":52},"end":{"line":122,"column":72}}]}},"s":{"0":66,"1":66,"2":66,"3":66,"4":66,"5":66,"6":66,"7":66,"8":0,"9":66,"10":66,"11":0,"12":66,"13":66,"14":0,"15":66,"16":66,"17":0,"18":66,"19":66,"20":1,"21":66,"22":66,"23":1,"24":66,"25":66,"26":2,"27":66,"28":66,"29":5,"30":5,"31":5,"32":1,"33":4,"34":2,"35":4,"36":2,"37":2,"38":6,"39":2,"40":0,"41":0,"42":0,"43":0,"44":0,"45":0,"46":0,"47":66,"48":66,"49":20,"50":20,"51":66,"52":5,"53":20,"54":66,"55":66,"56":4,"57":4,"58":8,"59":4,"60":4,"61":66,"62":66,"63":0,"64":66,"65":66,"66":0,"67":0,"68":0,"69":0,"70":0,"71":0,"72":0,"73":66,"74":66,"75":0,"76":0,"77":0,"78":66,"79":66,"80":3,"81":3,"82":0,"83":66,"84":66,"85":66,"86":0,"87":66},"f":{"0":0,"1":0,"2":0,"3":0,"4":1,"5":1,"6":2,"7":5,"8":4,"9":0,"10":20,"11":5,"12":20,"13":4,"14":8,"15":0,"16":0,"17":0,"18":0,"19":0,"20":3,"21":0},"b":{"0":[0,0],"1":[1,0],"2":[0,1],"3":[0,2],"4":[5],"5":[1,4],"6":[2,2],"7":[2,4],"8":[0,0],"9":[0,0],"10":[0,0],"11":[0,0],"12":[0,0],"13":[0,0],"14":[0,0],"15":[0,0],"16":[0,0],"17":[3],"18":[3,0],"19":[0]}}
,"/Users/avalithmacpro/Desktop/flow/backo-service/app/src/helpers/enums/bHubOperation.ts": {"path":"/Users/avalithmacpro/Desktop/flow/backo-service/app/src/helpers/enums/bHubOperation.ts","statementMap":{"0":{"start":{"line":1,"column":13},"end":{"line":3,"column":null}}},"fnMap":{},"branchMap":{},"s":{"0":35},"f":{},"b":{}}
,"/Users/avalithmacpro/Desktop/flow/backo-service/app/src/helpers/enums/dayMap.ts": {"path":"/Users/avalithmacpro/Desktop/flow/backo-service/app/src/helpers/enums/dayMap.ts","statementMap":{"0":{"start":{"line":1,"column":0},"end":{"line":1,"column":null}},"1":{"start":{"line":2,"column":2},"end":{"line":2,"column":null}},"2":{"start":{"line":3,"column":2},"end":{"line":3,"column":null}},"3":{"start":{"line":4,"column":2},"end":{"line":4,"column":null}},"4":{"start":{"line":5,"column":2},"end":{"line":5,"column":null}},"5":{"start":{"line":6,"column":2},"end":{"line":6,"column":null}},"6":{"start":{"line":7,"column":2},"end":{"line":7,"column":null}},"7":{"start":{"line":8,"column":2},"end":{"line":8,"column":null}}},"fnMap":{"0":{"name":"(anonymous_0)","decl":{"start":{"line":1,"column":0},"end":{"line":1,"column":12}},"loc":{"start":{"line":1,"column":18},"end":{"line":9,"column":1}}}},"branchMap":{"0":{"loc":{"start":{"line":1,"column":12},"end":{"line":1,"column":18}},"type":"binary-expr","locations":[{"start":{"line":1,"column":12},"end":{"line":1,"column":18}},{"start":{"line":1,"column":12},"end":{"line":1,"column":null}}]}},"s":{"0":66,"1":66,"2":66,"3":66,"4":66,"5":66,"6":66,"7":66},"f":{"0":66},"b":{"0":[66,66]}}
,"/Users/avalithmacpro/Desktop/flow/backo-service/app/src/helpers/enums/dynamicPromotionType.ts": {"path":"/Users/avalithmacpro/Desktop/flow/backo-service/app/src/helpers/enums/dynamicPromotionType.ts","statementMap":{"0":{"start":{"line":1,"column":13},"end":{"line":5,"column":null}}},"fnMap":{},"branchMap":{},"s":{"0":35},"f":{},"b":{}}
,"/Users/avalithmacpro/Desktop/flow/backo-service/app/src/helpers/enums/failureType.ts": {"path":"/Users/avalithmacpro/Desktop/flow/backo-service/app/src/helpers/enums/failureType.ts","statementMap":{"0":{"start":{"line":1,"column":0},"end":{"line":1,"column":null}},"1":{"start":{"line":2,"column":4},"end":{"line":2,"column":null}},"2":{"start":{"line":3,"column":4},"end":{"line":3,"column":null}}},"fnMap":{"0":{"name":"(anonymous_0)","decl":{"start":{"line":1,"column":0},"end":{"line":1,"column":12}},"loc":{"start":{"line":1,"column":23},"end":{"line":4,"column":1}}}},"branchMap":{"0":{"loc":{"start":{"line":1,"column":12},"end":{"line":1,"column":23}},"type":"binary-expr","locations":[{"start":{"line":1,"column":12},"end":{"line":1,"column":23}},{"start":{"line":1,"column":12},"end":{"line":1,"column":null}}]}},"s":{"0":54,"1":54,"2":54},"f":{"0":54},"b":{"0":[54,54]}}
,"/Users/avalithmacpro/Desktop/flow/backo-service/app/src/helpers/enums/historyEvent.ts": {"path":"/Users/avalithmacpro/Desktop/flow/backo-service/app/src/helpers/enums/historyEvent.ts","statementMap":{"0":{"start":{"line":1,"column":13},"end":{"line":3,"column":null}}},"fnMap":{},"branchMap":{},"s":{"0":35},"f":{},"b":{}}
,"/Users/avalithmacpro/Desktop/flow/backo-service/app/src/helpers/enums/index.ts": {"path":"/Users/avalithmacpro/Desktop/flow/backo-service/app/src/helpers/enums/index.ts","statementMap":{"0":{"start":{"line":1,"column":0},"end":{"line":1,"column":9}},"1":{"start":{"line":9,"column":44},"end":{"line":1,"column":52}},"2":{"start":{"line":2,"column":0},"end":{"line":2,"column":9}},"3":{"start":{"line":9,"column":29},"end":{"line":2,"column":44}},"4":{"start":{"line":3,"column":0},"end":{"line":3,"column":9}},"5":{"start":{"line":9,"column":10},"end":{"line":3,"column":52}},"6":{"start":{"line":4,"column":0},"end":{"line":4,"column":9}},"7":{"start":{"line":9,"column":63},"end":{"line":4,"column":52}},"8":{"start":{"line":5,"column":0},"end":{"line":5,"column":9}},"9":{"start":{"line":9,"column":82},"end":{"line":5,"column":52}},"10":{"start":{"line":6,"column":0},"end":{"line":6,"column":9}},"11":{"start":{"line":9,"column":101},"end":{"line":6,"column":58}},"12":{"start":{"line":7,"column":0},"end":{"line":7,"column":9}},"13":{"start":{"line":9,"column":123},"end":{"line":7,"column":62}}},"fnMap":{"0":{"name":"(anonymous_0)","decl":{"start":{"line":9,"column":44},"end":{"line":9,"column":61}},"loc":{"start":{"line":9,"column":44},"end":{"line":1,"column":52}}},"1":{"name":"(anonymous_1)","decl":{"start":{"line":9,"column":29},"end":{"line":9,"column":42}},"loc":{"start":{"line":9,"column":29},"end":{"line":2,"column":44}}},"2":{"name":"(anonymous_2)","decl":{"start":{"line":9,"column":10},"end":{"line":9,"column":27}},"loc":{"start":{"line":9,"column":10},"end":{"line":3,"column":52}}},"3":{"name":"(anonymous_3)","decl":{"start":{"line":9,"column":63},"end":{"line":9,"column":80}},"loc":{"start":{"line":9,"column":63},"end":{"line":4,"column":52}}},"4":{"name":"(anonymous_4)","decl":{"start":{"line":9,"column":82},"end":{"line":9,"column":99}},"loc":{"start":{"line":9,"column":82},"end":{"line":5,"column":52}}},"5":{"name":"(anonymous_5)","decl":{"start":{"line":9,"column":101},"end":{"line":9,"column":121}},"loc":{"start":{"line":9,"column":101},"end":{"line":6,"column":58}}},"6":{"name":"(anonymous_6)","decl":{"start":{"line":9,"column":123},"end":{"line":9,"column":143}},"loc":{"start":{"line":9,"column":123},"end":{"line":7,"column":62}}}},"branchMap":{},"s":{"0":35,"1":37,"2":35,"3":36,"4":35,"5":38,"6":35,"7":35,"8":35,"9":38,"10":35,"11":35,"12":35,"13":35},"f":{"0":2,"1":1,"2":3,"3":0,"4":3,"5":0,"6":0},"b":{}}
,"/Users/avalithmacpro/Desktop/flow/backo-service/app/src/helpers/enums/operationType.ts": {"path":"/Users/avalithmacpro/Desktop/flow/backo-service/app/src/helpers/enums/operationType.ts","statementMap":{"0":{"start":{"line":1,"column":13},"end":{"line":7,"column":2}},"1":{"start":{"line":9,"column":13},"end":{"line":14,"column":2}},"2":{"start":{"line":16,"column":13},"end":{"line":19,"column":2}}},"fnMap":{},"branchMap":{},"s":{"0":35,"1":35,"2":35},"f":{},"b":{}}
,"/Users/avalithmacpro/Desktop/flow/backo-service/app/src/helpers/enums/productOperation.ts": {"path":"/Users/avalithmacpro/Desktop/flow/backo-service/app/src/helpers/enums/productOperation.ts","statementMap":{"0":{"start":{"line":1,"column":13},"end":{"line":3,"column":null}}},"fnMap":{},"branchMap":{},"s":{"0":35},"f":{},"b":{}}
,"/Users/avalithmacpro/Desktop/flow/backo-service/app/src/helpers/enums/typeLimit.ts": {"path":"/Users/avalithmacpro/Desktop/flow/backo-service/app/src/helpers/enums/typeLimit.ts","statementMap":{"0":{"start":{"line":1,"column":13},"end":{"line":5,"column":null}},"1":{"start":{"line":7,"column":13},"end":{"line":10,"column":null}}},"fnMap":{},"branchMap":{},"s":{"0":35,"1":35},"f":{},"b":{}}
,"/Users/avalithmacpro/Desktop/flow/backo-service/app/src/helpers/enums/typePromotion.ts": {"path":"/Users/avalithmacpro/Desktop/flow/backo-service/app/src/helpers/enums/typePromotion.ts","statementMap":{"0":{"start":{"line":1,"column":13},"end":{"line":4,"column":null}}},"fnMap":{},"branchMap":{},"s":{"0":35},"f":{},"b":{}}
,"/Users/avalithmacpro/Desktop/flow/backo-service/app/src/helpers/enums/userCondition.ts": {"path":"/Users/avalithmacpro/Desktop/flow/backo-service/app/src/helpers/enums/userCondition.ts","statementMap":{"0":{"start":{"line":1,"column":13},"end":{"line":4,"column":null}}},"fnMap":{},"branchMap":{},"s":{"0":35},"f":{},"b":{}}
,"/Users/avalithmacpro/Desktop/flow/backo-service/app/src/infraestructure/repository/bannerRepository.ts": {"path":"/Users/avalithmacpro/Desktop/flow/backo-service/app/src/infraestructure/repository/bannerRepository.ts","statementMap":{"0":{"start":{"line":1,"column":0},"end":{"line":1,"column":104}},"1":{"start":{"line":4,"column":0},"end":{"line":4,"column":42}},"2":{"start":{"line":5,"column":0},"end":{"line":5,"column":54}},"3":{"start":{"line":7,"column":0},"end":{"line":30,"column":null}},"4":{"start":{"line":9,"column":4},"end":{"line":15,"column":17}},"5":{"start":{"line":19,"column":4},"end":{"line":19,"column":43}},"6":{"start":{"line":22,"column":4},"end":{"line":22,"column":47}},"7":{"start":{"line":25,"column":24},"end":{"line":27,"column":6}},"8":{"start":{"line":28,"column":4},"end":{"line":28,"column":100}},"9":{"start":{"line":7,"column":13},"end":{"line":30,"column":null}},"10":{"start":{"line":7,"column":13},"end":{"line":7,"column":29}},"11":{"start":{"line":33,"column":15},"end":{"line":33,"column":30}},"12":{"start":{"line":34,"column":2},"end":{"line":34,"column":52}},"13":{"start":{"line":32,"column":0},"end":{"line":32,"column":16}}},"fnMap":{"0":{"name":"(anonymous_8)","decl":{"start":{"line":8,"column":8},"end":{"line":8,"column":18}},"loc":{"start":{"line":8,"column":18},"end":{"line":16,"column":null}}},"1":{"name":"(anonymous_10)","decl":{"start":{"line":18,"column":8},"end":{"line":18,"column":20}},"loc":{"start":{"line":18,"column":35},"end":{"line":20,"column":null}}},"2":{"name":"(anonymous_12)","decl":{"start":{"line":21,"column":2},"end":{"line":21,"column":14}},"loc":{"start":{"line":21,"column":41},"end":{"line":23,"column":3}}},"3":{"name":"(anonymous_13)","decl":{"start":{"line":24,"column":8},"end":{"line":24,"column":20}},"loc":{"start":{"line":24,"column":31},"end":{"line":29,"column":null}}},"4":{"name":"getBannerRepository","decl":{"start":{"line":32,"column":16},"end":{"line":32,"column":35}},"loc":{"start":{"line":32,"column":35},"end":{"line":35,"column":1}}}},"branchMap":{"0":{"loc":{"start":{"line":28,"column":20},"end":{"line":28,"column":92}},"type":"cond-expr","locations":[{"start":{"line":28,"column":20},"end":{"line":28,"column":92}},{"start":{"line":28,"column":95},"end":{"line":28,"column":99}}]}},"s":{"0":36,"1":36,"2":36,"3":36,"4":1,"5":0,"6":0,"7":0,"8":0,"9":36,"10":36,"11":0,"12":0,"13":36},"f":{"0":1,"1":0,"2":0,"3":0,"4":0},"b":{"0":[0,0]}}
,"/Users/avalithmacpro/Desktop/flow/backo-service/app/src/infraestructure/repository/campaignRepository.ts": {"path":"/Users/avalithmacpro/Desktop/flow/backo-service/app/src/infraestructure/repository/campaignRepository.ts","statementMap":{"0":{"start":{"line":2,"column":0},"end":{"line":2,"column":90}},"1":{"start":{"line":3,"column":0},"end":{"line":3,"column":44}},"2":{"start":{"line":5,"column":0},"end":{"line":5,"column":51}},"3":{"start":{"line":7,"column":0},"end":{"line":7,"column":69}},"4":{"start":{"line":11,"column":0},"end":{"line":71,"column":null}},"5":{"start":{"line":13,"column":19},"end":{"line":16,"column":6}},"6":{"start":{"line":18,"column":22},"end":{"line":20,"column":6}},"7":{"start":{"line":19,"column":6},"end":{"line":19,"column":43}},"8":{"start":{"line":22,"column":4},"end":{"line":22,"column":21}},"9":{"start":{"line":27,"column":24},"end":{"line":27,"column":99}},"10":{"start":{"line":29,"column":51},"end":{"line":32,"column":null}},"11":{"start":{"line":34,"column":4},"end":{"line":34,"column":29}},"12":{"start":{"line":39,"column":30},"end":{"line":44,"column":null}},"13":{"start":{"line":47,"column":6},"end":{"line":47,"column":34}},"14":{"start":{"line":49,"column":4},"end":{"line":49,"column":70}},"15":{"start":{"line":54,"column":30},"end":{"line":59,"column":null}},"16":{"start":{"line":61,"column":6},"end":{"line":61,"column":32}},"17":{"start":{"line":62,"column":25},"end":{"line":62,"column":90}},"18":{"start":{"line":64,"column":53},"end":{"line":67,"column":null}},"19":{"start":{"line":69,"column":6},"end":{"line":69,"column":31}},"20":{"start":{"line":11,"column":13},"end":{"line":71,"column":null}},"21":{"start":{"line":11,"column":13},"end":{"line":11,"column":31}},"22":{"start":{"line":74,"column":15},"end":{"line":74,"column":30}},"23":{"start":{"line":75,"column":2},"end":{"line":75,"column":54}},"24":{"start":{"line":73,"column":0},"end":{"line":73,"column":16}}},"fnMap":{"0":{"name":"(anonymous_8)","decl":{"start":{"line":12,"column":8},"end":{"line":12,"column":22}},"loc":{"start":{"line":12,"column":36},"end":{"line":23,"column":null}}},"1":{"name":"(anonymous_10)","decl":{"start":{"line":18,"column":33},"end":{"line":18,"column":34}},"loc":{"start":{"line":18,"column":46},"end":{"line":20,"column":5}}},"2":{"name":"(anonymous_11)","decl":{"start":{"line":25,"column":8},"end":{"line":25,"column":22}},"loc":{"start":{"line":25,"column":51},"end":{"line":35,"column":null}}},"3":{"name":"(anonymous_13)","decl":{"start":{"line":37,"column":8},"end":{"line":37,"column":22}},"loc":{"start":{"line":37,"column":33},"end":{"line":50,"column":null}}},"4":{"name":"(anonymous_15)","decl":{"start":{"line":52,"column":8},"end":{"line":52,"column":20}},"loc":{"start":{"line":52,"column":57},"end":{"line":70,"column":null}}},"5":{"name":"getCampaignRepository","decl":{"start":{"line":73,"column":16},"end":{"line":73,"column":37}},"loc":{"start":{"line":73,"column":37},"end":{"line":76,"column":1}}}},"branchMap":{"0":{"loc":{"start":{"line":14,"column":18},"end":{"line":14,"column":36}},"type":"cond-expr","locations":[{"start":{"line":14,"column":18},"end":{"line":14,"column":36}},{"start":{"line":14,"column":39},"end":{"line":14,"column":52}}]}},"s":{"0":36,"1":36,"2":36,"3":36,"4":36,"5":1,"6":1,"7":1,"8":1,"9":1,"10":1,"11":1,"12":1,"13":1,"14":1,"15":1,"16":1,"17":1,"18":1,"19":1,"20":36,"21":36,"22":0,"23":0,"24":36},"f":{"0":1,"1":1,"2":1,"3":1,"4":1,"5":0},"b":{"0":[0,1]}}
,"/Users/avalithmacpro/Desktop/flow/backo-service/app/src/infraestructure/repository/channelPromotionRepository.ts": {"path":"/Users/avalithmacpro/Desktop/flow/backo-service/app/src/infraestructure/repository/channelPromotionRepository.ts","statementMap":{"0":{"start":{"line":1,"column":0},"end":{"line":1,"column":70}},"1":{"start":{"line":2,"column":0},"end":{"line":2,"column":52}},"2":{"start":{"line":6,"column":0},"end":{"line":6,"column":124}},"3":{"start":{"line":7,"column":0},"end":{"line":7,"column":86}},"4":{"start":{"line":9,"column":0},"end":{"line":9,"column":69}},"5":{"start":{"line":11,"column":0},"end":{"line":11,"column":50}},"6":{"start":{"line":14,"column":0},"end":{"line":117,"column":null}},"7":{"start":{"line":16,"column":25},"end":{"line":21,"column":null}},"8":{"start":{"line":23,"column":4},"end":{"line":23,"column":46}},"9":{"start":{"line":27,"column":19},"end":{"line":33,"column":16}},"10":{"start":{"line":34,"column":17},"end":{"line":34,"column":66}},"11":{"start":{"line":34,"column":35},"end":{"line":34,"column":65}},"12":{"start":{"line":35,"column":4},"end":{"line":35,"column":16}},"13":{"start":{"line":39,"column":29},"end":{"line":43,"column":6}},"14":{"start":{"line":45,"column":4},"end":{"line":45,"column":40}},"15":{"start":{"line":47,"column":4},"end":{"line":47,"column":68}},"16":{"start":{"line":51,"column":50},"end":{"line":51,"column":61}},"17":{"start":{"line":52,"column":19},"end":{"line":58,"column":16}},"18":{"start":{"line":59,"column":18},"end":{"line":59,"column":37}},"19":{"start":{"line":61,"column":4},"end":{"line":61,"column":17}},"20":{"start":{"line":65,"column":24},"end":{"line":65,"column":34}},"21":{"start":{"line":66,"column":19},"end":{"line":90,"column":18}},"22":{"start":{"line":92,"column":4},"end":{"line":93,"column":23}},"23":{"start":{"line":92,"column":16},"end":{"line":92,"column":64}},"24":{"start":{"line":93,"column":9},"end":{"line":93,"column":23}},"25":{"start":{"line":97,"column":18},"end":{"line":97,"column":34}},"26":{"start":{"line":98,"column":24},"end":{"line":98,"column":34}},"27":{"start":{"line":100,"column":19},"end":{"line":111,"column":19}},"28":{"start":{"line":113,"column":17},"end":{"line":113,"column":73}},"29":{"start":{"line":113,"column":35},"end":{"line":113,"column":72}},"30":{"start":{"line":115,"column":4},"end":{"line":115,"column":16}},"31":{"start":{"line":14,"column":13},"end":{"line":117,"column":null}},"32":{"start":{"line":14,"column":13},"end":{"line":14,"column":39}},"33":{"start":{"line":120,"column":15},"end":{"line":120,"column":30}},"34":{"start":{"line":121,"column":2},"end":{"line":121,"column":62}},"35":{"start":{"line":119,"column":0},"end":{"line":119,"column":16}}},"fnMap":{"0":{"name":"(anonymous_8)","decl":{"start":{"line":15,"column":8},"end":{"line":15,"column":34}},"loc":{"start":{"line":15,"column":74},"end":{"line":24,"column":null}}},"1":{"name":"(anonymous_10)","decl":{"start":{"line":26,"column":8},"end":{"line":26,"column":29}},"loc":{"start":{"line":26,"column":40},"end":{"line":36,"column":null}}},"2":{"name":"(anonymous_12)","decl":{"start":{"line":34,"column":28},"end":{"line":34,"column":29}},"loc":{"start":{"line":34,"column":35},"end":{"line":34,"column":65}}},"3":{"name":"(anonymous_13)","decl":{"start":{"line":38,"column":8},"end":{"line":38,"column":32}},"loc":{"start":{"line":38,"column":43},"end":{"line":48,"column":null}}},"4":{"name":"(anonymous_15)","decl":{"start":{"line":50,"column":8},"end":{"line":50,"column":38}},"loc":{"start":{"line":50,"column":78},"end":{"line":62,"column":null}}},"5":{"name":"(anonymous_17)","decl":{"start":{"line":64,"column":8},"end":{"line":64,"column":44}},"loc":{"start":{"line":64,"column":85},"end":{"line":94,"column":null}}},"6":{"name":"(anonymous_19)","decl":{"start":{"line":96,"column":8},"end":{"line":96,"column":34}},"loc":{"start":{"line":96,"column":68},"end":{"line":116,"column":null}}},"7":{"name":"(anonymous_21)","decl":{"start":{"line":113,"column":28},"end":{"line":113,"column":29}},"loc":{"start":{"line":113,"column":35},"end":{"line":113,"column":72}}},"8":{"name":"getChannelPromotionRepository","decl":{"start":{"line":119,"column":16},"end":{"line":119,"column":45}},"loc":{"start":{"line":119,"column":45},"end":{"line":122,"column":1}}}},"branchMap":{"0":{"loc":{"start":{"line":92,"column":4},"end":{"line":93,"column":23}},"type":"if","locations":[{"start":{"line":92,"column":4},"end":{"line":93,"column":23}},{"start":{"line":92,"column":4},"end":{"line":93,"column":23}}]},"1":{"loc":{"start":{"line":97,"column":18},"end":{"line":97,"column":25}},"type":"binary-expr","locations":[{"start":{"line":97,"column":18},"end":{"line":97,"column":25}},{"start":{"line":97,"column":29},"end":{"line":97,"column":34}}]}},"s":{"0":36,"1":36,"2":36,"3":36,"4":36,"5":36,"6":36,"7":1,"8":1,"9":1,"10":1,"11":1,"12":1,"13":1,"14":1,"15":1,"16":1,"17":1,"18":1,"19":1,"20":3,"21":3,"22":3,"23":2,"24":1,"25":1,"26":1,"27":1,"28":1,"29":1,"30":1,"31":36,"32":36,"33":0,"34":0,"35":36},"f":{"0":1,"1":1,"2":1,"3":1,"4":1,"5":3,"6":1,"7":1,"8":0},"b":{"0":[2,1],"1":[1,0]}}
,"/Users/avalithmacpro/Desktop/flow/backo-service/app/src/infraestructure/repository/channelRepository.ts": {"path":"/Users/avalithmacpro/Desktop/flow/backo-service/app/src/infraestructure/repository/channelRepository.ts","statementMap":{"0":{"start":{"line":1,"column":0},"end":{"line":1,"column":70}},"1":{"start":{"line":2,"column":0},"end":{"line":2,"column":44}},"2":{"start":{"line":5,"column":0},"end":{"line":5,"column":51}},"3":{"start":{"line":9,"column":0},"end":{"line":23,"column":null}},"4":{"start":{"line":12,"column":23},"end":{"line":15,"column":14}},"5":{"start":{"line":17,"column":25},"end":{"line":19,"column":10}},"6":{"start":{"line":18,"column":12},"end":{"line":18,"column":47}},"7":{"start":{"line":21,"column":8},"end":{"line":21,"column":24}},"8":{"start":{"line":9,"column":13},"end":{"line":23,"column":null}},"9":{"start":{"line":9,"column":13},"end":{"line":9,"column":30}},"10":{"start":{"line":25,"column":17},"end":{"line":25,"column":32}},"11":{"start":{"line":26,"column":4},"end":{"line":26,"column":55}},"12":{"start":{"line":24,"column":0},"end":{"line":24,"column":16}}},"fnMap":{"0":{"name":"(anonymous_8)","decl":{"start":{"line":10,"column":10},"end":{"line":10,"column":23}},"loc":{"start":{"line":10,"column":23},"end":{"line":22,"column":null}}},"1":{"name":"(anonymous_10)","decl":{"start":{"line":17,"column":36},"end":{"line":17,"column":43}},"loc":{"start":{"line":17,"column":46},"end":{"line":19,"column":9}}},"2":{"name":"getChannelRepository","decl":{"start":{"line":24,"column":16},"end":{"line":24,"column":36}},"loc":{"start":{"line":24,"column":36},"end":{"line":27,"column":1}}}},"branchMap":{},"s":{"0":35,"1":35,"2":35,"3":35,"4":1,"5":1,"6":1,"7":1,"8":35,"9":35,"10":0,"11":0,"12":35},"f":{"0":1,"1":1,"2":0},"b":{}}
,"/Users/avalithmacpro/Desktop/flow/backo-service/app/src/infraestructure/repository/configTypeLimitRepository.ts": {"path":"/Users/avalithmacpro/Desktop/flow/backo-service/app/src/infraestructure/repository/configTypeLimitRepository.ts","statementMap":{"0":{"start":{"line":2,"column":0},"end":{"line":2,"column":70}},"1":{"start":{"line":3,"column":0},"end":{"line":3,"column":51}},"2":{"start":{"line":7,"column":0},"end":{"line":7,"column":70}},"3":{"start":{"line":10,"column":0},"end":{"line":33,"column":null}},"4":{"start":{"line":14,"column":27},"end":{"line":14,"column":84}},"5":{"start":{"line":16,"column":8},"end":{"line":17,"column":null}},"6":{"start":{"line":17,"column":12},"end":{"line":17,"column":null}},"7":{"start":{"line":19,"column":8},"end":{"line":19,"column":67}},"8":{"start":{"line":24,"column":23},"end":{"line":27,"column":null}},"9":{"start":{"line":30,"column":8},"end":{"line":30,"column":36}},"10":{"start":{"line":10,"column":13},"end":{"line":33,"column":null}},"11":{"start":{"line":10,"column":13},"end":{"line":10,"column":38}},"12":{"start":{"line":36,"column":17},"end":{"line":36,"column":32}},"13":{"start":{"line":37,"column":4},"end":{"line":37,"column":63}},"14":{"start":{"line":35,"column":0},"end":{"line":35,"column":16}}},"fnMap":{"0":{"name":"(anonymous_8)","decl":{"start":{"line":12,"column":10},"end":{"line":12,"column":35}},"loc":{"start":{"line":12,"column":129},"end":{"line":20,"column":null}}},"1":{"name":"(anonymous_10)","decl":{"start":{"line":22,"column":10},"end":{"line":22,"column":40}},"loc":{"start":{"line":22,"column":61},"end":{"line":31,"column":null}}},"2":{"name":"getConfigTypeLimitRepository","decl":{"start":{"line":35,"column":16},"end":{"line":35,"column":44}},"loc":{"start":{"line":35,"column":44},"end":{"line":38,"column":1}}}},"branchMap":{"0":{"loc":{"start":{"line":16,"column":8},"end":{"line":17,"column":null}},"type":"if","locations":[{"start":{"line":16,"column":8},"end":{"line":17,"column":null}},{"start":{"line":16,"column":8},"end":{"line":17,"column":null}}]}},"s":{"0":35,"1":35,"2":35,"3":35,"4":0,"5":0,"6":0,"7":0,"8":0,"9":0,"10":35,"11":35,"12":0,"13":0,"14":35},"f":{"0":0,"1":0,"2":0},"b":{"0":[0,0]}}
,"/Users/avalithmacpro/Desktop/flow/backo-service/app/src/infraestructure/repository/fintechClientsRepository.ts": {"path":"/Users/avalithmacpro/Desktop/flow/backo-service/app/src/infraestructure/repository/fintechClientsRepository.ts","statementMap":{"0":{"start":{"line":2,"column":0},"end":{"line":2,"column":90}},"1":{"start":{"line":3,"column":0},"end":{"line":3,"column":57}},"2":{"start":{"line":5,"column":0},"end":{"line":5,"column":51}},"3":{"start":{"line":7,"column":0},"end":{"line":7,"column":49}},"4":{"start":{"line":10,"column":0},"end":{"line":40,"column":null}},"5":{"start":{"line":12,"column":23},"end":{"line":15,"column":10}},"6":{"start":{"line":17,"column":31},"end":{"line":19,"column":10}},"7":{"start":{"line":18,"column":12},"end":{"line":18,"column":60}},"8":{"start":{"line":20,"column":8},"end":{"line":20,"column":null}},"9":{"start":{"line":24,"column":23},"end":{"line":27,"column":10}},"10":{"start":{"line":29,"column":8},"end":{"line":29,"column":null}},"11":{"start":{"line":33,"column":33},"end":{"line":33,"column":146}},"12":{"start":{"line":35,"column":65},"end":{"line":35,"column":108}},"13":{"start":{"line":37,"column":8},"end":{"line":37,"column":37}},"14":{"start":{"line":10,"column":13},"end":{"line":40,"column":null}},"15":{"start":{"line":10,"column":13},"end":{"line":10,"column":23}},"16":{"start":{"line":43,"column":17},"end":{"line":43,"column":32}},"17":{"start":{"line":44,"column":4},"end":{"line":44,"column":48}},"18":{"start":{"line":42,"column":0},"end":{"line":42,"column":16}}},"fnMap":{"0":{"name":"(anonymous_8)","decl":{"start":{"line":11,"column":10},"end":{"line":11,"column":30}},"loc":{"start":{"line":11,"column":30},"end":{"line":21,"column":null}}},"1":{"name":"(anonymous_10)","decl":{"start":{"line":17,"column":42},"end":{"line":17,"column":55}},"loc":{"start":{"line":17,"column":58},"end":{"line":19,"column":9}}},"2":{"name":"(anonymous_11)","decl":{"start":{"line":23,"column":10},"end":{"line":23,"column":30}},"loc":{"start":{"line":23,"column":47},"end":{"line":30,"column":null}}},"3":{"name":"(anonymous_13)","decl":{"start":{"line":32,"column":10},"end":{"line":32,"column":30}},"loc":{"start":{"line":32,"column":95},"end":{"line":38,"column":null}}},"4":{"name":"getFintechClientsRepository","decl":{"start":{"line":42,"column":16},"end":{"line":42,"column":43}},"loc":{"start":{"line":42,"column":43},"end":{"line":45,"column":1}}}},"branchMap":{"0":{"loc":{"start":{"line":29,"column":24},"end":{"line":29,"column":57}},"type":"cond-expr","locations":[{"start":{"line":29,"column":24},"end":{"line":29,"column":57}},{"start":{"line":29,"column":60},"end":{"line":29,"column":64}}]}},"s":{"0":36,"1":36,"2":36,"3":36,"4":36,"5":1,"6":1,"7":2,"8":1,"9":1,"10":1,"11":1,"12":1,"13":1,"14":36,"15":36,"16":0,"17":0,"18":36},"f":{"0":1,"1":2,"2":1,"3":1,"4":0},"b":{"0":[1,0]}}
,"/Users/avalithmacpro/Desktop/flow/backo-service/app/src/infraestructure/repository/historyEventFailedRepository.ts": {"path":"/Users/avalithmacpro/Desktop/flow/backo-service/app/src/infraestructure/repository/historyEventFailedRepository.ts","statementMap":{"0":{"start":{"line":1,"column":0},"end":{"line":1,"column":70}},"1":{"start":{"line":2,"column":0},"end":{"line":2,"column":54}},"2":{"start":{"line":7,"column":0},"end":{"line":12,"column":null}},"3":{"start":{"line":10,"column":8},"end":{"line":10,"column":null}},"4":{"start":{"line":7,"column":13},"end":{"line":12,"column":null}},"5":{"start":{"line":7,"column":13},"end":{"line":7,"column":41}},"6":{"start":{"line":15,"column":15},"end":{"line":15,"column":30}},"7":{"start":{"line":16,"column":2},"end":{"line":16,"column":64}},"8":{"start":{"line":14,"column":0},"end":{"line":14,"column":16}}},"fnMap":{"0":{"name":"(anonymous_8)","decl":{"start":{"line":9,"column":10},"end":{"line":9,"column":34}},"loc":{"start":{"line":9,"column":73},"end":{"line":11,"column":null}}},"1":{"name":"getHistoryEventFailedRepository","decl":{"start":{"line":14,"column":16},"end":{"line":14,"column":47}},"loc":{"start":{"line":14,"column":47},"end":{"line":17,"column":1}}}},"branchMap":{},"s":{"0":35,"1":35,"2":35,"3":1,"4":35,"5":35,"6":0,"7":0,"8":35},"f":{"0":1,"1":0},"b":{}}
,"/Users/avalithmacpro/Desktop/flow/backo-service/app/src/infraestructure/repository/historyEventRepository.ts": {"path":"/Users/avalithmacpro/Desktop/flow/backo-service/app/src/infraestructure/repository/historyEventRepository.ts","statementMap":{"0":{"start":{"line":1,"column":0},"end":{"line":1,"column":70}},"1":{"start":{"line":2,"column":0},"end":{"line":2,"column":48}},"2":{"start":{"line":3,"column":0},"end":{"line":3,"column":69}},"3":{"start":{"line":7,"column":0},"end":{"line":7,"column":113}},"4":{"start":{"line":9,"column":0},"end":{"line":9,"column":68}},"5":{"start":{"line":12,"column":0},"end":{"line":156,"column":null}},"6":{"start":{"line":14,"column":19},"end":{"line":17,"column":6}},"7":{"start":{"line":19,"column":26},"end":{"line":21,"column":6}},"8":{"start":{"line":20,"column":6},"end":{"line":20,"column":51}},"9":{"start":{"line":23,"column":4},"end":{"line":23,"column":25}},"10":{"start":{"line":27,"column":16},"end":{"line":59,"column":63}},"11":{"start":{"line":60,"column":4},"end":{"line":62,"column":null}},"12":{"start":{"line":61,"column":6},"end":{"line":61,"column":102}},"13":{"start":{"line":63,"column":25},"end":{"line":63,"column":46}},"14":{"start":{"line":65,"column":21},"end":{"line":67,"column":6}},"15":{"start":{"line":66,"column":6},"end":{"line":66,"column":48}},"16":{"start":{"line":68,"column":4},"end":{"line":68,"column":20}},"17":{"start":{"line":79,"column":25},"end":{"line":79,"column":60}},"18":{"start":{"line":81,"column":28},"end":{"line":93,"column":null}},"19":{"start":{"line":96,"column":4},"end":{"line":96,"column":52}},"20":{"start":{"line":100,"column":33},"end":{"line":104,"column":6}},"21":{"start":{"line":105,"column":4},"end":{"line":105,"column":72}},"22":{"start":{"line":106,"column":4},"end":{"line":106,"column":53}},"23":{"start":{"line":107,"column":4},"end":{"line":107,"column":64}},"24":{"start":{"line":108,"column":31},"end":{"line":108,"column":100}},"25":{"start":{"line":110,"column":4},"end":{"line":110,"column":55}},"26":{"start":{"line":114,"column":27},"end":{"line":114,"column":32}},"27":{"start":{"line":116,"column":19},"end":{"line":129,"column":15}},"28":{"start":{"line":131,"column":4},"end":{"line":131,"column":44}},"29":{"start":{"line":133,"column":4},"end":{"line":133,"column":28}},"30":{"start":{"line":137,"column":18},"end":{"line":146,"column":38}},"31":{"start":{"line":148,"column":4},"end":{"line":150,"column":null}},"32":{"start":{"line":149,"column":6},"end":{"line":149,"column":119}},"33":{"start":{"line":152,"column":38},"end":{"line":152,"column":60}},"34":{"start":{"line":154,"column":4},"end":{"line":154,"column":58}},"35":{"start":{"line":12,"column":13},"end":{"line":156,"column":null}},"36":{"start":{"line":12,"column":13},"end":{"line":12,"column":23}},"37":{"start":{"line":159,"column":15},"end":{"line":159,"column":30}},"38":{"start":{"line":160,"column":2},"end":{"line":160,"column":46}},"39":{"start":{"line":158,"column":0},"end":{"line":158,"column":16}}},"fnMap":{"0":{"name":"(anonymous_8)","decl":{"start":{"line":13,"column":8},"end":{"line":13,"column":26}},"loc":{"start":{"line":13,"column":26},"end":{"line":24,"column":null}}},"1":{"name":"(anonymous_10)","decl":{"start":{"line":19,"column":37},"end":{"line":19,"column":38}},"loc":{"start":{"line":19,"column":54},"end":{"line":21,"column":5}}},"2":{"name":"(anonymous_11)","decl":{"start":{"line":26,"column":8},"end":{"line":26,"column":29}},"loc":{"start":{"line":26,"column":90},"end":{"line":69,"column":null}}},"3":{"name":"(anonymous_13)","decl":{"start":{"line":65,"column":38},"end":{"line":65,"column":39}},"loc":{"start":{"line":65,"column":44},"end":{"line":67,"column":5}}},"4":{"name":"(anonymous_14)","decl":{"start":{"line":71,"column":8},"end":{"line":71,"column":26}},"loc":{"start":{"line":77,"column":20},"end":{"line":97,"column":null}}},"5":{"name":"(anonymous_16)","decl":{"start":{"line":99,"column":8},"end":{"line":99,"column":26}},"loc":{"start":{"line":99,"column":88},"end":{"line":111,"column":null}}},"6":{"name":"(anonymous_18)","decl":{"start":{"line":113,"column":8},"end":{"line":113,"column":37}},"loc":{"start":{"line":113,"column":100},"end":{"line":134,"column":null}}},"7":{"name":"(anonymous_20)","decl":{"start":{"line":136,"column":8},"end":{"line":136,"column":49}},"loc":{"start":{"line":136,"column":160},"end":{"line":155,"column":null}}},"8":{"name":"getHistoryEventRepository","decl":{"start":{"line":158,"column":16},"end":{"line":158,"column":41}},"loc":{"start":{"line":158,"column":41},"end":{"line":161,"column":1}}}},"branchMap":{"0":{"loc":{"start":{"line":60,"column":4},"end":{"line":62,"column":null}},"type":"if","locations":[{"start":{"line":60,"column":4},"end":{"line":62,"column":null}},{"start":{"line":60,"column":4},"end":{"line":62,"column":null}}]},"1":{"loc":{"start":{"line":148,"column":4},"end":{"line":150,"column":null}},"type":"if","locations":[{"start":{"line":148,"column":4},"end":{"line":150,"column":null}},{"start":{"line":148,"column":4},"end":{"line":150,"column":null}}]},"2":{"loc":{"start":{"line":148,"column":8},"end":{"line":148,"column":22}},"type":"binary-expr","locations":[{"start":{"line":148,"column":8},"end":{"line":148,"column":22}},{"start":{"line":148,"column":26},"end":{"line":148,"column":39}}]}},"s":{"0":35,"1":35,"2":35,"3":35,"4":35,"5":35,"6":1,"7":1,"8":1,"9":1,"10":1,"11":1,"12":1,"13":1,"14":1,"15":1,"16":1,"17":1,"18":1,"19":1,"20":1,"21":1,"22":1,"23":1,"24":1,"25":1,"26":2,"27":2,"28":2,"29":2,"30":0,"31":0,"32":0,"33":0,"34":0,"35":35,"36":35,"37":0,"38":0,"39":35},"f":{"0":1,"1":1,"2":1,"3":1,"4":1,"5":1,"6":2,"7":0,"8":0},"b":{"0":[1,0],"1":[0,0],"2":[0,0]}}
,"/Users/avalithmacpro/Desktop/flow/backo-service/app/src/infraestructure/repository/index.ts": {"path":"/Users/avalithmacpro/Desktop/flow/backo-service/app/src/infraestructure/repository/index.ts","statementMap":{"0":{"start":{"line":1,"column":0},"end":{"line":1,"column":9}},"1":{"start":{"line":18,"column":4},"end":{"line":1,"column":61}},"2":{"start":{"line":2,"column":0},"end":{"line":2,"column":9}},"3":{"start":{"line":26,"column":4},"end":{"line":2,"column":55}},"4":{"start":{"line":3,"column":0},"end":{"line":3,"column":9}},"5":{"start":{"line":19,"column":4},"end":{"line":3,"column":28}},"6":{"start":{"line":20,"column":4},"end":{"line":3,"column":78}},"7":{"start":{"line":4,"column":0},"end":{"line":4,"column":9}},"8":{"start":{"line":23,"column":4},"end":{"line":4,"column":59}},"9":{"start":{"line":5,"column":0},"end":{"line":5,"column":9}},"10":{"start":{"line":25,"column":4},"end":{"line":5,"column":71}},"11":{"start":{"line":6,"column":0},"end":{"line":6,"column":9}},"12":{"start":{"line":21,"column":4},"end":{"line":6,"column":37}},"13":{"start":{"line":22,"column":4},"end":{"line":6,"column":105}},"14":{"start":{"line":7,"column":0},"end":{"line":7,"column":9}},"15":{"start":{"line":24,"column":4},"end":{"line":7,"column":71}},"16":{"start":{"line":8,"column":0},"end":{"line":8,"column":9}},"17":{"start":{"line":27,"column":4},"end":{"line":8,"column":77}},"18":{"start":{"line":9,"column":0},"end":{"line":9,"column":9}},"19":{"start":{"line":28,"column":4},"end":{"line":9,"column":75}},"20":{"start":{"line":10,"column":0},"end":{"line":10,"column":9}},"21":{"start":{"line":29,"column":4},"end":{"line":10,"column":79}},"22":{"start":{"line":11,"column":0},"end":{"line":11,"column":9}},"23":{"start":{"line":30,"column":4},"end":{"line":11,"column":57}},"24":{"start":{"line":12,"column":0},"end":{"line":12,"column":9}},"25":{"start":{"line":31,"column":4},"end":{"line":12,"column":71}},"26":{"start":{"line":13,"column":0},"end":{"line":13,"column":9}},"27":{"start":{"line":32,"column":4},"end":{"line":13,"column":73}},"28":{"start":{"line":14,"column":0},"end":{"line":14,"column":9}},"29":{"start":{"line":33,"column":4},"end":{"line":14,"column":71}},"30":{"start":{"line":15,"column":0},"end":{"line":15,"column":9}},"31":{"start":{"line":34,"column":4},"end":{"line":15,"column":62}}},"fnMap":{"0":{"name":"(anonymous_0)","decl":{"start":{"line":18,"column":4},"end":{"line":18,"column":25}},"loc":{"start":{"line":18,"column":4},"end":{"line":1,"column":61}}},"1":{"name":"(anonymous_1)","decl":{"start":{"line":26,"column":4},"end":{"line":26,"column":22}},"loc":{"start":{"line":26,"column":4},"end":{"line":2,"column":55}}},"2":{"name":"(anonymous_2)","decl":{"start":{"line":19,"column":4},"end":{"line":19,"column":21}},"loc":{"start":{"line":19,"column":4},"end":{"line":3,"column":28}}},"3":{"name":"(anonymous_3)","decl":{"start":{"line":20,"column":4},"end":{"line":20,"column":24}},"loc":{"start":{"line":20,"column":4},"end":{"line":3,"column":78}}},"4":{"name":"(anonymous_4)","decl":{"start":{"line":23,"column":4},"end":{"line":23,"column":24}},"loc":{"start":{"line":23,"column":4},"end":{"line":4,"column":59}}},"5":{"name":"(anonymous_5)","decl":{"start":{"line":25,"column":4},"end":{"line":25,"column":30}},"loc":{"start":{"line":25,"column":4},"end":{"line":5,"column":71}}},"6":{"name":"(anonymous_6)","decl":{"start":{"line":21,"column":4},"end":{"line":21,"column":30}},"loc":{"start":{"line":21,"column":4},"end":{"line":6,"column":37}}},"7":{"name":"(anonymous_7)","decl":{"start":{"line":22,"column":4},"end":{"line":22,"column":33}},"loc":{"start":{"line":22,"column":4},"end":{"line":6,"column":105}}},"8":{"name":"(anonymous_8)","decl":{"start":{"line":24,"column":4},"end":{"line":24,"column":30}},"loc":{"start":{"line":24,"column":4},"end":{"line":7,"column":71}}},"9":{"name":"(anonymous_9)","decl":{"start":{"line":27,"column":4},"end":{"line":27,"column":33}},"loc":{"start":{"line":27,"column":4},"end":{"line":8,"column":77}}},"10":{"name":"(anonymous_10)","decl":{"start":{"line":28,"column":4},"end":{"line":28,"column":32}},"loc":{"start":{"line":28,"column":4},"end":{"line":9,"column":75}}},"11":{"name":"(anonymous_11)","decl":{"start":{"line":29,"column":4},"end":{"line":29,"column":34}},"loc":{"start":{"line":29,"column":4},"end":{"line":10,"column":79}}},"12":{"name":"(anonymous_12)","decl":{"start":{"line":30,"column":4},"end":{"line":30,"column":23}},"loc":{"start":{"line":30,"column":4},"end":{"line":11,"column":57}}},"13":{"name":"(anonymous_13)","decl":{"start":{"line":31,"column":4},"end":{"line":31,"column":30}},"loc":{"start":{"line":31,"column":4},"end":{"line":12,"column":71}}},"14":{"name":"(anonymous_14)","decl":{"start":{"line":32,"column":4},"end":{"line":32,"column":31}},"loc":{"start":{"line":32,"column":4},"end":{"line":13,"column":73}}},"15":{"name":"(anonymous_15)","decl":{"start":{"line":33,"column":4},"end":{"line":33,"column":30}},"loc":{"start":{"line":33,"column":4},"end":{"line":14,"column":71}}},"16":{"name":"(anonymous_16)","decl":{"start":{"line":34,"column":4},"end":{"line":34,"column":26}},"loc":{"start":{"line":34,"column":4},"end":{"line":15,"column":62}}}},"branchMap":{},"s":{"0":35,"1":39,"2":35,"3":36,"4":35,"5":36,"6":35,"7":35,"8":36,"9":35,"10":39,"11":35,"12":35,"13":35,"14":35,"15":36,"16":35,"17":36,"18":35,"19":35,"20":35,"21":43,"22":35,"23":38,"24":35,"25":40,"26":35,"27":35,"28":35,"29":35,"30":35,"31":37},"f":{"0":4,"1":1,"2":1,"3":0,"4":1,"5":4,"6":0,"7":0,"8":1,"9":1,"10":0,"11":8,"12":3,"13":5,"14":0,"15":0,"16":2},"b":{}}
,"/Users/avalithmacpro/Desktop/flow/backo-service/app/src/infraestructure/repository/operationTypeRepository.ts": {"path":"/Users/avalithmacpro/Desktop/flow/backo-service/app/src/infraestructure/repository/operationTypeRepository.ts","statementMap":{"0":{"start":{"line":1,"column":0},"end":{"line":1,"column":74}},"1":{"start":{"line":2,"column":0},"end":{"line":2,"column":49}},"2":{"start":{"line":5,"column":0},"end":{"line":5,"column":56}},"3":{"start":{"line":9,"column":0},"end":{"line":22,"column":null}},"4":{"start":{"line":11,"column":19},"end":{"line":14,"column":6}},"5":{"start":{"line":16,"column":21},"end":{"line":18,"column":6}},"6":{"start":{"line":17,"column":6},"end":{"line":17,"column":53}},"7":{"start":{"line":20,"column":4},"end":{"line":20,"column":20}},"8":{"start":{"line":9,"column":13},"end":{"line":22,"column":null}},"9":{"start":{"line":9,"column":13},"end":{"line":9,"column":23}},"10":{"start":{"line":24,"column":15},"end":{"line":24,"column":30}},"11":{"start":{"line":25,"column":2},"end":{"line":25,"column":46}},"12":{"start":{"line":23,"column":0},"end":{"line":23,"column":16}}},"fnMap":{"0":{"name":"(anonymous_8)","decl":{"start":{"line":10,"column":8},"end":{"line":10,"column":27}},"loc":{"start":{"line":10,"column":27},"end":{"line":21,"column":null}}},"1":{"name":"(anonymous_10)","decl":{"start":{"line":16,"column":32},"end":{"line":16,"column":33}},"loc":{"start":{"line":16,"column":50},"end":{"line":18,"column":5}}},"2":{"name":"getOperationTypeRepository","decl":{"start":{"line":23,"column":16},"end":{"line":23,"column":42}},"loc":{"start":{"line":23,"column":42},"end":{"line":26,"column":1}}}},"branchMap":{},"s":{"0":36,"1":36,"2":36,"3":36,"4":1,"5":1,"6":2,"7":1,"8":36,"9":36,"10":0,"11":0,"12":36},"f":{"0":1,"1":2,"2":0},"b":{}}
,"/Users/avalithmacpro/Desktop/flow/backo-service/app/src/infraestructure/repository/productOperationRepository.ts": {"path":"/Users/avalithmacpro/Desktop/flow/backo-service/app/src/infraestructure/repository/productOperationRepository.ts","statementMap":{"0":{"start":{"line":1,"column":0},"end":{"line":1,"column":70}},"1":{"start":{"line":2,"column":0},"end":{"line":2,"column":52}},"2":{"start":{"line":4,"column":0},"end":{"line":4,"column":53}},"3":{"start":{"line":9,"column":0},"end":{"line":18,"column":null}},"4":{"start":{"line":11,"column":19},"end":{"line":14,"column":6}},"5":{"start":{"line":15,"column":17},"end":{"line":15,"column":60}},"6":{"start":{"line":15,"column":35},"end":{"line":15,"column":59}},"7":{"start":{"line":16,"column":4},"end":{"line":16,"column":16}},"8":{"start":{"line":9,"column":13},"end":{"line":18,"column":null}},"9":{"start":{"line":9,"column":13},"end":{"line":9,"column":39}},"10":{"start":{"line":21,"column":15},"end":{"line":21,"column":30}},"11":{"start":{"line":22,"column":2},"end":{"line":22,"column":62}},"12":{"start":{"line":20,"column":0},"end":{"line":20,"column":16}}},"fnMap":{"0":{"name":"(anonymous_8)","decl":{"start":{"line":10,"column":8},"end":{"line":10,"column":34}},"loc":{"start":{"line":10,"column":58},"end":{"line":17,"column":null}}},"1":{"name":"(anonymous_10)","decl":{"start":{"line":15,"column":28},"end":{"line":15,"column":29}},"loc":{"start":{"line":15,"column":35},"end":{"line":15,"column":59}}},"2":{"name":"getProductOperationRepository","decl":{"start":{"line":20,"column":16},"end":{"line":20,"column":45}},"loc":{"start":{"line":20,"column":45},"end":{"line":23,"column":1}}}},"branchMap":{},"s":{"0":36,"1":36,"2":36,"3":36,"4":1,"5":1,"6":2,"7":1,"8":36,"9":36,"10":0,"11":0,"12":36},"f":{"0":1,"1":2,"2":0},"b":{}}
,"/Users/avalithmacpro/Desktop/flow/backo-service/app/src/infraestructure/repository/promotionRepository.ts": {"path":"/Users/avalithmacpro/Desktop/flow/backo-service/app/src/infraestructure/repository/promotionRepository.ts","statementMap":{"0":{"start":{"line":1,"column":0},"end":{"line":1,"column":79}},"1":{"start":{"line":2,"column":0},"end":{"line":2,"column":45}},"2":{"start":{"line":5,"column":0},"end":{"line":5,"column":52}},"3":{"start":{"line":7,"column":0},"end":{"line":7,"column":69}},"4":{"start":{"line":10,"column":0},"end":{"line":252,"column":null}},"5":{"start":{"line":15,"column":18},"end":{"line":20,"column":16}},"6":{"start":{"line":22,"column":4},"end":{"line":23,"column":23}},"7":{"start":{"line":23,"column":6},"end":{"line":23,"column":23}},"8":{"start":{"line":25,"column":30},"end":{"line":28,"column":null}},"9":{"start":{"line":26,"column":37},"end":{"line":28,"column":8}},"10":{"start":{"line":27,"column":8},"end":{"line":27,"column":47}},"11":{"start":{"line":31,"column":4},"end":{"line":31,"column":29}},"12":{"start":{"line":35,"column":16},"end":{"line":62,"column":35}},"13":{"start":{"line":64,"column":64},"end":{"line":64,"column":70}},"14":{"start":{"line":66,"column":4},"end":{"line":71,"column":9}},"15":{"start":{"line":67,"column":6},"end":{"line":71,"column":9}},"16":{"start":{"line":72,"column":4},"end":{"line":77,"column":null}},"17":{"start":{"line":73,"column":6},"end":{"line":73,"column":123}},"18":{"start":{"line":75,"column":6},"end":{"line":75,"column":103}},"19":{"start":{"line":75,"column":32},"end":{"line":75,"column":103}},"20":{"start":{"line":76,"column":6},"end":{"line":76,"column":100}},"21":{"start":{"line":76,"column":32},"end":{"line":76,"column":100}},"22":{"start":{"line":78,"column":4},"end":{"line":78,"column":111}},"23":{"start":{"line":78,"column":25},"end":{"line":78,"column":111}},"24":{"start":{"line":80,"column":19},"end":{"line":80,"column":43}},"25":{"start":{"line":82,"column":28},"end":{"line":85,"column":null}},"26":{"start":{"line":83,"column":37},"end":{"line":85,"column":8}},"27":{"start":{"line":84,"column":8},"end":{"line":84,"column":47}},"28":{"start":{"line":88,"column":4},"end":{"line":88,"column":27}},"29":{"start":{"line":92,"column":22},"end":{"line":118,"column":6}},"30":{"start":{"line":120,"column":4},"end":{"line":120,"column":43}},"31":{"start":{"line":124,"column":25},"end":{"line":143,"column":null}},"32":{"start":{"line":146,"column":29},"end":{"line":146,"column":69}},"33":{"start":{"line":148,"column":4},"end":{"line":148,"column":50}},"34":{"start":{"line":152,"column":31},"end":{"line":156,"column":6}},"35":{"start":{"line":158,"column":18},"end":{"line":173,"column":null}},"36":{"start":{"line":176,"column":4},"end":{"line":176,"column":61}},"37":{"start":{"line":180,"column":4},"end":{"line":180,"column":42}},"38":{"start":{"line":184,"column":22},"end":{"line":190,"column":15}},"39":{"start":{"line":192,"column":4},"end":{"line":192,"column":35}},"40":{"start":{"line":196,"column":24},"end":{"line":196,"column":34}},"41":{"start":{"line":198,"column":25},"end":{"line":208,"column":17}},"42":{"start":{"line":210,"column":23},"end":{"line":210,"column":164}},"43":{"start":{"line":212,"column":4},"end":{"line":212,"column":50}},"44":{"start":{"line":216,"column":24},"end":{"line":216,"column":34}},"45":{"start":{"line":218,"column":27},"end":{"line":225,"column":17}},"46":{"start":{"line":227,"column":4},"end":{"line":227,"column":null}},"47":{"start":{"line":231,"column":31},"end":{"line":235,"column":6}},"48":{"start":{"line":237,"column":4},"end":{"line":237,"column":null}},"49":{"start":{"line":239,"column":4},"end":{"line":239,"column":49}},"50":{"start":{"line":243,"column":4},"end":{"line":250,"column":null}},"51":{"start":{"line":10,"column":13},"end":{"line":252,"column":null}},"52":{"start":{"line":10,"column":13},"end":{"line":10,"column":32}},"53":{"start":{"line":255,"column":15},"end":{"line":255,"column":30}},"54":{"start":{"line":256,"column":2},"end":{"line":256,"column":55}},"55":{"start":{"line":254,"column":0},"end":{"line":254,"column":16}}},"fnMap":{"0":{"name":"(anonymous_8)","decl":{"start":{"line":13,"column":8},"end":{"line":13,"column":26}},"loc":{"start":{"line":13,"column":26},"end":{"line":32,"column":null}}},"1":{"name":"(anonymous_10)","decl":{"start":{"line":26,"column":17},"end":{"line":26,"column":24}},"loc":{"start":{"line":26,"column":37},"end":{"line":28,"column":8}}},"2":{"name":"(anonymous_11)","decl":{"start":{"line":26,"column":37},"end":{"line":26,"column":null}},"loc":{"start":{"line":26,"column":37},"end":{"line":28,"column":7}}},"3":{"name":"(anonymous_12)","decl":{"start":{"line":34,"column":8},"end":{"line":34,"column":23}},"loc":{"start":{"line":34,"column":57},"end":{"line":89,"column":null}}},"4":{"name":"(anonymous_14)","decl":{"start":{"line":83,"column":17},"end":{"line":83,"column":24}},"loc":{"start":{"line":83,"column":37},"end":{"line":85,"column":8}}},"5":{"name":"(anonymous_15)","decl":{"start":{"line":83,"column":37},"end":{"line":83,"column":null}},"loc":{"start":{"line":83,"column":37},"end":{"line":85,"column":7}}},"6":{"name":"(anonymous_16)","decl":{"start":{"line":91,"column":8},"end":{"line":91,"column":24}},"loc":{"start":{"line":91,"column":44},"end":{"line":121,"column":null}}},"7":{"name":"(anonymous_18)","decl":{"start":{"line":123,"column":8},"end":{"line":123,"column":27}},"loc":{"start":{"line":123,"column":61},"end":{"line":149,"column":null}}},"8":{"name":"(anonymous_20)","decl":{"start":{"line":151,"column":8},"end":{"line":151,"column":26}},"loc":{"start":{"line":151,"column":77},"end":{"line":177,"column":null}}},"9":{"name":"(anonymous_22)","decl":{"start":{"line":179,"column":8},"end":{"line":179,"column":23}},"loc":{"start":{"line":179,"column":44},"end":{"line":181,"column":null}}},"10":{"name":"(anonymous_24)","decl":{"start":{"line":183,"column":8},"end":{"line":183,"column":27}},"loc":{"start":{"line":183,"column":97},"end":{"line":193,"column":null}}},"11":{"name":"(anonymous_26)","decl":{"start":{"line":195,"column":8},"end":{"line":195,"column":34}},"loc":{"start":{"line":195,"column":54},"end":{"line":213,"column":null}}},"12":{"name":"(anonymous_28)","decl":{"start":{"line":215,"column":8},"end":{"line":215,"column":24}},"loc":{"start":{"line":215,"column":44},"end":{"line":228,"column":null}}},"13":{"name":"(anonymous_30)","decl":{"start":{"line":230,"column":8},"end":{"line":230,"column":30}},"loc":{"start":{"line":230,"column":50},"end":{"line":240,"column":null}}},"14":{"name":"(anonymous_32)","decl":{"start":{"line":242,"column":8},"end":{"line":242,"column":37}},"loc":{"start":{"line":242,"column":48},"end":{"line":251,"column":null}}},"15":{"name":"getPromotionRepository","decl":{"start":{"line":254,"column":16},"end":{"line":254,"column":38}},"loc":{"start":{"line":254,"column":38},"end":{"line":257,"column":1}}}},"branchMap":{"0":{"loc":{"start":{"line":22,"column":4},"end":{"line":23,"column":23}},"type":"if","locations":[{"start":{"line":22,"column":4},"end":{"line":23,"column":23}},{"start":{"line":22,"column":4},"end":{"line":23,"column":23}}]},"1":{"loc":{"start":{"line":66,"column":4},"end":{"line":71,"column":9}},"type":"if","locations":[{"start":{"line":66,"column":4},"end":{"line":71,"column":9}},{"start":{"line":66,"column":4},"end":{"line":71,"column":9}}]},"2":{"loc":{"start":{"line":72,"column":4},"end":{"line":77,"column":null}},"type":"if","locations":[{"start":{"line":72,"column":4},"end":{"line":77,"column":null}},{"start":{"line":72,"column":4},"end":{"line":77,"column":null}}]},"3":{"loc":{"start":{"line":72,"column":8},"end":{"line":72,"column":16}},"type":"binary-expr","locations":[{"start":{"line":72,"column":8},"end":{"line":72,"column":16}},{"start":{"line":72,"column":20},"end":{"line":72,"column":27}}]},"4":{"loc":{"start":{"line":75,"column":6},"end":{"line":75,"column":103}},"type":"if","locations":[{"start":{"line":75,"column":6},"end":{"line":75,"column":103}},{"start":{"line":75,"column":6},"end":{"line":75,"column":103}}]},"5":{"loc":{"start":{"line":75,"column":10},"end":{"line":75,"column":18}},"type":"binary-expr","locations":[{"start":{"line":75,"column":10},"end":{"line":75,"column":18}},{"start":{"line":75,"column":22},"end":{"line":75,"column":30}}]},"6":{"loc":{"start":{"line":76,"column":6},"end":{"line":76,"column":100}},"type":"if","locations":[{"start":{"line":76,"column":6},"end":{"line":76,"column":100}},{"start":{"line":76,"column":6},"end":{"line":76,"column":100}}]},"7":{"loc":{"start":{"line":76,"column":10},"end":{"line":76,"column":17}},"type":"binary-expr","locations":[{"start":{"line":76,"column":10},"end":{"line":76,"column":17}},{"start":{"line":76,"column":21},"end":{"line":76,"column":30}}]},"8":{"loc":{"start":{"line":78,"column":4},"end":{"line":78,"column":111}},"type":"if","locations":[{"start":{"line":78,"column":4},"end":{"line":78,"column":111}},{"start":{"line":78,"column":4},"end":{"line":78,"column":111}}]},"9":{"loc":{"start":{"line":212,"column":11},"end":{"line":212,"column":29}},"type":"binary-expr","locations":[{"start":{"line":212,"column":11},"end":{"line":212,"column":29}},{"start":{"line":212,"column":33},"end":{"line":212,"column":49}}]}},"s":{"0":36,"1":36,"2":36,"3":36,"4":36,"5":1,"6":1,"7":0,"8":1,"9":1,"10":1,"11":1,"12":6,"13":6,"14":6,"15":5,"16":6,"17":1,"18":5,"19":2,"20":5,"21":1,"22":6,"23":1,"24":6,"25":6,"26":6,"27":6,"28":6,"29":1,"30":1,"31":1,"32":1,"33":1,"34":1,"35":1,"36":1,"37":1,"38":2,"39":2,"40":0,"41":0,"42":0,"43":0,"44":2,"45":2,"46":2,"47":1,"48":1,"49":1,"50":1,"51":36,"52":36,"53":0,"54":0,"55":36},"f":{"0":1,"1":1,"2":1,"3":6,"4":6,"5":6,"6":1,"7":1,"8":1,"9":1,"10":2,"11":0,"12":2,"13":1,"14":1,"15":0},"b":{"0":[0,1],"1":[5,1],"2":[1,5],"3":[6,3],"4":[2,3],"5":[5,2],"6":[1,4],"7":[5,1],"8":[1,5],"9":[0,0]}}
,"/Users/avalithmacpro/Desktop/flow/backo-service/app/src/infraestructure/repository/ruleConfigurationRepository.ts": {"path":"/Users/avalithmacpro/Desktop/flow/backo-service/app/src/infraestructure/repository/ruleConfigurationRepository.ts","statementMap":{"0":{"start":{"line":1,"column":0},"end":{"line":1,"column":94}},"1":{"start":{"line":2,"column":0},"end":{"line":2,"column":131}},"2":{"start":{"line":3,"column":0},"end":{"line":3,"column":70}},"3":{"start":{"line":10,"column":0},"end":{"line":163,"column":null}},"4":{"start":{"line":13,"column":4},"end":{"line":18,"column":null}},"5":{"start":{"line":22,"column":17},"end":{"line":47,"column":6}},"6":{"start":{"line":49,"column":4},"end":{"line":49,"column":46}},"7":{"start":{"line":54,"column":32},"end":{"line":54,"column":67}},"8":{"start":{"line":56,"column":37},"end":{"line":56,"column":39}},"9":{"start":{"line":58,"column":4},"end":{"line":71,"column":null}},"10":{"start":{"line":59,"column":6},"end":{"line":59,"column":18}},"11":{"start":{"line":61,"column":6},"end":{"line":65,"column":9}},"12":{"start":{"line":62,"column":8},"end":{"line":64,"column":null}},"13":{"start":{"line":63,"column":10},"end":{"line":63,"column":50}},"14":{"start":{"line":67,"column":6},"end":{"line":70,"column":null}},"15":{"start":{"line":69,"column":8},"end":{"line":69,"column":20}},"16":{"start":{"line":73,"column":18},"end":{"line":92,"column":6}},"17":{"start":{"line":94,"column":27},"end":{"line":100,"column":30}},"18":{"start":{"line":95,"column":6},"end":{"line":100,"column":30}},"19":{"start":{"line":103,"column":19},"end":{"line":103,"column":84}},"20":{"start":{"line":103,"column":43},"end":{"line":103,"column":83}},"21":{"start":{"line":105,"column":4},"end":{"line":105,"column":18}},"22":{"start":{"line":110,"column":24},"end":{"line":110,"column":34}},"23":{"start":{"line":112,"column":4},"end":{"line":126,"column":7}},"24":{"start":{"line":130,"column":33},"end":{"line":130,"column":79}},"25":{"start":{"line":132,"column":4},"end":{"line":132,"column":54}},"26":{"start":{"line":136,"column":20},"end":{"line":140,"column":6}},"27":{"start":{"line":141,"column":4},"end":{"line":141,"column":30}},"28":{"start":{"line":145,"column":20},"end":{"line":149,"column":6}},"29":{"start":{"line":150,"column":4},"end":{"line":150,"column":30}},"30":{"start":{"line":154,"col
[...]
n":null}}]},"5":{"loc":{"start":{"line":111,"column":2},"end":{"line":111,"column":null}},"type":"if","locations":[{"start":{"line":111,"column":2},"end":{"line":111,"column":null}},{"start":{"line":111,"column":2},"end":{"line":111,"column":null}}]},"6":{"loc":{"start":{"line":111,"column":6},"end":{"line":111,"column":13}},"type":"binary-expr","locations":[{"start":{"line":111,"column":6},"end":{"line":111,"column":13}},{"start":{"line":111,"column":17},"end":{"line":111,"column":36}}]},"7":{"loc":{"start":{"line":112,"column":2},"end":{"line":114,"column":null}},"type":"if","locations":[{"start":{"line":112,"column":2},"end":{"line":114,"column":null}},{"start":{"line":112,"column":2},"end":{"line":114,"column":null}}]},"8":{"loc":{"start":{"line":112,"column":6},"end":{"line":112,"column":14}},"type":"binary-expr","locations":[{"start":{"line":112,"column":6},"end":{"line":112,"column":14}},{"start":{"line":112,"column":18},"end":{"line":112,"column":36}}]},"9":{"loc":{"start":{"line":113,"column":28},"end":{"line":113,"column":77}},"type":"cond-expr","locations":[{"start":{"line":113,"column":28},"end":{"line":113,"column":77}},{"start":{"line":113,"column":80},"end":{"line":113,"column":133}}]},"10":{"loc":{"start":{"line":117,"column":14},"end":{"line":117,"column":16}},"type":"cond-expr","locations":[{"start":{"line":117,"column":14},"end":{"line":117,"column":16}},{"start":{"line":117,"column":7},"end":{"line":117,"column":102}}]},"11":{"loc":{"start":{"line":117,"column":7},"end":{"line":117,"column":16}},"type":"binary-expr","locations":[{"start":{"line":117,"column":7},"end":{"line":117,"column":16}},{"start":{"line":117,"column":7},"end":{"line":117,"column":16}}]},"12":{"loc":{"start":{"line":118,"column":24},"end":{"line":118,"column":73}},"type":"cond-expr","locations":[{"start":{"line":118,"column":24},"end":{"line":118,"column":73}},{"start":{"line":118,"column":76},"end":{"line":118,"column":129}}]}},"s":{"0":34,"1":34,"2":34,"3":34,"4":34,"5":34,"6":34,"7":34,"8":2,"9":2,"10":2,"11":2,"12":1,"13":1,"14":1,"15":2,"16":34,"17":3,"18":3,"19":3,"20":3,"21":3,"22":2,"23":3,"24":1,"25":2,"26":3,"27":3,"28":34,"29":2,"30":2,"31":2,"32":2,"33":1,"34":1,"35":1,"36":1,"37":0,"38":0,"39":0,"40":0,"41":1,"42":2,"43":2,"44":34,"45":1,"46":1,"47":34,"48":0,"49":0,"50":0,"51":0,"52":0,"53":0,"54":34,"55":0,"56":0,"57":0,"58":0,"59":0,"60":0,"61":0,"62":34},"f":{"0":2,"1":2,"2":3,"3":3,"4":2,"5":2,"6":1,"7":1,"8":0,"9":0,"10":0,"11":0,"12":0},"b":{"0":[2,1],"1":[1,2],"2":[1,1],"3":[0,1],"4":[0,0],"5":[0,0],"6":[0,0],"7":[0,0],"8":[0,0],"9":[0,0],"10":[0,0],"11":[0,0],"12":[0,0]}}
,"/Users/avalithmacpro/Desktop/flow/backo-service/app/src/services/sectionActionService.ts": {"path":"/Users/avalithmacpro/Desktop/flow/backo-service/app/src/services/sectionActionService.ts","statementMap":{"0":{"start":{"line":2,"column":0},"end":{"line":2,"column":76}},"1":{"start":{"line":4,"column":25},"end":{"line":7,"column":2}},"2":{"start":{"line":4,"column":73},"end":{"line":7,"column":2}},"3":{"start":{"line":5,"column":21},"end":{"line":5,"column":77}},"4":{"start":{"line":6,"column":4},"end":{"line":6,"column":20}},"5":{"start":{"line":9,"column":0},"end":{"line":9,"column":30}}},"fnMap":{"0":{"name":"(anonymous_7)","decl":{"start":{"line":4,"column":25},"end":{"line":4,"column":71}},"loc":{"start":{"line":4,"column":73},"end":{"line":7,"column":2}}},"1":{"name":"(anonymous_8)","decl":{"start":{"line":4,"column":73},"end":{"line":4,"column":null}},"loc":{"start":{"line":4,"column":73},"end":{"line":7,"column":1}}}},"branchMap":{},"s":{"0":34,"1":34,"2":0,"3":0,"4":0,"5":34},"f":{"0":0,"1":0},"b":{}}
,"/Users/avalithmacpro/Desktop/flow/backo-service/app/src/services/sectionBannerService.ts": {"path":"/Users/avalithmacpro/Desktop/flow/backo-service/app/src/services/sectionBannerService.ts","statementMap":{"0":{"start":{"line":1,"column":0},"end":{"line":1,"column":45}},"1":{"start":{"line":2,"column":0},"end":{"line":2,"column":76}},"2":{"start":{"line":5,"column":33},"end":{"line":9,"column":2}},"3":{"start":{"line":5,"column":91},"end":{"line":9,"column":2}},"4":{"start":{"line":6,"column":21},"end":{"line":6,"column":87}},"5":{"start":{"line":8,"column":4},"end":{"line":8,"column":20}},"6":{"start":{"line":11,"column":28},"end":{"line":15,"column":2}},"7":{"start":{"line":11,"column":120},"end":{"line":15,"column":2}},"8":{"start":{"line":12,"column":4},"end":{"line":12,"column":89}},"9":{"start":{"line":14,"column":4},"end":{"line":14,"column":29}},"10":{"start":{"line":18,"column":26},"end":{"line":22,"column":2}},"11":{"start":{"line":18,"column":103},"end":{"line":22,"column":2}},"12":{"start":{"line":19,"column":4},"end":{"line":19,"column":72}},"13":{"start":{"line":21,"column":4},"end":{"line":21,"column":null}},"14":{"start":{"line":24,"column":0},"end":{"line":24,"column":78}}},"fnMap":{"0":{"name":"(anonymous_7)","decl":{"start":{"line":5,"column":33},"end":{"line":5,"column":40}},"loc":{"start":{"line":5,"column":91},"end":{"line":9,"column":2}}},"1":{"name":"(anonymous_8)","decl":{"start":{"line":5,"column":91},"end":{"line":5,"column":null}},"loc":{"start":{"line":5,"column":91},"end":{"line":9,"column":1}}},"2":{"name":"(anonymous_9)","decl":{"start":{"line":11,"column":28},"end":{"line":11,"column":35}},"loc":{"start":{"line":11,"column":120},"end":{"line":15,"column":2}}},"3":{"name":"(anonymous_10)","decl":{"start":{"line":11,"column":120},"end":{"line":11,"column":null}},"loc":{"start":{"line":11,"column":120},"end":{"line":15,"column":1}}},"4":{"name":"(anonymous_11)","decl":{"start":{"line":18,"column":26},"end":{"line":18,"column":33}},"loc":{"start":{"line":18,"column":103},"end":{"line":22,"column":2}}},"5":{"name":"(anonymous_12)","decl":{"start":{"line":18,"column":103},"end":{"line":18,"column":null}},"loc":{"start":{"line":18,"column":103},"end":{"line":22,"column":1}}}},"branchMap":{},"s":{"0":34,"1":34,"2":34,"3":1,"4":1,"5":1,"6":34,"7":1,"8":1,"9":1,"10":34,"11":1,"12":1,"13":1,"14":34},"f":{"0":1,"1":1,"2":1,"3":1,"4":1,"5":1},"b":{}}
,"/Users/avalithmacpro/Desktop/flow/backo-service/app/src/services/sectionChannelService.ts": {"path":"/Users/avalithmacpro/Desktop/flow/backo-service/app/src/services/sectionChannelService.ts","statementMap":{"0":{"start":{"line":2,"column":0},"end":{"line":2,"column":77}},"1":{"start":{"line":4,"column":28},"end":{"line":8,"column":2}},"2":{"start":{"line":4,"column":94},"end":{"line":8,"column":2}},"3":{"start":{"line":5,"column":21},"end":{"line":5,"column":90}},"4":{"start":{"line":7,"column":4},"end":{"line":7,"column":20}},"5":{"start":{"line":10,"column":0},"end":{"line":10,"column":33}}},"fnMap":{"0":{"name":"(anonymous_7)","decl":{"start":{"line":4,"column":28},"end":{"line":4,"column":35}},"loc":{"start":{"line":4,"column":94},"end":{"line":8,"column":2}}},"1":{"name":"(anonymous_8)","decl":{"start":{"line":4,"column":94},"end":{"line":4,"column":null}},"loc":{"start":{"line":4,"column":94},"end":{"line":8,"column":1}}}},"branchMap":{},"s":{"0":34,"1":34,"2":0,"3":0,"4":0,"5":34},"f":{"0":0,"1":0},"b":{}}
,"/Users/avalithmacpro/Desktop/flow/backo-service/app/src/services/sectionService.ts": {"path":"/Users/avalithmacpro/Desktop/flow/backo-service/app/src/services/sectionService.ts","statementMap":{"0":{"start":{"line":1,"column":0},"end":{"line":1,"column":70}},"1":{"start":{"line":4,"column":29},"end":{"line":7,"column":2}},"2":{"start":{"line":4,"column":71},"end":{"line":7,"column":2}},"3":{"start":{"line":5,"column":19},"end":{"line":5,"column":63}},"4":{"start":{"line":6,"column":2},"end":{"line":6,"column":18}},"5":{"start":{"line":8,"column":0},"end":{"line":8,"column":34}}},"fnMap":{"0":{"name":"(anonymous_7)","decl":{"start":{"line":4,"column":29},"end":{"line":4,"column":69}},"loc":{"start":{"line":4,"column":71},"end":{"line":7,"column":2}}},"1":{"name":"(anonymous_8)","decl":{"start":{"line":4,"column":71},"end":{"line":4,"column":null}},"loc":{"start":{"line":4,"column":71},"end":{"line":7,"column":1}}}},"branchMap":{},"s":{"0":34,"1":34,"2":1,"3":1,"4":1,"5":34},"f":{"0":1,"1":1},"b":{}}
,"/Users/avalithmacpro/Desktop/flow/backo-service/app/src/services/settingCodeService.ts": {"path":"/Users/avalithmacpro/Desktop/flow/backo-service/app/src/services/settingCodeService.ts","statementMap":{"0":{"start":{"line":1,"column":0},"end":{"line":1,"column":85}},"1":{"start":{"line":2,"column":0},"end":{"line":2,"column":75}},"2":{"start":{"line":3,"column":0},"end":{"line":3,"column":105}},"3":{"start":{"line":5,"column":0},"end":{"line":5,"column":95}},"4":{"start":{"line":7,"column":0},"end":{"line":7,"column":45}},"5":{"start":{"line":8,"column":0},"end":{"line":8,"column":61}},"6":{"start":{"line":10,"column":27},"end":{"line":13,"column":null}},"7":{"start":{"line":10,"column":73},"end":{"line":13,"column":null}},"8":{"start":{"line":11,"column":23},"end":{"line":11,"column":73}},"9":{"start":{"line":12,"column":2},"end":{"line":12,"column":null}},"10":{"start":{"line":12,"column":34},"end":{"line":12,"column":60}},"11":{"start":{"line":15,"column":26},"end":{"line":18,"column":null}},"12":{"start":{"line":15,"column":93},"end":{"line":18,"column":null}},"13":{"start":{"line":16,"column":2},"end":{"line":16,"column":null}},"14":{"start":{"line":17,"column":2},"end":{"line":17,"column":null}},"15":{"start":{"line":20,"column":26},"end":{"line":23,"column":null}},"16":{"start":{"line":20,"column":105},"end":{"line":23,"column":null}},"17":{"start":{"line":21,"column":2},"end":{"line":21,"column":null}},"18":{"start":{"line":22,"column":2},"end":{"line":22,"column":null}},"19":{"start":{"line":25,"column":26},"end":{"line":39,"column":null}},"20":{"start":{"line":25,"column":69},"end":{"line":39,"column":null}},"21":{"start":{"line":26,"column":32},"end":{"line":26,"column":49}},"22":{"start":{"line":27,"column":26},"end":{"line":27,"column":78}},"23":{"start":{"line":28,"column":2},"end":{"line":37,"column":null}},"24":{"start":{"line":29,"column":4},"end":{"line":29,"column":null}},"25":{"start":{"line":31,"column":4},"end":{"line":35,"column":null}},"26":{"start":{"line":36,"column":4},"end":{"line":36,"column":null}},"27":{"start":{"line":38,"column":2},"end":{"line":38,"column":null}},"28":{"start":{"line":41,"column":0},"end":{"line":46,"column":null}}},"fnMap":{"0":{"name":"(anonymous_7)","decl":{"start":{"line":10,"column":27},"end":{"line":10,"column":71}},"loc":{"start":{"line":10,"column":73},"end":{"line":13,"column":null}}},"1":{"name":"(anonymous_8)","decl":{"start":{"line":10,"column":73},"end":{"line":10,"column":null}},"loc":{"start":{"line":10,"column":73},"end":{"line":13,"column":1}}},"2":{"name":"(anonymous_9)","decl":{"start":{"line":12,"column":26},"end":{"line":12,"column":27}},"loc":{"start":{"line":12,"column":34},"end":{"line":12,"column":60}}},"3":{"name":"(anonymous_10)","decl":{"start":{"line":15,"column":26},"end":{"line":15,"column":33}},"loc":{"start":{"line":15,"column":93},"end":{"line":18,"column":null}}},"4":{"name":"(anonymous_11)","decl":{"start":{"line":15,"column":93},"end":{"line":15,"column":null}},"loc":{"start":{"line":15,"column":93},"end":{"line":18,"column":1}}},"5":{"name":"(anonymous_12)","decl":{"start":{"line":20,"column":26},"end":{"line":20,"column":33}},"loc":{"start":{"line":20,"column":105},"end":{"line":23,"column":null}}},"6":{"name":"(anonymous_13)","decl":{"start":{"line":20,"column":105},"end":{"line":20,"column":null}},"loc":{"start":{"line":20,"column":105},"end":{"line":23,"column":1}}},"7":{"name":"(anonymous_14)","decl":{"start":{"line":25,"column":26},"end":{"line":25,"column":33}},"loc":{"start":{"line":25,"column":69},"end":{"line":39,"column":null}}},"8":{"name":"(anonymous_15)","decl":{"start":{"line":25,"column":69},"end":{"line":25,"column":null}},"loc":{"start":{"line":25,"column":69},"end":{"line":39,"column":1}}}},"branchMap":{"0":{"loc":{"start":{"line":28,"column":2},"end":{"line":37,"column":null}},"type":"if","locations":[{"start":{"line":28,"column":2},"end":{"line":37,"column":null}},{"start":{"line":28,"column":2},"end":{"line":37,"column":null}}]}},"s":{"0":34,"1":34,"2":34,"3":34,"4":34,"5":34,"6":34,"7":1,"8":1,"9":1,"10":2,"11":34,"12":1,"13":1,"14":1,"15":34,"16":1,"17":1,"18":1,"19":34,"20":2,"21":2,"22":2,"23":2,"24":1,"25":1,"26":1,"27":2,"28":34},"f":{"0":1,"1":1,"2":2,"3":1,"4":1,"5":1,"6":1,"7":2,"8":2},"b":{"0":[1,1]}}
,"/Users/avalithmacpro/Desktop/flow/backo-service/app/src/services/storeService.ts": {"path":"/Users/avalithmacpro/Desktop/flow/backo-service/app/src/services/storeService.ts","statementMap":{"0":{"start":{"line":1,"column":0},"end":{"line":1,"column":68}},"1":{"start":{"line":4,"column":18},"end":{"line":7,"column":2}},"2":{"start":{"line":4,"column":74},"end":{"line":7,"column":2}},"3":{"start":{"line":5,"column":17},"end":{"line":5,"column":69}},"4":{"start":{"line":6,"column":2},"end":{"line":6,"column":16}},"5":{"start":{"line":9,"column":0},"end":{"line":9,"column":23}}},"fnMap":{"0":{"name":"(anonymous_7)","decl":{"start":{"line":4,"column":18},"end":{"line":4,"column":25}},"loc":{"start":{"line":4,"column":74},"end":{"line":7,"column":2}}},"1":{"name":"(anonymous_8)","decl":{"start":{"line":4,"column":74},"end":{"line":4,"column":null}},"loc":{"start":{"line":4,"column":74},"end":{"line":7,"column":1}}}},"branchMap":{},"s":{"0":34,"1":34,"2":1,"3":1,"4":1,"5":34},"f":{"0":1,"1":1},"b":{}}
,"/Users/avalithmacpro/Desktop/flow/backo-service/app/src/services/typeLimitService.ts": {"path":"/Users/avalithmacpro/Desktop/flow/backo-service/app/src/services/typeLimitService.ts","statementMap":{"0":{"start":{"line":3,"column":0},"end":{"line":3,"column":98}},"1":{"start":{"line":6,"column":28},"end":{"line":9,"column":2}},"2":{"start":{"line":6,"column":72},"end":{"line":9,"column":2}},"3":{"start":{"line":7,"column":22},"end":{"line":7,"column":70}},"4":{"start":{"line":8,"column":4},"end":{"line":8,"column":21}},"5":{"start":{"line":11,"column":31},"end":{"line":13,"column":2}},"6":{"start":{"line":11,"column":98},"end":{"line":13,"column":2}},"7":{"start":{"line":12,"column":4},"end":{"line":12,"column":58}},"8":{"start":{"line":15,"column":31},"end":{"line":17,"column":2}},"9":{"start":{"line":15,"column":74},"end":{"line":17,"column":2}},"10":{"start":{"line":16,"column":4},"end":{"line":16,"column":62}},"11":{"start":{"line":19,"column":29},"end":{"line":21,"column":2}},"12":{"start":{"line":19,"column":108},"end":{"line":21,"column":2}},"13":{"start":{"line":20,"column":4},"end":{"line":20,"column":66}},"14":{"start":{"line":23,"column":0},"end":{"line":23,"column":103}}},"fnMap":{"0":{"name":"(anonymous_7)","decl":{"start":{"line":6,"column":28},"end":{"line":6,"column":70}},"loc":{"start":{"line":6,"column":72},"end":{"line":9,"column":2}}},"1":{"name":"(anonymous_8)","decl":{"start":{"line":6,"column":72},"end":{"line":6,"column":null}},"loc":{"start":{"line":6,"column":72},"end":{"line":9,"column":1}}},"2":{"name":"(anonymous_9)","decl":{"start":{"line":11,"column":31},"end":{"line":11,"column":38}},"loc":{"start":{"line":11,"column":98},"end":{"line":13,"column":2}}},"3":{"name":"(anonymous_10)","decl":{"start":{"line":11,"column":98},"end":{"line":11,"column":null}},"loc":{"start":{"line":11,"column":98},"end":{"line":13,"column":1}}},"4":{"name":"(anonymous_11)","decl":{"start":{"line":15,"column":31},"end":{"line":15,"column":38}},"loc":{"start":{"line":15,"column":74},"end":{"line":17,"column":2}}},"5":{"name":"(anonymous_12)","decl":{"start":{"line":15,"column":74},"end":{"line":15,"column":null}},"loc":{"start":{"line":15,"column":74},"end":{"line":17,"column":1}}},"6":{"name":"(anonymous_13)","decl":{"start":{"line":19,"column":29},"end":{"line":19,"column":36}},"loc":{"start":{"line":19,"column":108},"end":{"line":21,"column":2}}},"7":{"name":"(anonymous_14)","decl":{"start":{"line":19,"column":108},"end":{"line":19,"column":null}},"loc":{"start":{"line":19,"column":108},"end":{"line":21,"column":1}}}},"branchMap":{},"s":{"0":34,"1":34,"2":1,"3":1,"4":1,"5":34,"6":1,"7":1,"8":34,"9":1,"10":1,"11":34,"12":1,"13":1,"14":34},"f":{"0":1,"1":1,"2":1,"3":1,"4":1,"5":1,"6":1,"7":1},"b":{}}
,"/Users/avalithmacpro/Desktop/flow/backo-service/app/src/services/typePromotionService.ts": {"path":"/Users/avalithmacpro/Desktop/flow/backo-service/app/src/services/typePromotionService.ts","statementMap":{"0":{"start":{"line":1,"column":0},"end":{"line":1,"column":99}},"1":{"start":{"line":5,"column":28},"end":{"line":8,"column":2}},"2":{"start":{"line":5,"column":76},"end":{"line":8,"column":2}},"3":{"start":{"line":6,"column":25},"end":{"line":6,"column":81}},"4":{"start":{"line":7,"column":2},"end":{"line":7,"column":24}},"5":{"start":{"line":10,"column":0},"end":{"line":10,"column":33}}},"fnMap":{"0":{"name":"(anonymous_7)","decl":{"start":{"line":5,"column":28},"end":{"line":5,"column":74}},"loc":{"start":{"line":5,"column":76},"end":{"line":8,"column":2}}},"1":{"name":"(anonymous_8)","decl":{"start":{"line":5,"column":76},"end":{"line":5,"column":null}},"loc":{"start":{"line":5,"column":76},"end":{"line":8,"column":1}}}},"branchMap":{},"s":{"0":34,"1":34,"2":1,"3":1,"4":1,"5":34},"f":{"0":1,"1":1},"b":{}}
,"/Users/avalithmacpro/Desktop/flow/backo-service/app/src/services/userConditionService.ts": {"path":"/Users/avalithmacpro/Desktop/flow/backo-service/app/src/services/userConditionService.ts","statementMap":{"0":{"start":{"line":2,"column":0},"end":{"line":2,"column":76}},"1":{"start":{"line":7,"column":35},"end":{"line":10,"column":2}},"2":{"start":{"line":7,"column":83},"end":{"line":10,"column":2}},"3":{"start":{"line":8,"column":24},"end":{"line":8,"column":80}},"4":{"start":{"line":9,"column":2},"end":{"line":9,"column":23}},"5":{"start":{"line":12,"column":28},"end":{"line":14,"column":2}},"6":{"start":{"line":12,"column":103},"end":{"line":14,"column":2}},"7":{"start":{"line":13,"column":4},"end":{"line":13,"column":66}},"8":{"start":{"line":16,"column":28},"end":{"line":18,"column":2}},"9":{"start":{"line":16,"column":71},"end":{"line":18,"column":2}},"10":{"start":{"line":17,"column":4},"end":{"line":17,"column":70}},"11":{"start":{"line":20,"column":26},"end":{"line":22,"column":2}},"12":{"start":{"line":20,"column":113},"end":{"line":22,"column":2}},"13":{"start":{"line":21,"column":4},"end":{"line":21,"column":74}},"14":{"start":{"line":23,"column":0},"end":{"line":23,"column":101}}},"fnMap":{"0":{"name":"(anonymous_7)","decl":{"start":{"line":7,"column":35},"end":{"line":7,"column":81}},"loc":{"start":{"line":7,"column":83},"end":{"line":10,"column":2}}},"1":{"name":"(anonymous_8)","decl":{"start":{"line":7,"column":83},"end":{"line":7,"column":null}},"loc":{"start":{"line":7,"column":83},"end":{"line":10,"column":1}}},"2":{"name":"(anonymous_9)","decl":{"start":{"line":12,"column":28},"end":{"line":12,"column":35}},"loc":{"start":{"line":12,"column":103},"end":{"line":14,"column":2}}},"3":{"name":"(anonymous_10)","decl":{"start":{"line":12,"column":103},"end":{"line":12,"column":null}},"loc":{"start":{"line":12,"column":103},"end":{"line":14,"column":1}}},"4":{"name":"(anonymous_11)","decl":{"start":{"line":16,"column":28},"end":{"line":16,"column":35}},"loc":{"start":{"line":16,"column":71},"end":{"line":18,"column":2}}},"5":{"name":"(anonymous_12)","decl":{"start":{"line":16,"column":71},"end":{"line":16,"column":null}},"loc":{"start":{"line":16,"column":71},"end":{"line":18,"column":1}}},"6":{"name":"(anonymous_13)","decl":{"start":{"line":20,"column":26},"end":{"line":20,"column":33}},"loc":{"start":{"line":20,"column":113},"end":{"line":22,"column":2}}},"7":{"name":"(anonymous_14)","decl":{"start":{"line":20,"column":113},"end":{"line":20,"column":null}},"loc":{"start":{"line":20,"column":113},"end":{"line":22,"column":1}}}},"branchMap":{},"s":{"0":34,"1":34,"2":1,"3":1,"4":1,"5":34,"6":1,"7":1,"8":34,"9":1,"10":1,"11":34,"12":1,"13":1,"14":34},"f":{"0":1,"1":1,"2":1,"3":1,"4":1,"5":1,"6":1,"7":1},"b":{}}
}
