TN:
SF:__test__/mocks/auditInstance.ts
FN:1,(anonymous_0)
FN:11,(anonymous_1)
FNF:2
FNH:2
FNDA:18,(anonymous_0)
FNDA:20,(anonymous_1)
DA:1,66
DA:2,18
DA:11,66
DA:12,20
LF:4
LH:4
BRF:0
BRH:0
end_of_record
TN:
SF:__test__/mocks/createQueryBuilder.ts
FN:1,(anonymous_0)
FN:3,(anonymous_1)
FN:4,(anonymous_2)
FN:5,(anonymous_3)
FN:6,(anonymous_4)
FN:7,(anonymous_5)
FN:8,(anonymous_6)
FN:9,(anonymous_7)
FN:10,(anonymous_8)
FN:11,(anonymous_9)
FN:12,(anonymous_10)
FN:13,(anonymous_11)
FN:18,(anonymous_12)
FN:21,(anonymous_13)
FN:25,(anonymous_14)
FN:28,(anonymous_15)
FN:35,(anonymous_16)
FN:37,(anonymous_17)
FN:38,(anonymous_18)
FN:39,(anonymous_19)
FN:40,(anonymous_20)
FN:41,(anonymous_21)
FN:45,(anonymous_22)
FN:47,(anonymous_23)
FN:48,(anonymous_24)
FN:49,(anonymous_25)
FN:50,(anonymous_26)
FNF:27
FNH:18
FNDA:14,(anonymous_0)
FNDA:5,(anonymous_1)
FNDA:12,(anonymous_2)
FNDA:7,(anonymous_3)
FNDA:8,(anonymous_4)
FNDA:0,(anonymous_5)
FNDA:2,(anonymous_6)
FNDA:4,(anonymous_7)
FNDA:18,(anonymous_8)
FNDA:14,(anonymous_9)
FNDA:0,(anonymous_10)
FNDA:2,(anonymous_11)
FNDA:0,(anonymous_12)
FNDA:6,(anonymous_13)
FNDA:2,(anonymous_14)
FNDA:3,(anonymous_15)
FNDA:0,(anonymous_16)
FNDA:0,(anonymous_17)
FNDA:0,(anonymous_18)
FNDA:0,(anonymous_19)
FNDA:0,(anonymous_20)
FNDA:0,(anonymous_21)
FNDA:2,(anonymous_22)
FNDA:2,(anonymous_23)
FNDA:2,(anonymous_24)
FNDA:2,(anonymous_25)
FNDA:2,(anonymous_26)
DA:1,6
DA:2,14
DA:3,5
DA:4,12
DA:5,7
DA:6,8
DA:7,0
DA:8,2
DA:9,4
DA:10,18
DA:11,14
DA:12,0
DA:13,2
DA:16,14
DA:17,6
DA:18,0
DA:19,0
DA:21,6
DA:22,6
DA:23,8
DA:24,5
DA:25,2
DA:26,2
DA:28,3
DA:29,3
DA:31,3
DA:35,6
DA:36,0
DA:37,0
DA:38,0
DA:39,0
DA:40,0
DA:41,0
DA:45,6
DA:46,2
DA:47,2
DA:48,2
DA:49,2
DA:50,2
DA:53,2
LF:40
LH:30
BRDA:16,0,0,6
BRDA:16,0,1,8
BRDA:17,1,0,0
BRDA:17,1,1,6
BRDA:23,2,0,5
BRDA:23,2,1,3
BRDA:24,3,0,2
BRDA:24,3,1,3
BRF:8
BRH:7
end_of_record
TN:
SF:src/helpers/util.ts
FN:12,(anonymous_1)
FN:22,(anonymous_2)
FN:26,(anonymous_3)
FN:30,(anonymous_4)
FN:37,(anonymous_5)
FN:41,(anonymous_6)
FN:45,(anonymous_7)
FN:49,(anonymous_8)
FN:53,(anonymous_9)
FN:65,(anonymous_10)
FN:68,(anonymous_11)
FN:73,(anonymous_12)
FN:74,(anonymous_13)
FN:79,(anonymous_14)
FN:81,(anonymous_15)
FN:89,(anonymous_16)
FN:93,(anonymous_17)
FN:98,(anonymous_18)
FN:108,(anonymous_19)
FN:109,(anonymous_20)
FN:113,(anonymous_21)
FN:122,(anonymous_22)
FNF:22
FNH:11
FNDA:0,(anonymous_1)
FNDA:0,(anonymous_2)
FNDA:0,(anonymous_3)
FNDA:0,(anonymous_4)
FNDA:1,(anonymous_5)
FNDA:1,(anonymous_6)
FNDA:2,(anonymous_7)
FNDA:5,(anonymous_8)
FNDA:4,(anonymous_9)
FNDA:0,(anonymous_10)
FNDA:20,(anonymous_11)
FNDA:5,(anonymous_12)
FNDA:20,(anonymous_13)
FNDA:4,(anonymous_14)
FNDA:8,(anonymous_15)
FNDA:0,(anonymous_16)
FNDA:0,(anonymous_17)
FNDA:0,(anonymous_18)
FNDA:0,(anonymous_19)
FNDA:0,(anonymous_20)
FNDA:3,(anonymous_21)
FNDA:0,(anonymous_22)
DA:1,66
DA:2,66
DA:3,66
DA:4,66
DA:8,66
DA:9,66
DA:10,66
DA:12,66
DA:13,0
DA:22,66
DA:23,0
DA:26,66
DA:27,0
DA:30,66
DA:31,0
DA:37,66
DA:38,1
DA:41,66
DA:42,1
DA:45,66
DA:46,2
DA:49,66
DA:50,5
DA:51,5
DA:52,5
DA:53,4
DA:54,2
DA:55,6
DA:56,2
DA:59,0
DA:60,0
DA:61,0
DA:62,0
DA:64,0
DA:65,0
DA:68,66
DA:69,20
DA:70,20
DA:73,66
DA:74,20
DA:77,66
DA:79,66
DA:80,4
DA:81,4
DA:82,8
DA:84,4
DA:86,4
DA:89,66
DA:90,0
DA:93,66
DA:94,0
DA:96,0
DA:97,0
DA:98,0
DA:99,0
DA:100,0
DA:105,0
DA:108,66
DA:109,0
DA:110,0
DA:113,66
DA:114,3
DA:115,3
DA:117,0
DA:120,66
DA:122,66
DA:123,0
LF:67
LH:45
BRDA:15,0,0,0
BRDA:15,0,1,0
BRDA:38,1,0,1
BRDA:38,1,1,0
BRDA:42,2,0,0
BRDA:42,2,1,1
BRDA:46,3,0,0
BRDA:46,3,1,2
BRDA:49,4,0,5
BRDA:52,5,0,1
BRDA:52,5,1,4
BRDA:53,6,0,2
BRDA:53,6,1,2
BRDA:55,7,0,2
BRDA:55,7,1,4
BRDA:59,8,0,0
BRDA:59,8,1,0
BRDA:59,9,0,0
BRDA:59,9,1,0
BRDA:96,10,0,0
BRDA:96,10,1,0
BRDA:96,11,0,0
BRDA:96,11,1,0
BRDA:97,12,0,0
BRDA:97,12,1,0
BRDA:97,13,0,0
BRDA:97,13,1,0
BRDA:98,14,0,0
BRDA:98,14,1,0
BRDA:98,15,0,0
BRDA:98,15,1,0
BRDA:99,16,0,0
BRDA:99,16,1,0
BRDA:113,17,0,3
BRDA:114,18,0,3
BRDA:114,18,1,0
BRDA:122,19,0,0
BRF:37
BRH:12
end_of_record
TN:
SF:src/helpers/enums/bHubOperation.ts
FNF:0
FNH:0
DA:1,35
LF:1
LH:1
BRF:0
BRH:0
end_of_record
TN:
SF:src/helpers/enums/dayMap.ts
FN:1,(anonymous_0)
FNF:1
FNH:1
FNDA:66,(anonymous_0)
DA:1,66
DA:2,66
DA:3,66
DA:4,66
DA:5,66
DA:6,66
DA:7,66
DA:8,66
LF:8
LH:8
BRDA:1,0,0,66
BRDA:1,0,1,66
BRF:2
BRH:2
end_of_record
TN:
SF:src/helpers/enums/dynamicPromotionType.ts
FNF:0
FNH:0
DA:1,35
LF:1
LH:1
BRF:0
BRH:0
end_of_record
TN:
SF:src/helpers/enums/failureType.ts
FN:1,(anonymous_0)
FNF:1
FNH:1
FNDA:54,(anonymous_0)
DA:1,54
DA:2,54
DA:3,54
LF:3
LH:3
BRDA:1,0,0,54
BRDA:1,0,1,54
BRF:2
BRH:2
end_of_record
TN:
SF:src/helpers/enums/historyEvent.ts
FNF:0
FNH:0
DA:1,35
LF:1
LH:1
BRF:0
BRH:0
end_of_record
TN:
SF:src/helpers/enums/index.ts
FN:9,(anonymous_0)
FN:9,(anonymous_1)
FN:9,(anonymous_2)
FN:9,(anonymous_3)
FN:9,(anonymous_4)
FN:9,(anonymous_5)
FN:9,(anonymous_6)
FNF:7
FNH:4
FNDA:2,(anonymous_0)
FNDA:1,(anonymous_1)
FNDA:3,(anonymous_2)
FNDA:0,(anonymous_3)
FNDA:3,(anonymous_4)
FNDA:0,(anonymous_5)
FNDA:0,(anonymous_6)
DA:1,35
DA:2,35
DA:3,35
DA:4,35
DA:5,35
DA:6,35
DA:7,35
DA:9,38
LF:8
LH:8
BRF:0
BRH:0
end_of_record
TN:
SF:src/helpers/enums/operationType.ts
FNF:0
FNH:0
DA:1,35
DA:9,35
DA:16,35
LF:3
LH:3
BRF:0
BRH:0
end_of_record
TN:
SF:src/helpers/enums/productOperation.ts
FNF:0
FNH:0
DA:1,35
LF:1
LH:1
BRF:0
BRH:0
end_of_record
TN:
SF:src/helpers/enums/typeLimit.ts
FNF:0
FNH:0
DA:1,35
DA:7,35
LF:2
LH:2
BRF:0
BRH:0
end_of_record
TN:
SF:src/helpers/enums/typePromotion.ts
FNF:0
FNH:0
DA:1,35
LF:1
LH:1
BRF:0
BRH:0
end_of_record
TN:
SF:src/helpers/enums/userCondition.ts
FNF:0
FNH:0
DA:1,35
LF:1
LH:1
BRF:0
BRH:0
end_of_record
TN:
SF:src/infraestructure/repository/bannerRepository.ts
FN:8,(anonymous_8)
FN:18,(anonymous_10)
FN:21,(anonymous_12)
FN:24,(anonymous_13)
FN:32,getBannerRepository
FNF:5
FNH:1
FNDA:1,(anonymous_8)
FNDA:0,(anonymous_10)
FNDA:0,(anonymous_12)
FNDA:0,(anonymous_13)
FNDA:0,getBannerRepository
DA:1,36
DA:4,36
DA:5,36
DA:7,36
DA:9,1
DA:19,0
DA:22,0
DA:25,0
DA:28,0
DA:32,36
DA:33,0
DA:34,0
LF:12
LH:6
BRDA:28,0,0,0
BRDA:28,0,1,0
BRF:2
BRH:0
end_of_record
TN:
SF:src/infraestructure/repository/campaignRepository.ts
FN:12,(anonymous_8)
FN:18,(anonymous_10)
FN:25,(anonymous_11)
FN:37,(anonymous_13)
FN:52,(anonymous_15)
FN:73,getCampaignRepository
FNF:6
FNH:5
FNDA:1,(anonymous_8)
FNDA:1,(anonymous_10)
FNDA:1,(anonymous_11)
FNDA:1,(anonymous_13)
FNDA:1,(anonymous_15)
FNDA:0,getCampaignRepository
DA:2,36
DA:3,36
DA:5,36
DA:7,36
DA:11,36
DA:13,1
DA:18,1
DA:19,1
DA:22,1
DA:27,1
DA:29,1
DA:34,1
DA:39,1
DA:47,1
DA:49,1
DA:54,1
DA:61,1
DA:62,1
DA:64,1
DA:69,1
DA:73,36
DA:74,0
DA:75,0
LF:23
LH:21
BRDA:14,0,0,0
BRDA:14,0,1,1
BRF:2
BRH:1
end_of_record
TN:
SF:src/infraestructure/repository/channelPromotionRepository.ts
FN:15,(anonymous_8)
FN:26,(anonymous_10)
FN:34,(anonymous_12)
FN:38,(anonymous_13)
FN:50,(anonymous_15)
FN:64,(anonymous_17)
FN:96,(anonymous_19)
FN:113,(anonymous_21)
FN:119,getChannelPromotionRepository
FNF:9
FNH:8
FNDA:1,(anonymous_8)
FNDA:1,(anonymous_10)
FNDA:1,(anonymous_12)
FNDA:1,(anonymous_13)
FNDA:1,(anonymous_15)
FNDA:3,(anonymous_17)
FNDA:1,(anonymous_19)
FNDA:1,(anonymous_21)
FNDA:0,getChannelPromotionRepository
DA:1,36
DA:2,36
DA:6,36
DA:7,36
DA:9,36
DA:11,36
DA:14,36
DA:16,1
DA:23,1
DA:27,1
DA:34,1
DA:35,1
DA:39,1
DA:45,1
DA:47,1
DA:51,1
DA:52,1
DA:59,1
DA:61,1
DA:65,3
DA:66,3
DA:92,3
DA:93,1
DA:97,1
DA:98,1
DA:100,1
DA:113,1
DA:115,1
DA:119,36
DA:120,0
DA:121,0
LF:31
LH:29
BRDA:92,0,0,2
BRDA:92,0,1,1
BRDA:97,1,0,1
BRDA:97,1,1,0
BRF:4
BRH:3
end_of_record
TN:
SF:src/infraestructure/repository/channelRepository.ts
FN:10,(anonymous_8)
FN:17,(anonymous_10)
FN:24,getChannelRepository
FNF:3
FNH:2
FNDA:1,(anonymous_8)
FNDA:1,(anonymous_10)
FNDA:0,getChannelRepository
DA:1,35
DA:2,35
DA:5,35
DA:9,35
DA:12,1
DA:17,1
DA:18,1
DA:21,1
DA:24,35
DA:25,0
DA:26,0
LF:11
LH:9
BRF:0
BRH:0
end_of_record
TN:
SF:src/infraestructure/repository/configTypeLimitRepository.ts
FN:12,(anonymous_8)
FN:22,(anonymous_10)
FN:35,getConfigTypeLimitRepository
FNF:3
FNH:0
FNDA:0,(anonymous_8)
FNDA:0,(anonymous_10)
FNDA:0,getConfigTypeLimitRepository
DA:2,35
DA:3,35
DA:7,35
DA:10,35
DA:14,0
DA:16,0
DA:17,0
DA:19,0
DA:24,0
DA:30,0
DA:35,35
DA:36,0
DA:37,0
LF:13
LH:5
BRDA:16,0,0,0
BRDA:16,0,1,0
BRF:2
BRH:0
end_of_record
TN:
SF:src/infraestructure/repository/fintechClientsRepository.ts
FN:11,(anonymous_8)
FN:17,(anonymous_10)
FN:23,(anonymous_11)
FN:32,(anonymous_13)
FN:42,getFintechClientsRepository
FNF:5
FNH:4
FNDA:1,(anonymous_8)
FNDA:2,(anonymous_10)
FNDA:1,(anonymous_11)
FNDA:1,(anonymous_13)
FNDA:0,getFintechClientsRepository
DA:2,36
DA:3,36
DA:5,36
DA:7,36
DA:10,36
DA:12,1
DA:17,1
DA:18,2
DA:20,1
DA:24,1
DA:29,1
DA:33,1
DA:35,1
DA:37,1
DA:42,36
DA:43,0
DA:44,0
LF:17
LH:15
BRDA:29,0,0,1
BRDA:29,0,1,0
BRF:2
BRH:1
end_of_record
TN:
SF:src/infraestructure/repository/historyEventFailedRepository.ts
FN:9,(anonymous_8)
FN:14,getHistoryEventFailedRepository
FNF:2
FNH:1
FNDA:1,(anonymous_8)
FNDA:0,getHistoryEventFailedRepository
DA:1,35
DA:2,35
DA:7,35
DA:10,1
DA:14,35
DA:15,0
DA:16,0
LF:7
LH:5
BRF:0
BRH:0
end_of_record
TN:
SF:src/infraestructure/repository/historyEventRepository.ts
FN:13,(anonymous_8)
FN:19,(anonymous_10)
FN:26,(anonymous_11)
FN:65,(anonymous_13)
FN:71,(anonymous_14)
FN:99,(anonymous_16)
FN:113,(anonymous_18)
FN:136,(anonymous_20)
FN:158,getHistoryEventRepository
FNF:9
FNH:7
FNDA:1,(anonymous_8)
FNDA:1,(anonymous_10)
FNDA:1,(anonymous_11)
FNDA:1,(anonymous_13)
FNDA:1,(anonymous_14)
FNDA:1,(anonymous_16)
FNDA:2,(anonymous_18)
FNDA:0,(anonymous_20)
FNDA:0,getHistoryEventRepository
DA:1,35
DA:2,35
DA:3,35
DA:7,35
DA:9,35
DA:12,35
DA:14,1
DA:19,1
DA:20,1
DA:23,1
DA:27,1
DA:60,1
DA:61,1
DA:63,1
DA:65,1
DA:66,1
DA:68,1
DA:79,1
DA:81,1
DA:96,1
DA:100,1
DA:105,1
DA:106,1
DA:107,1
DA:108,1
DA:110,1
DA:114,2
DA:116,2
DA:131,2
DA:133,2
DA:137,0
DA:148,0
DA:149,0
DA:152,0
DA:154,0
DA:158,35
DA:159,0
DA:160,0
LF:38
LH:31
BRDA:60,0,0,1
BRDA:60,0,1,0
BRDA:148,1,0,0
BRDA:148,1,1,0
BRDA:148,2,0,0
BRDA:148,2,1,0
BRF:6
BRH:1
end_of_record
TN:
SF:src/infraestructure/repository/index.ts
FN:18,(anonymous_0)
FN:26,(anonymous_1)
FN:19,(anonymous_2)
FN:20,(anonymous_3)
FN:23,(anonymous_4)
FN:25,(anonymous_5)
FN:21,(anonymous_6)
FN:22,(anonymous_7)
FN:24,(anonymous_8)
FN:27,(anonymous_9)
FN:28,(anonymous_10)
FN:29,(anonymous_11)
FN:30,(anonymous_12)
FN:31,(anonymous_13)
FN:32,(anonymous_14)
FN:33,(anonymous_15)
FN:34,(anonymous_16)
FNF:17
FNH:11
FNDA:4,(anonymous_0)
FNDA:1,(anonymous_1)
FNDA:1,(anonymous_2)
FNDA:0,(anonymous_3)
FNDA:1,(anonymous_4)
FNDA:4,(anonymous_5)
FNDA:0,(anonymous_6)
FNDA:0,(anonymous_7)
FNDA:1,(anonymous_8)
FNDA:1,(anonymous_9)
FNDA:0,(anonymous_10)
FNDA:8,(anonymous_11)
FNDA:3,(anonymous_12)
FNDA:5,(anonymous_13)
FNDA:0,(anonymous_14)
FNDA:0,(anonymous_15)
FNDA:2,(anonymous_16)
DA:1,35
DA:2,35
DA:3,35
DA:4,35
DA:5,35
DA:6,35
DA:7,35
DA:8,35
DA:9,35
DA:10,35
DA:11,35
DA:12,35
DA:13,35
DA:14,35
DA:15,35
DA:18,39
DA:19,36
DA:20,35
DA:21,35
DA:22,35
DA:23,36
DA:24,36
DA:25,39
DA:26,36
DA:27,36
DA:28,35
DA:29,43
DA:30,38
DA:31,40
DA:32,35
DA:33,35
DA:34,37
LF:32
LH:32
BRF:0
BRH:0
end_of_record
TN:
SF:src/infraestructure/repository/operationTypeRepository.ts
FN:10,(anonymous_8)
FN:16,(anonymous_10)
FN:23,getOperationTypeRepository
FNF:3
FNH:2
FNDA:1,(anonymous_8)
FNDA:2,(anonymous_10)
FNDA:0,getOperationTypeRepository
DA:1,36
DA:2,36
DA:5,36
DA:9,36
DA:11,1
DA:16,1
DA:17,2
DA:20,1
DA:23,36
DA:24,0
DA:25,0
LF:11
LH:9
BRF:0
BRH:0
end_of_record
TN:
SF:src/infraestructure/repository/productOperationRepository.ts
FN:10,(anonymous_8)
FN:15,(anonymous_10)
FN:20,getProductOperationRepository
FNF:3
FNH:2
FNDA:1,(anonymous_8)
FNDA:2,(anonymous_10)
FNDA:0,getProductOperationRepository
DA:1,36
DA:2,36
DA:4,36
DA:9,36
DA:11,1
DA:15,2
DA:16,1
DA:20,36
DA:21,0
DA:22,0
LF:10
LH:8
BRF:0
BRH:0
end_of_record
TN:
SF:src/infraestructure/repository/promotionRepository.ts
FN:13,(anonymous_8)
FN:26,(anonymous_10)
FN:26,(anonymous_11)
FN:34,(anonymous_12)
FN:83,(anonymous_14)
FN:83,(anonymous_15)
FN:91,(anonymous_16)
FN:123,(anonymous_18)
FN:151,(anonymous_20)
FN:179,(anonymous_22)
FN:183,(anonymous_24)
FN:195,(anonymous_26)
FN:215,(anonymous_28)
FN:230,(anonymous_30)
FN:242,(anonymous_32)
FN:254,getPromotionRepository
FNF:16
FNH:14
FNDA:1,(anonymous_8)
FNDA:1,(anonymous_10)
FNDA:1,(anonymous_11)
FNDA:6,(anonymous_12)
FNDA:6,(anonymous_14)
FNDA:6,(anonymous_15)
FNDA:1,(anonymous_16)
FNDA:1,(anonymous_18)
FNDA:1,(anonymous_20)
FNDA:1,(anonymous_22)
FNDA:2,(anonymous_24)
FNDA:0,(anonymous_26)
FNDA:2,(anonymous_28)
FNDA:1,(anonymous_30)
FNDA:1,(anonymous_32)
FNDA:0,getPromotionRepository
DA:1,36
DA:2,36
DA:5,36
DA:7,36
DA:10,36
DA:15,1
DA:22,1
DA:23,0
DA:25,1
DA:26,1
DA:27,1
DA:31,1
DA:35,6
DA:64,6
DA:66,6
DA:67,5
DA:72,6
DA:73,1
DA:75,5
DA:76,5
DA:78,6
DA:80,6
DA:82,6
DA:83,6
DA:84,6
DA:88,6
DA:92,1
DA:120,1
DA:124,1
DA:146,1
DA:148,1
DA:152,1
DA:158,1
DA:176,1
DA:180,1
DA:184,2
DA:192,2
DA:196,0
DA:198,0
DA:210,0
DA:212,0
DA:216,2
DA:218,2
DA:227,2
DA:231,1
DA:237,1
DA:239,1
DA:243,1
DA:254,36
DA:255,0
DA:256,0
LF:51
LH:44
BRDA:22,0,0,0
BRDA:22,0,1,1
BRDA:66,1,0,5
BRDA:66,1,1,1
BRDA:72,2,0,1
BRDA:72,2,1,5
BRDA:72,3,0,6
BRDA:72,3,1,3
BRDA:75,4,0,2
BRDA:75,4,1,3
BRDA:75,5,0,5
BRDA:75,5,1,2
BRDA:76,6,0,1
BRDA:76,6,1,4
BRDA:76,7,0,5
BRDA:76,7,1,1
BRDA:78,8,0,1
BRDA:78,8,1,5
BRDA:212,9,0,0
BRDA:212,9,1,0
BRF:20
BRH:17
end_of_record
TN:
SF:src/infraestructure/repository/ruleConfigurationRepository.ts
FN:12,(anonymous_8)
FN:21,(anonymous_10)
FN:52,(anonymous_12)
FN:61,(anonymous_14)
FN:94,(anonymous_15)
FN:103,(anonymous_16)
FN:109,(anonymous_17)
FN:129,(anonymous_19)
FN:135,(anonymous_21)
FN:144,(anonymous_23)
FN:153,(anonymous_25)
FN:165,getRuleConfigurationRepository
FNF:12
FNH:9
FNDA:1,(anonymous_8)
FNDA:1,(anonymous_10)
FNDA:3,(anonymous_12)
FNDA:2,(anonymous_14)
FNDA:1,(anonymous_15)
FNDA:1,(anonymous_16)
FNDA:0,(anonymous_17)
FNDA:1,(anonymous_19)
FNDA:1,(anonymous_21)
FNDA:1,(anonymous_23)
FNDA:0,(anonymous_25)
FNDA:0,getRuleConfigurationRepository
DA:1,38
DA:2,38
DA:3,38
DA:10,38
DA:13,1
DA:22,1
DA:49,1
DA:54,3
DA:56,3
DA:58,3
DA:59,1
DA:61,2
DA:62,2
DA:63,1
DA:67,2
DA:69,1
DA:73,1
DA:94,1
DA:95,1
DA:103,1
DA:105,1
DA:110,0
DA:112,0
DA:130,1
DA:132,1
DA:136,1
DA:141,1
DA:145,1
DA:150,1
DA:154,0
DA:161,0
DA:165,38
DA:166,0
DA:167,0
LF:34
LH:28
BRDA:58,0,0,1
BRDA:58,0,1,2
BRDA:58,1,0,3
BRDA:58,1,1,3
BRDA:62,2,0,1
BRDA:62,2,1,1
BRDA:62,3,0,2
BRDA:62,3,1,1
BRDA:67,4,0,1
BRDA:67,4,1,1
BRDA:95,5,0,1
BRDA:95,5,1,1
BRDA:95,5,2,0
BRDA:95,5,3,1
BRDA:95,5,4,1
BRDA:95,5,5,0
BRDA:95,5,6,1
BRDA:95,5,7,1
BRDA:95,5,8,0
BRDA:95,5,9,1
BRDA:95,5,10,1
BRDA:95,5,11,0
BRDA:95,5,12,1
BRDA:95,5,13,1
BRDA:95,5,14,0
BRDA:95,5,15,1
BRDA:95,6,0,0
BRDA:95,6,1,1
BRDA:95,7,0,1
BRDA:95,7,1,1
BRDA:96,8,0,0
BRDA:96,8,1,1
BRDA:96,9,0,1
BRDA:96,9,1,1
BRDA:97,10,0,0
BRDA:97,10,1,1
BRDA:97,11,0,1
BRDA:97,11,1,1
BRDA:98,12,0,0
BRDA:98,12,1,1
BRDA:98,13,0,1
BRDA:98,13,1,1
BRDA:99,14,0,0
BRDA:99,14,1,1
BRDA:99,15,0,1
BRDA:99,15,1,1
BRDA:99,16,0,0
BRDA:99,16,1,1
BRDA:99,17,0,1
BRDA:99,17,1,1
BRDA:99,18,0,0
BRDA:99,18,1,1
BRDA:99,19,0,1
BRDA:99,19,1,1
BRDA:99,20,0,0
BRDA:99,20,1,0
BRDA:99,21,0,0
BRDA:99,21,1,0
BRDA:100,22,0,0
BRDA:100,22,1,1
BRDA:100,23,0,1
BRDA:100,23,1,1
BRF:62
BRH:45
end_of_record
TN:
SF:src/infraestructure/repository/sectionActionRepository.ts
FN:10,(anonymous_8)
FN:17,(anonymous_10)
FN:22,getSectionActionRepository
FNF:3
FNH:0
FNDA:0,(anonymous_8)
FNDA:0,(anonymous_10)
FNDA:0,getSectionActionRepository
DA:1,35
DA:5,35
DA:6,35
DA:9,35
DA:11,0
DA:17,0
DA:19,0
DA:22,35
DA:23,0
DA:24,0
LF:10
LH:5
BRF:0
BRH:0
end_of_record
TN:
SF:src/infraestructure/repository/sectionBannerRepository.ts
FN:12,(anonymous_8)
FN:22,(anonymous_10)
FN:27,(anonymous_11)
FN:36,(anonymous_13)
FN:59,(anonymous_15)
FN:78,getSectionBannerRepository
FNF:6
FNH:4
FNDA:1,(anonymous_8)
FNDA:1,(anonymous_10)
FNDA:0,(anonymous_11)
FNDA:1,(anonymous_13)
FNDA:2,(anonymous_15)
FNDA:0,getSectionBannerRepository
DA:1,36
DA:2,36
DA:4,36
DA:7,36
DA:8,36
DA:11,36
DA:13,1
DA:22,1
DA:24,1
DA:28,0
DA:30,0
DA:32,0
DA:38,1
DA:45,1
DA:56,1
DA:60,2
DA:68,2
DA:69,1
DA:72,2
DA:74,2
DA:78,36
DA:79,0
DA:80,0
LF:23
LH:18
BRDA:68,0,0,1
BRDA:68,0,1,1
BRF:2
BRH:2
end_of_record
TN:
SF:src/infraestructure/repository/sectionChannelRepository.ts
FN:10,(anonymous_8)
FN:18,(anonymous_10)
FN:25,getSectionChannelRepository
FNF:3
FNH:0
FNDA:0,(anonymous_8)
FNDA:0,(anonymous_10)
FNDA:0,getSectionChannelRepository
DA:1,35
DA:5,35
DA:6,35
DA:9,35
DA:11,0
DA:18,0
DA:19,0
DA:22,0
DA:25,35
DA:26,0
DA:27,0
LF:11
LH:5
BRF:0
BRH:0
end_of_record
TN:
SF:src/infraestructure/repository/sectionRepository.ts
FN:10,(anonymous_8)
FN:16,(anonymous_10)
FN:23,getSectionRepository
FNF:3
FNH:2
FNDA:2,(anonymous_8)
FNDA:1,(anonymous_10)
FNDA:0,getSectionRepository
DA:1,36
DA:2,36
DA:5,36
DA:9,36
DA:11,2
DA:16,2
DA:17,1
DA:20,2
DA:23,36
DA:24,0
DA:25,0
LF:11
LH:9
BRF:0
BRH:0
end_of_record
TN:
SF:src/infraestructure/repository/settingCodeRepository.ts
FN:9,(anonymous_8)
FN:15,(anonymous_10)
FN:19,(anonymous_12)
FN:27,(anonymous_14)
FN:35,(anonymous_16)
FN:43,getSettingCodeRepository
FNF:6
FNH:5
FNDA:2,(anonymous_8)
FNDA:1,(anonymous_10)
FNDA:1,(anonymous_12)
FNDA:1,(anonymous_14)
FNDA:2,(anonymous_16)
FNDA:0,getSettingCodeRepository
DA:1,35
DA:4,35
DA:7,35
DA:10,2
DA:16,1
DA:20,1
DA:28,1
DA:36,2
DA:43,35
DA:44,0
DA:45,0
LF:11
LH:9
BRF:0
BRH:0
end_of_record
TN:
SF:src/infraestructure/repository/storeRepository.ts
FN:10,(anonymous_8)
FN:21,(anonymous_10)
FN:29,getStoreRepository
FNF:3
FNH:2
FNDA:2,(anonymous_8)
FNDA:2,(anonymous_10)
FNDA:0,getStoreRepository
DA:2,36
DA:3,36
DA:5,36
DA:9,36
DA:11,2
DA:16,2
DA:17,1
DA:19,2
DA:21,2
DA:22,2
DA:25,2
DA:29,36
DA:30,0
DA:31,0
LF:14
LH:12
BRDA:16,0,0,1
BRDA:16,0,1,1
BRF:2
BRH:2
end_of_record
TN:
SF:src/infraestructure/repository/typeLimitRepository.ts
FN:15,(anonymous_8)
FN:22,(anonymous_10)
FN:29,(anonymous_11)
FN:42,(anonymous_13)
FN:72,(anonymous_15)
FN:96,getTypeLimitRepository
FNF:6
FNH:5
FNDA:1,(anonymous_8)
FNDA:2,(anonymous_10)
FNDA:1,(anonymous_11)
FNDA:3,(anonymous_13)
FNDA:1,(anonymous_15)
FNDA:0,getTypeLimitRepository
DA:2,35
DA:3,35
DA:5,35
DA:6,35
DA:8,35
DA:10,35
DA:11,35
DA:14,35
DA:17,1
DA:22,1
DA:23,2
DA:26,1
DA:31,1
DA:33,1
DA:39,1
DA:43,3
DA:44,3
DA:45,3
DA:46,1
DA:47,1
DA:48,1
DA:50,2
DA:58,2
DA:59,1
DA:60,1
DA:61,1
DA:64,1
DA:65,1
DA:66,1
DA:74,1
DA:81,1
DA:82,1
DA:84,1
DA:86,1
DA:92,1
DA:96,35
DA:97,0
DA:98,0
LF:38
LH:36
BRDA:45,0,0,1
BRDA:45,0,1,2
BRDA:58,1,0,1
BRDA:58,1,1,1
BRDA:81,2,0,1
BRDA:81,2,1,0
BRDA:82,3,0,1
BRDA:82,3,1,0
BRF:8
BRH:6
end_of_record
TN:
SF:src/infraestructure/repository/typePromotionRepository.ts
FN:10,(anonymous_8)
FN:15,(anonymous_10)
FN:23,getTypePromotionRepository
FNF:3
FNH:2
FNDA:1,(anonymous_8)
FNDA:1,(anonymous_10)
FNDA:0,getTypePromotionRepository
DA:1,35
DA:2,35
DA:5,35
DA:9,35
DA:11,1
DA:15,1
DA:16,1
DA:19,1
DA:23,35
DA:24,0
DA:25,0
LF:11
LH:9
BRF:0
BRH:0
end_of_record
TN:
SF:src/infraestructure/repository/userConditionRepository.ts
FN:14,(anonymous_8)
FN:20,(anonymous_10)
FN:27,(anonymous_11)
FN:40,(anonymous_13)
FN:72,(anonymous_15)
FN:96,getUserConditionRepository
FNF:6
FNH:5
FNDA:1,(anonymous_8)
FNDA:2,(anonymous_10)
FNDA:1,(anonymous_11)
FNDA:3,(anonymous_13)
FNDA:1,(anonymous_15)
FNDA:0,getUserConditionRepository
DA:1,36
DA:2,36
DA:5,36
DA:7,36
DA:8,36
DA:9,36
DA:10,36
DA:13,36
DA:15,1
DA:20,1
DA:21,2
DA:24,1
DA:29,1
DA:31,1
DA:37,1
DA:41,3
DA:42,3
DA:44,3
DA:45,1
DA:46,1
DA:47,1
DA:50,2
DA:57,2
DA:58,1
DA:60,1
DA:62,1
DA:65,1
DA:66,1
DA:67,1
DA:74,1
DA:81,1
DA:82,1
DA:84,1
DA:86,1
DA:91,1
DA:96,36
DA:97,0
DA:98,0
LF:38
LH:36
BRDA:44,0,0,1
BRDA:44,0,1,2
BRDA:57,1,0,1
BRDA:57,1,1,1
BRDA:81,2,0,1
BRDA:81,2,1,0
BRDA:82,3,0,1
BRDA:82,3,1,0
BRF:8
BRH:6
end_of_record
TN:
SF:src/infraestructure/schemas/audit.ts
FNF:0
FNH:0
DA:3,53
DA:28,53
LF:2
LH:2
BRF:0
BRH:0
end_of_record
TN:
SF:src/infraestructure/schemas/bannerEntity.ts
FNF:0
FNH:0
DA:1,53
DA:3,53
DA:5,53
LF:3
LH:3
BRF:0
BRH:0
end_of_record
TN:
SF:src/infraestructure/schemas/campaignEntity.ts
FNF:0
FNH:0
DA:1,53
DA:3,53
DA:5,53
LF:3
LH:3
BRF:0
BRH:0
end_of_record
TN:
SF:src/infraestructure/schemas/channelEntity.ts
FNF:0
FNH:0
DA:1,53
DA:3,53
DA:5,53
LF:3
LH:3
BRF:0
BRH:0
end_of_record
TN:
SF:src/infraestructure/schemas/channelPromotionEntity.ts
FNF:0
FNH:0
DA:1,53
DA:3,53
DA:5,53
LF:3
LH:3
BRF:0
BRH:0
end_of_record
TN:
SF:src/infraestructure/schemas/configTypeLimitEntity.ts
FNF:0
FNH:0
DA:1,53
DA:3,53
DA:5,53
LF:3
LH:3
BRF:0
BRH:0
end_of_record
TN:
SF:src/infraestructure/schemas/configurarionStoreEntity.ts
FNF:0
FNH:0
DA:1,53
DA:3,53
DA:5,53
LF:3
LH:3
BRF:0
BRH:0
end_of_record
TN:
SF:src/infraestructure/schemas/fintechClientsEntity.ts
FNF:0
FNH:0
DA:1,53
DA:3,53
DA:5,53
LF:3
LH:3
BRF:0
BRH:0
end_of_record
TN:
SF:src/infraestructure/schemas/historyEventEntity.ts
FNF:0
FNH:0
DA:1,53
DA:3,53
DA:5,53
LF:3
LH:3
BRF:0
BRH:0
end_of_record
TN:
SF:src/infraestructure/schemas/historyEventFailedEntity.ts
FNF:0
FNH:0
DA:1,53
DA:2,53
DA:4,53
DA:6,53
LF:4
LH:4
BRF:0
BRH:0
end_of_record
TN:
SF:src/infraestructure/schemas/index.ts
FN:25,(anonymous_0)
FN:26,(anonymous_1)
FN:27,(anonymous_2)
FN:28,(anonymous_3)
FN:29,(anonymous_4)
FN:30,(anonymous_5)
FN:34,(anonymous_6)
FN:31,(anonymous_7)
FN:32,(anonymous_8)
FN:33,(anonymous_9)
FN:35,(anonymous_10)
FN:36,(anonymous_11)
FN:37,(anonymous_12)
FN:38,(anonymous_13)
FN:39,(anonymous_14)
FN:40,(anonymous_15)
FN:41,(anonymous_16)
FN:42,(anonymous_17)
FN:43,(anonymous_18)
FN:44,(anonymous_19)
FN:45,(anonymous_20)
FN:46,(anonymous_21)
FNF:22
FNH:19
FNDA:36,(anonymous_0)
FNDA:35,(anonymous_1)
FNDA:35,(anonymous_2)
FNDA:36,(anonymous_3)
FNDA:36,(anonymous_4)
FNDA:36,(anonymous_5)
FNDA:36,(anonymous_6)
FNDA:38,(anonymous_7)
FNDA:36,(anonymous_8)
FNDA:35,(anonymous_9)
FNDA:35,(anonymous_10)
FNDA:36,(anonymous_11)
FNDA:36,(anonymous_12)
FNDA:0,(anonymous_13)
FNDA:35,(anonymous_14)
FNDA:35,(anonymous_15)
FNDA:36,(anonymous_16)
FNDA:35,(anonymous_17)
FNDA:36,(anonymous_18)
FNDA:36,(anonymous_19)
FNDA:0,(anonymous_20)
FNDA:0,(anonymous_21)
DA:1,53
DA:2,53
DA:3,53
DA:4,53
DA:5,53
DA:6,53
DA:7,53
DA:8,53
DA:9,53
DA:10,53
DA:11,53
DA:12,53
DA:13,53
DA:14,53
DA:15,53
DA:16,53
DA:17,53
DA:18,53
DA:19,53
DA:20,53
DA:21,53
DA:22,53
DA:25,89
DA:26,88
DA:27,88
DA:28,89
DA:29,89
DA:30,89
DA:31,91
DA:32,89
DA:33,88
DA:34,89
DA:35,88
DA:36,89
DA:37,89
DA:38,53
DA:39,88
DA:40,88
DA:41,89
DA:42,88
DA:43,89
DA:44,89
DA:45,53
DA:46,53
LF:44
LH:44
BRF:0
BRH:0
end_of_record
TN:
SF:src/infraestructure/schemas/operationTypeEntity.ts
FNF:0
FNH:0
DA:1,53
DA:3,53
DA:5,53
LF:3
LH:3
BRF:0
BRH:0
end_of_record
TN:
SF:src/infraestructure/schemas/productOperationEntity.ts
FNF:0
FNH:0
DA:1,53
DA:3,53
DA:5,53
LF:3
LH:3
BRF:0
BRH:0
end_of_record
TN:
SF:src/infraestructure/schemas/promotionEntity.ts
FNF:0
FNH:0
DA:1,53
DA:3,53
DA:5,53
LF:3
LH:3
BRF:0
BRH:0
end_of_record
TN:
SF:src/infraestructure/schemas/ruleConfigurationEntity.ts
FNF:0
FNH:0
DA:1,53
DA:3,53
DA:5,53
LF:3
LH:3
BRF:0
BRH:0
end_of_record
TN:
SF:src/infraestructure/schemas/sectionActionEntity.ts
FNF:0
FNH:0
DA:1,53
DA:3,53
DA:5,53
LF:3
LH:3
BRF:0
BRH:0
end_of_record
TN:
SF:src/infraestructure/schemas/sectionBannerEntity.ts
FNF:0
FNH:0
DA:1,53
DA:3,53
DA:5,53
LF:3
LH:3
BRF:0
BRH:0
end_of_record
TN:
SF:src/infraestructure/schemas/sectionChannelEntity.ts
FNF:0
FNH:0
DA:1,53
DA:3,53
DA:5,53
LF:3
LH:3
BRF:0
BRH:0
end_of_record
TN:
SF:src/infraestructure/schemas/sectionEntity.ts
FNF:0
FNH:0
DA:1,53
DA:4,53
LF:2
LH:2
BRF:0
BRH:0
end_of_record
TN:
SF:src/infraestructure/schemas/settingCodeEntity.ts
FNF:0
FNH:0
DA:1,53
DA:3,53
DA:5,53
LF:3
LH:3
BRF:0
BRH:0
end_of_record
TN:
SF:src/infraestructure/schemas/storeEntity.ts
FNF:0
FNH:0
DA:1,53
DA:3,53
DA:5,53
LF:3
LH:3
BRF:0
BRH:0
end_of_record
TN:
SF:src/infraestructure/schemas/typeLimitEntity.ts
FNF:0
FNH:0
DA:1,53
DA:3,53
DA:5,53
LF:3
LH:3
BRF:0
BRH:0
end_of_record
TN:
SF:src/infraestructure/schemas/typePromotionEntity.ts
FNF:0
FNH:0
DA:1,53
DA:3,53
DA:5,53
LF:3
LH:3
BRF:0
BRH:0
end_of_record
TN:
SF:src/infraestructure/schemas/userConditionEntity.ts
FNF:0
FNH:0
DA:1,53
DA:3,53
DA:5,53
LF:3
LH:3
BRF:0
BRH:0
end_of_record
TN:
SF:src/lib/BHUB/bhubService.ts
FN:16,(anonymous_8)
FN:16,(anonymous_9)
FN:49,(anonymous_10)
FN:49,(anonymous_11)
FN:80,(anonymous_12)
FN:80,(anonymous_13)
FN:110,(anonymous_14)
FN:110,(anonymous_15)
FNF:8
FNH:0
FNDA:0,(anonymous_8)
FNDA:0,(anonymous_9)
FNDA:0,(anonymous_10)
FNDA:0,(anonymous_11)
FNDA:0,(anonymous_12)
FNDA:0,(anonymous_13)
FNDA:0,(anonymous_14)
FNDA:0,(anonymous_15)
DA:1,34
DA:2,34
DA:4,34
DA:5,34
DA:7,34
DA:14,34
DA:16,34
DA:17,0
DA:18,0
DA:21,0
DA:31,0
DA:32,0
DA:36,0
DA:38,0
DA:45,0
DA:49,34
DA:50,0
DA:51,0
DA:54,0
DA:62,0
DA:63,0
DA:67,0
DA:69,0
DA:76,0
DA:80,34
DA:81,0
DA:82,0
DA:85,0
DA:92,0
DA:93,0
DA:97,0
DA:99,0
DA:106,0
DA:110,34
DA:111,0
DA:112,0
DA:115,0
DA:120,0
DA:121,0
DA:125,0
DA:127,0
DA:134,0
DA:138,34
LF:43
LH:11
BRDA:31,0,0,0
BRDA:31,0,1,0
BRDA:62,1,0,0
BRDA:62,1,1,0
BRDA:92,2,0,0
BRDA:92,2,1,0
BRDA:120,3,0,0
BRDA:120,3,1,0
BRF:8
BRH:0
end_of_record
TN:
SF:src/lib/BHUB/utils.ts
FN:7,(anonymous_8)
FN:7,(anonymous_9)
FN:21,(anonymous_10)
FN:21,(anonymous_11)
FN:28,(anonymous_12)
FNF:5
FNH:0
FNDA:0,(anonymous_8)
FNDA:0,(anonymous_9)
FNDA:0,(anonymous_10)
FNDA:0,(anonymous_11)
FNDA:0,(anonymous_12)
DA:1,34
DA:2,34
DA:3,34
DA:5,34
DA:7,34
DA:8,0
DA:10,0
DA:12,0
DA:13,0
DA:15,0
DA:16,0
DA:17,0
DA:21,34
DA:22,0
DA:24,0
DA:25,0
DA:28,0
DA:30,0
LF:18
LH:6
BRDA:8,0,0,0
BRDA:8,0,1,0
BRDA:10,1,0,0
BRDA:10,1,1,0
BRDA:12,2,0,0
BRDA:12,2,1,0
BRDA:12,3,0,0
BRDA:12,3,1,0
BRDA:24,4,0,0
BRDA:24,4,1,0
BRDA:30,5,0,0
BRDA:30,5,1,0
BRDA:30,6,0,0
BRDA:30,6,1,0
BRF:14
BRH:0
end_of_record
TN:
SF:src/lib/client/clientService.ts
FN:6,(anonymous_8)
FN:6,(anonymous_9)
FNF:2
FNH:2
FNDA:2,(anonymous_8)
FNDA:2,(anonymous_9)
DA:2,36
DA:3,36
DA:4,36
DA:6,36
DA:7,2
DA:8,2
DA:9,1
DA:11,1
LF:8
LH:8
BRF:0
BRH:0
end_of_record
TN:
SF:src/lib/clubPersonal/clubPersonalIntegration.ts
FN:19,(anonymous_8)
FN:19,(anonymous_9)
FNF:2
FNH:2
FNDA:3,(anonymous_8)
FNDA:3,(anonymous_9)
DA:1,35
DA:2,35
DA:4,35
DA:8,35
DA:9,35
DA:12,35
DA:13,35
DA:19,35
DA:20,3
DA:21,3
DA:22,3
DA:23,3
DA:26,3
DA:31,1
DA:32,1
DA:39,0
DA:44,2
DA:55,35
LF:18
LH:17
BRDA:22,0,0,3
BRDA:22,0,1,0
BRDA:31,1,0,1
BRDA:31,1,1,0
BRF:4
BRH:2
end_of_record
TN:
SF:src/lib/common/axiosInstance.ts
FNF:0
FNH:0
DA:1,37
DA:3,37
DA:5,37
DA:10,37
DA:15,37
DA:23,37
DA:28,37
DA:35,37
DA:36,37
DA:37,37
DA:38,37
DA:39,37
LF:12
LH:12
BRF:0
BRH:0
end_of_record
TN:
SF:src/lib/tuID/users.ts
FN:9,(anonymous_8)
FN:9,(anonymous_9)
FN:28,(anonymous_10)
FN:28,(anonymous_11)
FNF:4
FNH:4
FNDA:2,(anonymous_8)
FNDA:2,(anonymous_9)
FNDA:2,(anonymous_10)
FNDA:2,(anonymous_11)
DA:1,35
DA:2,35
DA:4,35
DA:5,35
DA:7,35
DA:9,35
DA:10,2
DA:13,2
DA:20,1
DA:21,1
DA:25,1
DA:28,35
DA:29,2
DA:30,2
DA:31,1
DA:34,1
DA:42,1
DA:43,1
DA:47,1
DA:48,1
DA:50,1
DA:54,1
DA:58,35
LF:23
LH:23
BRDA:20,0,0,1
BRDA:20,0,1,0
BRDA:42,1,0,1
BRDA:42,1,1,0
BRF:4
BRH:2
end_of_record
TN:
SF:src/mapper/index.ts
FN:17,(anonymous_0)
FN:18,(anonymous_1)
FN:19,(anonymous_2)
FN:20,(anonymous_3)
FN:21,(anonymous_4)
FN:22,(anonymous_5)
FN:23,(anonymous_6)
FN:24,(anonymous_7)
FN:25,(anonymous_8)
FN:26,(anonymous_9)
FN:27,(anonymous_10)
FN:28,(anonymous_11)
FNF:12
FNH:11
FNDA:1,(anonymous_0)
FNDA:1,(anonymous_1)
FNDA:1,(anonymous_2)
FNDA:9,(anonymous_3)
FNDA:1,(anonymous_4)
FNDA:2,(anonymous_5)
FNDA:2,(anonymous_6)
FNDA:2,(anonymous_7)
FNDA:2,(anonymous_8)
FNDA:2,(anonymous_9)
FNDA:0,(anonymous_10)
FNDA:4,(anonymous_11)
DA:1,46
DA:17,47
DA:18,47
DA:19,47
DA:20,55
DA:21,47
DA:22,48
DA:23,48
DA:24,48
DA:25,48
DA:26,48
DA:27,46
DA:28,50
LF:13
LH:13
BRF:0
BRH:0
end_of_record
TN:
SF:src/mapper/dtoToEntity/banner.ts
FN:5,(anonymous_0)
FNF:1
FNH:0
FNDA:0,(anonymous_0)
DA:1,34
DA:5,34
DA:6,0
LF:3
LH:2
BRF:0
BRH:0
end_of_record
TN:
SF:src/mapper/dtoToEntity/configTypeLimit.ts
FN:5,(anonymous_0)
FN:6,(anonymous_1)
FN:20,(anonymous_2)
FN:21,(anonymous_3)
FNF:4
FNH:1
FNDA:0,(anonymous_0)
FNDA:0,(anonymous_1)
FNDA:2,(anonymous_2)
FNDA:0,(anonymous_3)
DA:2,36
DA:5,36
DA:6,0
DA:7,0
DA:17,0
DA:20,36
DA:21,2
LF:7
LH:4
BRDA:24,0,0,0
BRDA:24,0,1,0
BRF:2
BRH:0
end_of_record
TN:
SF:src/mapper/dtoToEntity/configurationStore.ts
FN:4,(anonymous_0)
FN:5,(anonymous_1)
FN:20,(anonymous_2)
FN:35,(anonymous_3)
FN:36,(anonymous_4)
FN:45,(anonymous_5)
FNF:6
FNH:1
FNDA:1,(anonymous_0)
FNDA:0,(anonymous_1)
FNDA:0,(anonymous_2)
FNDA:0,(anonymous_3)
FNDA:0,(anonymous_4)
FNDA:0,(anonymous_5)
DA:1,36
DA:4,36
DA:5,1
DA:6,0
DA:7,0
DA:13,0
DA:20,36
DA:21,0
DA:22,0
DA:28,0
DA:35,36
DA:36,0
DA:37,0
DA:45,36
DA:46,0
LF:15
LH:6
BRDA:5,0,0,1
BRDA:5,0,1,0
BRDA:5,1,0,1
BRDA:5,1,1,1
BRDA:6,2,0,0
BRDA:6,2,1,0
BRDA:21,3,0,0
BRDA:21,3,1,0
BRDA:36,4,0,0
BRDA:36,4,1,0
BRDA:36,5,0,0
BRDA:36,5,1,0
BRF:12
BRH:3
end_of_record
TN:
SF:src/mapper/dtoToEntity/historyEventFailed.ts
FN:5,(anonymous_0)
FNF:1
FNH:1
FNDA:2,(anonymous_0)
DA:3,35
DA:5,35
DA:6,2
LF:3
LH:3
BRF:0
BRH:0
end_of_record
TN:
SF:src/mapper/dtoToEntity/index.ts
FN:7,(anonymous_0)
FN:8,(anonymous_1)
FN:11,(anonymous_2)
FN:9,(anonymous_3)
FN:10,(anonymous_4)
FN:12,(anonymous_5)
FN:13,(anonymous_6)
FN:14,(anonymous_7)
FN:15,(anonymous_8)
FNF:9
FNH:2
FNDA:0,(anonymous_0)
FNDA:0,(anonymous_1)
FNDA:2,(anonymous_2)
FNDA:1,(anonymous_3)
FNDA:0,(anonymous_4)
FNDA:0,(anonymous_5)
FNDA:0,(anonymous_6)
FNDA:0,(anonymous_7)
FNDA:0,(anonymous_8)
DA:1,36
DA:2,36
DA:3,36
DA:4,36
DA:7,36
DA:8,36
DA:9,37
DA:10,36
DA:11,38
DA:12,36
DA:13,36
DA:14,36
DA:15,36
LF:13
LH:13
BRF:0
BRH:0
end_of_record
TN:
SF:src/mapper/dtoToEntity/ruleConfiguration.ts
FN:6,(anonymous_0)
FN:21,(anonymous_1)
FN:36,(anonymous_2)
FN:53,(anonymous_3)
FNF:4
FNH:2
FNDA:0,(anonymous_0)
FNDA:0,(anonymous_1)
FNDA:2,(anonymous_2)
FNDA:2,(anonymous_3)
DA:3,36
DA:4,36
DA:5,36
DA:6,36
DA:7,0
DA:21,36
DA:22,0
DA:36,36
DA:37,2
DA:53,36
DA:54,2
DA:55,1
LF:12
LH:10
BRDA:54,0,0,1
BRDA:54,0,1,1
BRDA:55,1,0,1
BRDA:55,1,1,0
BRF:4
BRH:3
end_of_record
TN:
SF:src/mapper/dtoToEntity/sectionBanner.ts
FN:5,(anonymous_0)
FN:6,(anonymous_1)
FNF:2
FNH:0
FNDA:0,(anonymous_0)
FNDA:0,(anonymous_1)
DA:2,36
DA:5,36
DA:6,0
DA:7,0
DA:20,0
LF:5
LH:2
BRF:0
BRH:0
end_of_record
TN:
SF:src/mapper/dtoToEntity/settingCode.ts
FN:5,(anonymous_0)
FN:13,(anonymous_1)
FNF:2
FNH:2
FNDA:2,(anonymous_0)
FNDA:2,(anonymous_1)
DA:3,36
DA:5,36
DA:6,2
DA:13,36
DA:14,2
LF:5
LH:5
BRF:0
BRH:0
end_of_record
TN:
SF:src/mapper/entityToDTO/banner.ts
FN:4,(anonymous_0)
FN:19,(anonymous_1)
FN:23,(anonymous_2)
FN:24,(anonymous_3)
FN:25,(anonymous_4)
FNF:5
FNH:5
FNDA:1,(anonymous_0)
FNDA:4,(anonymous_1)
FNDA:3,(anonymous_2)
FNDA:3,(anonymous_3)
FNDA:3,(anonymous_4)
DA:4,49
DA:5,1
DA:19,49
DA:20,4
DA:23,3
DA:24,3
DA:25,3
LF:7
LH:7
BRDA:23,0,0,4
BRDA:23,0,1,2
BRDA:23,1,0,2
BRDA:23,1,1,2
BRDA:23,2,0,4
BRDA:23,2,1,4
BRDA:24,3,0,4
BRDA:24,3,1,3
BRDA:24,4,0,2
BRDA:24,4,1,2
BRDA:24,5,0,4
BRDA:24,5,1,4
BRDA:24,6,0,1
BRDA:24,6,1,2
BRDA:24,7,0,3
BRDA:24,7,1,3
BRDA:24,8,0,1
BRDA:24,8,1,2
BRDA:24,9,0,3
BRDA:24,9,1,3
BRDA:25,10,0,4
BRDA:25,10,1,3
BRDA:25,11,0,2
BRDA:25,11,1,2
BRDA:25,12,0,4
BRDA:25,12,1,4
BRDA:25,13,0,1
BRDA:25,13,1,2
BRDA:25,14,0,3
BRDA:25,14,1,3
BRF:30
BRH:30
end_of_record
TN:
SF:src/mapper/entityToDTO/campaign.ts
FN:4,(anonymous_0)
FNF:1
FNH:1
FNDA:1,(anonymous_0)
DA:4,48
DA:5,1
LF:2
LH:2
BRF:0
BRH:0
end_of_record
TN:
SF:src/mapper/entityToDTO/channel.ts
FN:4,(anonymous_0)
FNF:1
FNH:1
FNDA:1,(anonymous_0)
DA:4,48
DA:6,1
LF:2
LH:2
BRF:0
BRH:0
end_of_record
TN:
SF:src/mapper/entityToDTO/channelPromotion.ts
FN:5,(anonymous_0)
FN:14,(anonymous_1)
FN:23,(anonymous_2)
FNF:3
FNH:2
FNDA:0,(anonymous_0)
FNDA:1,(anonymous_1)
FNDA:1,(anonymous_2)
DA:5,36
DA:6,0
DA:14,36
DA:15,1
DA:23,36
DA:24,1
LF:6
LH:5
BRDA:17,0,0,0
BRDA:17,0,1,1
BRDA:17,1,0,1
BRDA:17,1,1,1
BRDA:18,2,0,0
BRDA:18,2,1,1
BRDA:18,3,0,1
BRDA:18,3,1,1
BRDA:19,4,0,0
BRDA:19,4,1,1
BRDA:19,5,0,1
BRDA:19,5,1,1
BRF:12
BRH:9
end_of_record
TN:
SF:src/mapper/entityToDTO/fintechClients.ts
FN:4,(anonymous_0)
FNF:1
FNH:1
FNDA:4,(anonymous_0)
DA:4,48
DA:5,4
DA:6,4
DA:8,4
LF:4
LH:4
BRDA:5,0,0,4
BRDA:5,0,1,0
BRDA:6,1,0,4
BRDA:6,1,1,0
BRF:4
BRH:2
end_of_record
TN:
SF:src/mapper/entityToDTO/historyEvent.ts
FN:8,(anonymous_0)
FN:22,(anonymous_1)
FNF:2
FNH:1
FNDA:3,(anonymous_0)
FNDA:0,(anonymous_1)
DA:4,35
DA:6,35
DA:8,35
DA:9,3
DA:22,35
DA:23,0
DA:24,0
DA:25,0
DA:26,0
DA:27,0
DA:56,35
LF:11
LH:6
BRDA:25,0,0,0
BRDA:25,0,1,0
BRDA:29,1,0,0
BRDA:29,1,1,0
BRDA:30,2,0,0
BRDA:30,2,1,0
BRDA:31,3,0,0
BRDA:31,3,1,0
BRDA:31,4,0,0
BRDA:31,4,1,0
BRDA:32,5,0,0
BRDA:32,5,1,0
BRDA:32,6,0,0
BRDA:32,6,1,0
BRDA:33,7,0,0
BRDA:33,7,1,0
BRDA:33,8,0,0
BRDA:33,8,1,0
BRDA:34,9,0,0
BRDA:34,9,1,0
BRDA:34,10,0,0
BRDA:34,10,1,0
BRDA:35,11,0,0
BRDA:35,11,1,0
BRDA:35,12,0,0
BRDA:35,12,1,0
BRDA:36,13,0,0
BRDA:36,13,1,0
BRDA:36,14,0,0
BRDA:36,14,1,0
BRDA:37,15,0,0
BRDA:37,15,1,0
BRDA:37,16,0,0
BRDA:37,16,1,0
BRDA:37,17,0,0
BRDA:37,17,1,0
BRDA:37,18,0,0
BRDA:37,18,1,0
BRDA:38,19,0,0
BRDA:38,19,1,0
BRDA:38,20,0,0
BRDA:38,20,1,0
BRDA:39,21,0,0
BRDA:39,21,1,0
BRDA:39,22,0,0
BRDA:39,22,1,0
BRDA:39,23,0,0
BRDA:39,23,1,0
BRDA:39,24,0,0
BRDA:39,24,1,0
BRDA:39,25,0,0
BRDA:39,25,1,0
BRDA:39,26,0,0
BRDA:39,26,1,0
BRDA:45,27,0,0
BRDA:45,27,1,0
BRDA:45,28,0,0
BRDA:45,28,1,0
BRDA:47,29,0,0
BRDA:47,29,1,0
BRDA:47,30,0,0
BRDA:47,30,1,0
BRDA:48,31,0,0
BRDA:48,31,1,0
BRDA:48,32,0,0
BRDA:48,32,1,0
BRDA:50,33,0,0
BRDA:50,33,1,0
BRDA:50,34,0,0
BRDA:50,34,1,0
BRDA:50,35,0,0
BRDA:50,35,1,0
BRDA:50,36,0,0
BRDA:50,36,1,0
BRDA:51,37,0,0
BRDA:51,37,1,0
BRDA:51,38,0,0
BRDA:51,38,1,0
BRDA:52,39,0,0
BRDA:52,39,1,0
BRDA:52,40,0,0
BRDA:52,40,1,0
BRF:82
BRH:0
end_of_record
TN:
SF:src/mapper/entityToDTO/index.ts
FN:17,(anonymous_0)
FN:30,(anonymous_1)
FN:19,(anonymous_2)
FN:18,(anonymous_3)
FN:20,(anonymous_4)
FN:21,(anonymous_5)
FN:22,(anonymous_6)
FN:25,(anonymous_7)
FN:23,(anonymous_8)
FN:24,(anonymous_9)
FN:26,(anonymous_10)
FN:27,(anonymous_11)
FN:28,(anonymous_12)
FN:29,(anonymous_13)
FN:31,(anonymous_14)
FN:32,(anonymous_15)
FNF:16
FNH:14
FNDA:1,(anonymous_0)
FNDA:0,(anonymous_1)
FNDA:1,(anonymous_2)
FNDA:1,(anonymous_3)
FNDA:1,(anonymous_4)
FNDA:9,(anonymous_5)
FNDA:1,(anonymous_6)
FNDA:2,(anonymous_7)
FNDA:2,(anonymous_8)
FNDA:2,(anonymous_9)
FNDA:2,(anonymous_10)
FNDA:2,(anonymous_11)
FNDA:1,(anonymous_12)
FNDA:4,(anonymous_13)
FNDA:0,(anonymous_14)
FNDA:1,(anonymous_15)
DA:1,48
DA:2,48
DA:3,48
DA:4,48
DA:5,48
DA:6,48
DA:7,48
DA:8,48
DA:9,48
DA:10,48
DA:11,48
DA:12,48
DA:13,48
DA:14,48
DA:17,49
DA:18,49
DA:19,49
DA:20,49
DA:21,57
DA:22,49
DA:23,50
DA:24,50
DA:25,50
DA:26,50
DA:27,50
DA:28,49
DA:29,52
DA:30,48
DA:31,48
DA:32,49
LF:30
LH:30
BRF:0
BRH:0
end_of_record
TN:
SF:src/mapper/entityToDTO/operationType.ts
FN:4,(anonymous_0)
FNF:1
FNH:1
FNDA:2,(anonymous_0)
DA:4,48
DA:5,2
LF:2
LH:2
BRF:0
BRH:0
end_of_record
TN:
SF:src/mapper/entityToDTO/productOperation.ts
FN:4,(anonymous_0)
FNF:1
FNH:1
FNDA:2,(anonymous_0)
DA:4,48
DA:5,2
LF:2
LH:2
BRF:0
BRH:0
end_of_record
TN:
SF:src/mapper/entityToDTO/promotion.ts
FN:5,(anonymous_0)
FN:34,(anonymous_1)
FNF:2
FNH:2
FNDA:9,(anonymous_0)
FNDA:2,(anonymous_1)
DA:5,49
DA:6,9
DA:34,49
DA:35,2
LF:4
LH:4
BRDA:22,0,0,7
BRDA:22,0,1,2
BRDA:23,1,0,7
BRDA:23,1,1,2
BRDA:24,2,0,7
BRDA:24,2,1,2
BRDA:25,3,0,7
BRDA:25,3,1,2
BRF:8
BRH:8
end_of_record
TN:
SF:src/mapper/entityToDTO/ruleConfiguration.ts
FN:8,(anonymous_0)
FN:17,(anonymous_1)
FN:17,(anonymous_2)
FN:17,(anonymous_3)
FN:43,(anonymous_4)
FN:91,(anonymous_5)
FN:96,(anonymous_6)
FN:118,(anonymous_7)
FN:123,(anonymous_8)
FN:143,(anonymous_9)
FN:145,(anonymous_10)
FN:145,(anonymous_11)
FN:152,(anonymous_12)
FNF:13
FNH:12
FNDA:4,(anonymous_0)
FNDA:4,(anonymous_1)
FNDA:2,(anonymous_2)
FNDA:2,(anonymous_3)
FNDA:3,(anonymous_4)
FNDA:7,(anonymous_5)
FNDA:0,(anonymous_6)
FNDA:3,(anonymous_7)
FNDA:2,(anonymous_8)
FNDA:4,(anonymous_9)
FNDA:4,(anonymous_10)
FNDA:2,(anonymous_11)
FNDA:2,(anonymous_12)
DA:8,39
DA:9,4
DA:17,4
DA:43,39
DA:44,3
DA:91,39
DA:93,7
DA:95,7
DA:96,1
DA:97,0
DA:98,0
DA:111,0
DA:115,7
DA:118,39
DA:120,3
DA:122,3
DA:123,1
DA:124,2
DA:125,1
DA:136,1
DA:140,3
DA:143,39
DA:144,4
DA:145,4
DA:146,2
DA:147,1
DA:152,2
LF:27
LH:24
BRDA:17,0,0,2
BRDA:17,0,1,2
BRDA:17,1,0,1
BRDA:17,1,1,3
BRDA:17,2,0,4
BRDA:17,2,1,4
BRDA:20,3,0,0
BRDA:20,3,1,4
BRDA:20,4,0,4
BRDA:20,4,1,4
BRDA:21,5,0,0
BRDA:21,5,1,4
BRDA:21,6,0,4
BRDA:21,6,1,4
BRDA:25,7,0,0
BRDA:25,7,1,4
BRDA:25,8,0,4
BRDA:25,8,1,4
BRDA:26,9,0,0
BRDA:26,9,1,4
BRDA:26,10,0,4
BRDA:26,10,1,4
BRDA:27,11,0,0
BRDA:27,11,1,4
BRDA:27,12,0,4
BRDA:27,12,1,4
BRDA:31,13,0,0
BRDA:31,13,1,4
BRDA:31,14,0,4
BRDA:31,14,1,4
BRDA:32,15,0,0
BRDA:32,15,1,4
BRDA:32,16,0,4
BRDA:32,16,1,4
BRDA:36,17,0,0
BRDA:36,17,1,4
BRDA:36,18,0,4
BRDA:36,18,1,4
BRDA:37,19,0,0
BRDA:37,19,1,4
BRDA:37,20,0,4
BRDA:37,20,1,4
BRDA:54,21,0,0
BRDA:54,21,1,3
BRDA:54,22,0,3
BRDA:54,22,1,3
BRDA:55,23,0,0
BRDA:55,23,1,3
BRDA:55,24,0,3
BRDA:55,24,1,3
BRDA:59,25,0,0
BRDA:59,25,1,3
BRDA:59,26,0,3
BRDA:59,26,1,3
BRDA:60,27,0,0
BRDA:60,27,1,3
BRDA:60,28,0,3
BRDA:60,28,1,3
BRDA:61,29,0,0
BRDA:61,29,1,3
BRDA:61,30,0,3
BRDA:61,30,1,3
BRDA:64,31,0,0
BRDA:64,31,1,3
BRDA:64,32,0,3
BRDA:64,32,1,3
BRDA:65,33,0,0
BRDA:65,33,1,3
BRDA:65,34,0,3
BRDA:65,34,1,3
BRDA:66,35,0,0
BRDA:66,35,1,3
BRDA:66,36,0,3
BRDA:66,36,1,3
BRDA:69,37,0,0
BRDA:69,37,1,3
BRDA:69,38,0,3
BRDA:69,38,1,3
BRDA:70,39,0,0
BRDA:70,39,1,3
BRDA:70,40,0,3
BRDA:70,40,1,3
BRDA:71,41,0,0
BRDA:71,41,1,3
BRDA:71,42,0,3
BRDA:71,42,1,3
BRDA:72,43,0,0
BRDA:72,43,1,3
BRDA:72,44,0,3
BRDA:72,44,1,3
BRDA:73,45,0,0
BRDA:73,45,1,3
BRDA:73,46,0,3
BRDA:73,46,1,3
BRDA:75,47,0,0
BRDA:75,47,1,3
BRDA:75,48,0,3
BRDA:75,48,1,3
BRDA:75,49,0,0
BRDA:75,49,1,3
BRDA:75,50,0,3
BRDA:75,50,1,3
BRDA:76,51,0,0
BRDA:76,51,1,3
BRDA:76,52,0,3
BRDA:76,52,1,3
BRDA:76,53,0,0
BRDA:76,53,1,3
BRDA:76,54,0,3
BRDA:76,54,1,3
BRDA:77,55,0,0
BRDA:77,55,1,3
BRDA:77,56,0,3
BRDA:77,56,1,3
BRDA:77,57,0,0
BRDA:77,57,1,3
BRDA:77,58,0,3
BRDA:77,58,1,3
BRDA:78,59,0,0
BRDA:78,59,1,3
BRDA:78,60,0,3
BRDA:78,60,1,3
BRDA:78,61,0,0
BRDA:78,61,1,3
BRDA:78,62,0,3
BRDA:78,62,1,3
BRDA:82,63,0,0
BRDA:82,63,1,3
BRDA:82,64,0,3
BRDA:82,64,1,3
BRDA:83,65,0,0
BRDA:83,65,1,3
BRDA:83,66,0,3
BRDA:83,66,1,3
BRDA:84,67,0,0
BRDA:84,67,1,3
BRDA:84,68,0,3
BRDA:84,68,1,3
BRDA:95,69,0,1
BRDA:95,69,1,6
BRDA:97,70,0,0
BRDA:97,70,1,0
BRDA:105,71,0,0
BRDA:105,71,1,0
BRDA:105,72,0,0
BRDA:105,72,1,0
BRDA:105,73,0,0
BRDA:105,73,1,0
BRDA:106,74,0,0
BRDA:106,74,1,0
BRDA:106,75,0,0
BRDA:106,75,1,0
BRDA:107,76,0,0
BRDA:107,76,1,0
BRDA:107,77,0,0
BRDA:107,77,1,0
BRDA:108,78,0,0
BRDA:108,78,1,0
BRDA:108,79,0,0
BRDA:108,79,1,0
BRDA:122,80,0,1
BRDA:122,80,1,2
BRDA:124,81,0,1
BRDA:124,81,1,1
BRDA:130,82,0,0
BRDA:130,82,1,1
BRDA:130,83,0,1
BRDA:130,83,1,0
BRDA:130,84,0,1
BRDA:130,84,1,1
BRDA:131,85,0,0
BRDA:131,85,1,0
BRDA:131,86,0,0
BRDA:131,86,1,0
BRDA:132,87,0,0
BRDA:132,87,1,0
BRDA:132,88,0,0
BRDA:132,88,1,0
BRDA:133,89,0,0
BRDA:133,89,1,0
BRDA:133,90,0,0
BRDA:133,90,1,0
BRDA:143,91,0,1
BRDA:144,92,0,2
BRDA:144,92,1,2
BRDA:146,93,0,1
BRDA:146,93,1,1
BRDA:149,94,0,0
BRDA:149,94,1,1
BRDA:149,95,0,1
BRDA:149,95,1,1
BRDA:150,96,0,0
BRDA:150,96,1,1
BRDA:150,97,0,1
BRDA:150,97,1,1
BRF:195
BRH:126
end_of_record
TN:
SF:src/mapper/entityToDTO/section.ts
FN:4,(anonymous_0)
FNF:1
FNH:1
FNDA:1,(anonymous_0)
DA:4,48
DA:5,1
LF:2
LH:2
BRF:0
BRH:0
end_of_record
TN:
SF:src/mapper/entityToDTO/sectionAction.ts
FN:4,(anonymous_0)
FNF:1
FNH:0
FNDA:0,(anonymous_0)
DA:4,35
DA:5,0
LF:2
LH:1
BRF:0
BRH:0
end_of_record
TN:
SF:src/mapper/entityToDTO/sectionBanner.ts
FN:6,(anonymous_0)
FN:29,(anonymous_1)
FNF:2
FNH:1
FNDA:1,(anonymous_0)
FNDA:0,(anonymous_1)
DA:1,48
DA:6,48
DA:7,1
DA:29,48
DA:30,0
LF:5
LH:4
BRDA:16,0,0,0
BRDA:16,0,1,1
BRDA:16,1,0,1
BRDA:16,1,1,1
BRDA:17,2,0,0
BRDA:17,2,1,1
BRDA:17,3,0,1
BRDA:17,3,1,1
BRDA:18,4,0,0
BRDA:18,4,1,1
BRDA:18,5,0,1
BRDA:18,5,1,1
BRDA:21,6,0,0
BRDA:21,6,1,1
BRDA:21,7,0,1
BRDA:21,7,1,1
BRDA:22,8,0,0
BRDA:22,8,1,1
BRDA:22,9,0,1
BRDA:22,9,1,1
BRDA:23,10,0,0
BRDA:23,10,1,1
BRDA:23,11,0,1
BRDA:23,11,1,1
BRDA:31,12,0,0
BRDA:31,12,1,0
BRDA:31,13,0,0
BRDA:31,13,1,0
BRDA:33,14,0,0
BRDA:33,14,1,0
BRDA:33,15,0,0
BRDA:33,15,1,0
BRDA:34,16,0,0
BRDA:34,16,1,0
BRDA:34,17,0,0
BRDA:34,17,1,0
BRDA:35,18,0,0
BRDA:35,18,1,0
BRDA:35,19,0,0
BRDA:35,19,1,0
BRDA:37,20,0,0
BRDA:37,20,1,0
BRDA:37,21,0,0
BRDA:37,21,1,0
BRDA:37,22,0,0
BRDA:37,22,1,0
BRDA:37,23,0,0
BRDA:37,23,1,0
BRDA:37,24,0,0
BRDA:37,24,1,0
BRDA:37,25,0,0
BRDA:37,25,1,0
BRDA:38,26,0,0
BRDA:38,26,1,0
BRDA:38,27,0,0
BRDA:38,27,1,0
BRDA:38,28,0,0
BRDA:38,28,1,0
BRDA:38,29,0,0
BRDA:38,29,1,0
BRDA:38,30,0,0
BRDA:38,30,1,0
BRDA:38,31,0,0
BRDA:38,31,1,0
BRF:64
BRH:18
end_of_record
TN:
SF:src/mapper/entityToDTO/sectionChannel.ts
FN:4,(anonymous_0)
FNF:1
FNH:0
FNDA:0,(anonymous_0)
DA:4,35
DA:5,0
LF:2
LH:1
BRF:0
BRH:0
end_of_record
TN:
SF:src/mapper/entityToDTO/settingCode.ts
FN:4,(anonymous_0)
FNF:1
FNH:1
FNDA:3,(anonymous_0)
DA:4,48
DA:5,3
LF:2
LH:2
BRF:0
BRH:0
end_of_record
TN:
SF:src/mapper/entityToDTO/store.ts
FN:4,(anonymous_0)
FNF:1
FNH:1
FNDA:2,(anonymous_0)
DA:4,48
DA:5,2
LF:2
LH:2
BRF:0
BRH:0
end_of_record
TN:
SF:src/mapper/entityToDTO/typeLimit.ts
FN:4,(anonymous_0)
FNF:1
FNH:1
FNDA:2,(anonymous_0)
DA:4,48
DA:5,2
LF:2
LH:2
BRF:0
BRH:0
end_of_record
TN:
SF:src/mapper/entityToDTO/typePromotion.ts
FN:4,(anonymous_0)
FNF:1
FNH:1
FNDA:1,(anonymous_0)
DA:4,48
DA:5,1
LF:2
LH:2
BRF:0
BRH:0
end_of_record
TN:
SF:src/mapper/entityToDTO/userCondition.ts
FN:4,(anonymous_0)
FNF:1
FNH:1
FNDA:2,(anonymous_0)
DA:4,48
DA:5,2
LF:2
LH:2
BRF:0
BRH:0
end_of_record
TN:
SF:src/server/RulesEngine/refundValidator.ts
FN:5,(anonymous_0)
FN:20,(anonymous_1)
FNF:2
FNH:2
FNDA:3,(anonymous_0)
FNDA:1,(anonymous_1)
DA:1,1
DA:3,1
DA:5,1
DA:6,3
DA:7,3
DA:10,3
DA:11,1
DA:16,2
DA:18,1
DA:20,1
DA:22,1
DA:23,0
DA:24,0
DA:28,1
DA:30,1
DA:31,1
DA:36,3
LF:17
LH:15
BRDA:10,0,0,1
BRDA:10,0,1,2
BRDA:17,1,0,1
BRDA:17,1,1,1
BRDA:20,2,0,1
BRDA:20,2,1,0
BRDA:20,3,0,1
BRDA:20,3,1,1
BRDA:22,4,0,0
BRDA:22,4,1,1
BRDA:23,5,0,0
BRDA:23,5,1,0
BRF:12
BRH:8
end_of_record
TN:
SF:src/server/controller/bannerController.ts
FN:11,(anonymous_11)
FN:16,(anonymous_13)
FN:22,(anonymous_15)
FN:29,(anonymous_17)
FN:35,(anonymous_19)
FNF:5
FNH:3
FNDA:1,(anonymous_11)
FNDA:1,(anonymous_13)
FNDA:0,(anonymous_15)
FNDA:0,(anonymous_17)
FNDA:1,(anonymous_19)
DA:1,1
DA:4,1
DA:8,1
DA:11,1
DA:12,1
DA:16,1
DA:17,1
DA:22,1
DA:23,0
DA:24,0
DA:29,1
DA:30,0
DA:35,1
DA:36,1
LF:14
LH:11
BRF:0
BRH:0
end_of_record
TN:
SF:src/server/controller/campaignController.ts
FN:13,(anonymous_11)
FN:21,(anonymous_13)
FN:29,(anonymous_15)
FN:38,(anonymous_17)
FNF:4
FNH:0
FNDA:0,(anonymous_11)
FNDA:0,(anonymous_13)
FNDA:0,(anonymous_15)
FNDA:0,(anonymous_17)
DA:1,1
DA:2,1
DA:3,1
DA:4,1
DA:9,1
DA:13,1
DA:14,0
DA:16,0
DA:21,1
DA:22,0
DA:24,0
DA:29,1
DA:33,0
DA:38,1
DA:39,0
LF:15
LH:9
BRF:0
BRH:0
end_of_record
TN:
SF:src/server/controller/channelPromotionController.ts
FN:11,(anonymous_11)
FN:17,(anonymous_13)
FN:23,(anonymous_15)
FNF:3
FNH:0
FNDA:0,(anonymous_11)
FNDA:0,(anonymous_13)
FNDA:0,(anonymous_15)
DA:2,1
DA:3,1
DA:5,1
DA:8,1
DA:11,1
DA:12,0
DA:17,1
DA:18,0
DA:19,0
DA:23,1
DA:24,0
LF:11
LH:7
BRF:0
BRH:0
end_of_record
TN:
SF:src/server/controller/historyEventController.ts
FN:12,(anonymous_11)
FN:19,(anonymous_13)
FNF:2
FNH:2
FNDA:1,(anonymous_11)
FNDA:1,(anonymous_13)
DA:1,1
DA:2,1
DA:3,1
DA:8,1
DA:12,1
DA:13,1
DA:14,1
DA:19,1
DA:25,1
DA:26,1
LF:10
LH:10
BRF:0
BRH:0
end_of_record
TN:
SF:src/server/controller/operationTypeController.ts
FN:12,(anonymous_9)
FNF:1
FNH:0
FNDA:0,(anonymous_9)
DA:1,1
DA:2,1
DA:3,1
DA:8,1
DA:12,1
DA:14,0
DA:16,0
LF:7
LH:5
BRF:0
BRH:0
end_of_record
TN:
SF:src/server/controller/productOperationController.ts
FN:11,(anonymous_9)
FNF:1
FNH:0
FNDA:0,(anonymous_9)
DA:1,1
DA:2,1
DA:3,1
DA:7,1
DA:11,1
DA:12,0
DA:13,0
LF:7
LH:5
BRF:0
BRH:0
end_of_record
TN:
SF:src/server/controller/promotionController.ts
FN:14,(anonymous_11)
FN:34,(anonymous_13)
FN:42,(anonymous_15)
FN:48,(anonymous_17)
FN:54,(anonymous_19)
FN:59,(anonymous_21)
FN:66,(anonymous_23)
FN:72,(anonymous_25)
FN:81,(anonymous_27)
FN:87,(anonymous_29)
FNF:10
FNH:9
FNDA:1,(anonymous_11)
FNDA:1,(anonymous_13)
FNDA:1,(anonymous_15)
FNDA:1,(anonymous_17)
FNDA:1,(anonymous_19)
FNDA:0,(anonymous_21)
FNDA:2,(anonymous_23)
FNDA:2,(anonymous_25)
FNDA:1,(anonymous_27)
FNDA:1,(anonymous_29)
DA:2,1
DA:3,1
DA:4,1
DA:5,1
DA:6,1
DA:11,1
DA:14,1
DA:20,1
DA:27,1
DA:29,1
DA:34,1
DA:35,1
DA:37,1
DA:42,1
DA:43,1
DA:48,1
DA:49,1
DA:54,1
DA:55,1
DA:59,1
DA:60,0
DA:62,0
DA:66,1
DA:67,2
DA:72,1
DA:76,2
DA:81,1
DA:82,1
DA:87,1
DA:89,1
DA:90,1
LF:31
LH:29
BRF:0
BRH:0
end_of_record
TN:
SF:src/server/controller/ruleConfigurationController.ts
FN:14,(anonymous_11)
FN:25,(anonymous_13)
FN:33,(anonymous_15)
FNF:3
FNH:0
FNDA:0,(anonymous_11)
FNDA:0,(anonymous_13)
FNDA:0,(anonymous_15)
DA:3,1
DA:4,1
DA:9,1
DA:14,1
DA:18,0
DA:20,0
DA:25,1
DA:28,0
DA:33,1
DA:38,0
LF:10
LH:6
BRF:0
BRH:0
end_of_record
TN:
SF:src/server/controller/sectionBannerController.ts
FN:14,(anonymous_11)
FN:22,(anonymous_13)
FN:28,(anonymous_15)
FNF:3
FNH:3
FNDA:1,(anonymous_11)
FNDA:1,(anonymous_13)
FNDA:1,(anonymous_15)
DA:1,1
DA:2,1
DA:3,1
DA:10,1
DA:14,1
DA:15,1
DA:17,1
DA:22,1
DA:23,1
DA:28,1
DA:29,1
LF:11
LH:11
BRF:0
BRH:0
end_of_record
TN:
SF:src/server/controller/sectionController.ts
FN:12,(anonymous_9)
FNF:1
FNH:1
FNDA:1,(anonymous_9)
DA:1,1
DA:2,1
DA:3,1
DA:8,1
DA:12,1
DA:14,1
DA:16,1
LF:7
LH:7
BRF:0
BRH:0
end_of_record
TN:
SF:src/server/controller/settingCodeController.ts
FN:13,(anonymous_11)
FN:20,(anonymous_13)
FN:26,(anonymous_15)
FN:32,(anonymous_17)
FNF:4
FNH:4
FNDA:1,(anonymous_11)
FNDA:1,(anonymous_13)
FNDA:1,(anonymous_15)
FNDA:1,(anonymous_17)
DA:2,1
DA:3,1
DA:4,1
DA:9,1
DA:13,1
DA:14,1
DA:15,1
DA:20,1
DA:21,1
DA:26,1
DA:27,1
DA:32,1
DA:33,1
LF:13
LH:13
BRF:0
BRH:0
end_of_record
TN:
SF:src/server/controller/storeController.ts
FN:10,(anonymous_11)
FNF:1
FNH:0
FNDA:0,(anonymous_11)
DA:1,1
DA:2,1
DA:3,1
DA:7,1
DA:10,1
DA:11,0
DA:13,0
LF:7
LH:5
BRF:0
BRH:0
end_of_record
TN:
SF:src/server/controller/typeLimitController.ts
FN:12,(anonymous_11)
FN:19,(anonymous_13)
FN:27,(anonymous_15)
FN:35,(anonymous_17)
FNF:4
FNH:0
FNDA:0,(anonymous_11)
FNDA:0,(anonymous_13)
FNDA:0,(anonymous_15)
FNDA:0,(anonymous_17)
DA:1,1
DA:2,1
DA:3,1
DA:8,1
DA:12,1
DA:13,0
DA:14,0
DA:19,1
DA:20,0
DA:22,0
DA:27,1
DA:28,0
DA:30,0
DA:35,1
DA:39,0
DA:41,0
LF:16
LH:8
BRF:0
BRH:0
end_of_record
TN:
SF:src/server/controller/userConditionController.ts
FN:14,(anonymous_11)
FN:23,(anonymous_13)
FN:31,(anonymous_15)
FN:39,(anonymous_17)
FNF:4
FNH:0
FNDA:0,(anonymous_11)
FNDA:0,(anonymous_13)
FNDA:0,(anonymous_15)
FNDA:0,(anonymous_17)
DA:1,1
DA:2,1
DA:3,1
DA:4,1
DA:10,1
DA:14,1
DA:16,0
DA:18,0
DA:23,1
DA:24,0
DA:26,0
DA:31,1
DA:32,0
DA:34,0
DA:39,1
DA:43,0
LF:16
LH:9
BRF:0
BRH:0
end_of_record
TN:
SF:src/services/authService.ts
FN:18,(anonymous_8)
FN:18,(anonymous_9)
FN:38,(anonymous_10)
FN:57,(anonymous_11)
FN:59,(anonymous_12)
FNF:5
FNH:5
FNDA:2,(anonymous_8)
FNDA:2,(anonymous_9)
FNDA:3,(anonymous_10)
FNDA:3,(anonymous_11)
FNDA:2,(anonymous_12)
DA:1,34
DA:2,34
DA:3,34
DA:4,34
DA:5,34
DA:6,34
DA:7,34
DA:18,34
DA:20,2
DA:21,2
DA:22,2
DA:23,2
DA:24,2
DA:26,2
DA:28,2
DA:29,2
DA:30,1
DA:31,1
DA:32,1
DA:34,1
DA:35,1
DA:38,34
DA:39,3
DA:54,3
DA:57,34
DA:58,3
DA:59,3
DA:60,2
DA:62,3
DA:65,34
LF:30
LH:30
BRDA:29,0,0,1
BRDA:29,0,1,1
BRDA:29,1,0,2
BRDA:29,1,1,1
BRDA:29,2,0,1
BRDA:29,2,1,1
BRDA:29,3,0,2
BRDA:29,3,1,1
BRDA:40,4,0,1
BRDA:40,4,1,2
BRDA:40,5,0,3
BRDA:40,5,1,3
BRDA:40,6,0,1
BRDA:40,6,1,2
BRDA:40,7,0,3
BRDA:40,7,1,3
BRDA:41,8,0,1
BRDA:41,8,1,2
BRDA:41,9,0,3
BRDA:41,9,1,3
BRDA:41,10,0,1
BRDA:41,10,1,2
BRDA:41,11,0,3
BRDA:41,11,1,3
BRDA:46,12,0,1
BRDA:46,12,1,2
BRDA:46,13,0,3
BRDA:46,13,1,3
BRDA:48,14,0,1
BRDA:48,14,1,2
BRDA:48,15,0,3
BRDA:48,15,1,3
BRDA:48,16,0,1
BRDA:48,16,1,2
BRDA:48,17,0,3
BRDA:48,17,1,3
BRDA:49,18,0,1
BRDA:49,18,1,2
BRDA:49,19,0,3
BRDA:49,19,1,3
BRDA:49,20,0,1
BRDA:49,20,1,2
BRDA:49,21,0,3
BRDA:49,21,1,3
BRDA:50,22,0,1
BRDA:50,22,1,2
BRDA:50,23,0,3
BRDA:50,23,1,3
BRDA:50,24,0,1
BRDA:50,24,1,2
BRDA:50,25,0,3
BRDA:50,25,1,3
BRDA:51,26,0,1
BRDA:51,26,1,2
BRDA:51,27,0,3
BRDA:51,27,1,3
BRDA:51,28,0,1
BRDA:51,28,1,2
BRDA:51,29,0,3
BRDA:51,29,1,3
BRDA:59,30,0,1
BRDA:59,30,1,2
BRDA:59,31,0,3
BRDA:59,31,1,3
BRF:64
BRH:64
end_of_record
TN:
SF:src/services/bannerService.ts
FN:10,(anonymous_7)
FN:10,(anonymous_8)
FN:12,(anonymous_9)
FN:16,(anonymous_10)
FN:16,(anonymous_11)
FN:18,(anonymous_12)
FN:22,(anonymous_13)
FN:22,(anonymous_14)
FN:26,(anonymous_15)
FN:26,(anonymous_16)
FN:29,(anonymous_17)
FN:29,(anonymous_18)
FNF:12
FNH:7
FNDA:2,(anonymous_7)
FNDA:2,(anonymous_8)
FNDA:1,(anonymous_9)
FNDA:2,(anonymous_10)
FNDA:2,(anonymous_11)
FNDA:0,(anonymous_12)
FNDA:0,(anonymous_13)
FNDA:0,(anonymous_14)
FNDA:0,(anonymous_15)
FNDA:0,(anonymous_16)
FNDA:1,(anonymous_17)
FNDA:1,(anonymous_18)
DA:2,34
DA:3,34
DA:4,34
DA:5,34
DA:6,34
DA:7,34
DA:8,34
DA:10,34
DA:11,2
DA:12,2
DA:13,2
DA:16,34
DA:17,2
DA:18,2
DA:19,2
DA:22,34
DA:23,0
DA:24,0
DA:26,34
DA:27,0
DA:29,34
DA:30,1
DA:31,1
DA:32,1
DA:33,1
DA:41,0
DA:48,0
DA:51,1
DA:54,34
LF:29
LH:24
BRDA:32,0,0,1
BRDA:32,0,1,0
BRF:2
BRH:1
end_of_record
TN:
SF:src/services/bhubCashbackService.ts
FN:9,(anonymous_7)
FN:9,(anonymous_8)
FNF:2
FNH:2
FNDA:3,(anonymous_7)
FNDA:3,(anonymous_8)
DA:1,34
DA:3,34
DA:4,34
DA:5,34
DA:6,34
DA:7,34
DA:9,34
DA:10,3
DA:11,3
DA:12,3
DA:14,2
DA:16,2
DA:17,2
DA:18,2
DA:19,1
DA:20,1
DA:21,1
DA:23,1
DA:26,1
DA:33,1
DA:36,1
DA:43,1
DA:45,2
DA:48,34
LF:24
LH:24
BRDA:12,0,0,2
BRDA:12,0,1,1
BRDA:18,1,0,1
BRDA:18,1,1,1
BRDA:20,2,0,1
BRDA:20,2,1,0
BRF:6
BRH:5
end_of_record
TN:
SF:src/services/campaignService.ts
FN:7,(anonymous_7)
FN:7,(anonymous_8)
FN:12,(anonymous_9)
FN:12,(anonymous_10)
FN:16,(anonymous_11)
FN:16,(anonymous_12)
FN:21,(anonymous_13)
FN:21,(anonymous_14)
FNF:8
FNH:8
FNDA:1,(anonymous_7)
FNDA:1,(anonymous_8)
FNDA:1,(anonymous_9)
FNDA:1,(anonymous_10)
FNDA:1,(anonymous_11)
FNDA:1,(anonymous_12)
FNDA:1,(anonymous_13)
FNDA:1,(anonymous_14)
DA:1,34
DA:3,34
DA:7,34
DA:8,1
DA:9,1
DA:12,34
DA:13,1
DA:16,34
DA:17,1
DA:18,1
DA:21,34
DA:22,1
DA:25,34
LF:13
LH:13
BRF:0
BRH:0
end_of_record
TN:
SF:src/services/channelPromotionService.ts
FN:7,(anonymous_7)
FN:7,(anonymous_8)
FN:24,(anonymous_9)
FN:24,(anonymous_10)
FN:28,(anonymous_11)
FN:28,(anonymous_12)
FNF:6
FNH:6
FNDA:2,(anonymous_7)
FNDA:2,(anonymous_8)
FNDA:1,(anonymous_9)
FNDA:1,(anonymous_10)
FNDA:2,(anonymous_11)
FNDA:2,(anonymous_12)
DA:1,34
DA:2,34
DA:4,34
DA:6,34
DA:7,34
DA:8,2
DA:9,2
DA:10,2
DA:11,1
DA:13,1
DA:20,1
DA:22,2
DA:24,34
DA:25,1
DA:26,1
DA:28,34
DA:29,2
DA:30,2
DA:31,2
DA:32,1
DA:34,1
DA:41,1
DA:43,2
DA:45,34
LF:24
LH:24
BRDA:10,0,0,1
BRDA:10,0,1,1
BRDA:31,1,0,1
BRDA:31,1,1,1
BRF:4
BRH:4
end_of_record
TN:
SF:src/services/channelService.ts
FN:4,(anonymous_7)
FN:4,(anonymous_8)
FNF:2
FNH:2
FNDA:1,(anonymous_7)
FNDA:1,(anonymous_8)
DA:1,34
DA:4,34
DA:5,1
DA:6,1
DA:9,34
LF:5
LH:5
BRF:0
BRH:0
end_of_record
TN:
SF:src/services/fintechClientsService.ts
FN:5,(anonymous_7)
FN:5,(anonymous_8)
FNF:2
FNH:2
FNDA:2,(anonymous_7)
FNDA:2,(anonymous_8)
DA:2,35
DA:3,35
DA:5,35
DA:6,2
DA:7,2
DA:8,2
DA:11,35
LF:7
LH:7
BRDA:7,0,0,1
BRDA:7,0,1,1
BRDA:8,1,0,2
BRDA:8,1,1,1
BRF:4
BRH:4
end_of_record
TN:
SF:src/services/historyEventFailedService.ts
FN:6,(anonymous_7)
FN:6,(anonymous_8)
FNF:2
FNH:2
FNDA:1,(anonymous_7)
FNDA:1,(anonymous_8)
DA:1,34
DA:4,34
DA:6,34
DA:7,1
DA:13,1
DA:16,34
LF:6
LH:6
BRF:0
BRH:0
end_of_record
TN:
SF:src/services/historyEventService.ts
FN:8,(anonymous_8)
FN:8,(anonymous_9)
FN:13,(anonymous_10)
FN:13,(anonymous_11)
FN:18,(anonymous_12)
FN:18,(anonymous_13)
FN:42,(anonymous_14)
FN:42,(anonymous_15)
FNF:8
FNH:6
FNDA:1,(anonymous_8)
FNDA:1,(anonymous_9)
FNDA:0,(anonymous_10)
FNDA:0,(anonymous_11)
FNDA:1,(anonymous_12)
FNDA:1,(anonymous_13)
FNDA:1,(anonymous_14)
FNDA:1,(anonymous_15)
DA:2,34
DA:3,34
DA:8,34
DA:9,1
DA:10,1
DA:13,34
DA:14,0
DA:15,0
DA:18,34
DA:20,1
DA:21,1
DA:23,1
DA:27,1
DA:28,1
DA:29,1
DA:31,1
DA:32,1
DA:34,1
DA:36,0
DA:42,34
DA:43,1
DA:44,1
DA:47,34
LF:23
LH:20
BRDA:21,0,0,1
BRDA:21,0,1,0
BRDA:31,1,0,0
BRDA:31,1,1,1
BRDA:32,2,0,1
BRDA:32,2,1,0
BRF:6
BRH:3
end_of_record
TN:
SF:src/services/index.ts
FNF:0
FNH:0
DA:1,34
DA:2,34
DA:3,34
DA:4,34
DA:5,34
DA:6,34
DA:7,34
DA:8,34
DA:9,34
DA:10,34
DA:11,34
DA:12,34
DA:13,34
DA:14,34
DA:15,34
DA:16,34
DA:17,34
DA:18,34
DA:19,34
DA:20,34
DA:21,34
DA:22,34
DA:25,34
DA:26,34
DA:27,34
DA:28,34
DA:29,34
DA:30,34
DA:31,34
DA:32,34
DA:33,34
DA:34,34
DA:35,34
DA:36,34
DA:37,34
DA:38,34
DA:39,34
DA:40,34
DA:41,34
DA:42,34
DA:43,34
DA:44,34
DA:45,34
DA:46,34
LF:44
LH:44
BRF:0
BRH:0
end_of_record
TN:
SF:src/services/operationTypeService.ts
FN:4,(anonymous_7)
FN:4,(anonymous_8)
FNF:2
FNH:2
FNDA:1,(anonymous_7)
FNDA:1,(anonymous_8)
DA:1,34
DA:4,34
DA:5,1
DA:6,1
DA:8,34
LF:5
LH:5
BRF:0
BRH:0
end_of_record
TN:
SF:src/services/productOperationService.ts
FN:4,(anonymous_7)
FN:4,(anonymous_8)
FNF:2
FNH:2
FNDA:1,(anonymous_7)
FNDA:1,(anonymous_8)
DA:1,34
DA:4,34
DA:5,1
DA:6,1
DA:9,34
LF:5
LH:5
BRF:0
BRH:0
end_of_record
TN:
SF:src/services/promotionService.ts
FN:16,(anonymous_8)
FN:16,(anonymous_9)
FN:21,(anonymous_10)
FN:21,(anonymous_11)
FN:26,(anonymous_12)
FN:26,(anonymous_13)
FN:49,(anonymous_14)
FN:49,(anonymous_15)
FN:54,(anonymous_16)
FN:54,(anonymous_17)
FN:85,(anonymous_18)
FN:85,(anonymous_19)
FN:96,(anonymous_20)
FN:96,(anonymous_21)
FN:110,(anonymous_22)
FN:110,(anonymous_23)
FN:129,(anonymous_24)
FN:129,(anonymous_25)
FN:142,(anonymous_26)
FN:142,(anonymous_27)
FN:153,(anonymous_28)
FN:153,(anonymous_29)
FN:168,(anonymous_30)
FN:171,(anonymous_31)
FN:172,(anonymous_32)
FN:173,(anonymous_33)
FN:174,(anonymous_34)
FNF:27
FNH:23
FNDA:1,(anonymous_8)
FNDA:1,(anonymous_9)
FNDA:1,(anonymous_10)
FNDA:1,(anonymous_11)
FNDA:2,(anonymous_12)
FNDA:2,(anonymous_13)
FNDA:1,(anonymous_14)
FNDA:1,(anonymous_15)
FNDA:4,(anonymous_16)
FNDA:4,(anonymous_17)
FNDA:1,(anonymous_18)
FNDA:1,(anonymous_19)
FNDA:2,(anonymous_20)
FNDA:2,(anonymous_21)
FNDA:2,(anonymous_22)
FNDA:2,(anonymous_23)
FNDA:1,(anonymous_24)
FNDA:1,(anonymous_25)
FNDA:0,(anonymous_26)
FNDA:0,(anonymous_27)
FNDA:0,(anonymous_28)
FNDA:0,(anonymous_29)
FNDA:2,(anonymous_30)
FNDA:1,(anonymous_31)
FNDA:1,(anonymous_32)
FNDA:1,(anonymous_33)
FNDA:1,(anonymous_34)
DA:1,34
DA:2,34
DA:5,34
DA:6,34
DA:7,34
DA:8,34
DA:9,34
DA:11,34
DA:12,34
DA:13,34
DA:16,34
DA:17,1
DA:18,1
DA:21,34
DA:22,1
DA:23,1
DA:26,34
DA:27,2
DA:28,2
DA:30,2
DA:31,1
DA:32,1
DA:34,1
DA:36,1
DA:43,1
DA:46,2
DA:49,34
DA:50,1
DA:51,1
DA:54,34
DA:55,4
DA:56,4
DA:58,4
DA:59,3
DA:60,3
DA:61,2
DA:62,2
DA:64,1
DA:73,1
DA:81,4
DA:82,4
DA:85,34
DA:86,1
DA:87,1
DA:88,0
DA:89,0
DA:92,1
DA:96,34
DA:97,2
DA:98,2
DA:99,2
DA:100,1
DA:101,1
DA:103,1
DA:104,1
DA:107,2
DA:110,34
DA:111,2
DA:112,2
DA:114,2
DA:115,1
DA:117,1
DA:125,2
DA:126,2
DA:129,34
DA:130,1
DA:131,1
DA:132,1
DA:133,1
DA:135,1
DA:142,34
DA:144,0
DA:146,0
DA:148,0
DA:149,0
DA:151,0
DA:152,0
DA:153,0
DA:154,0
DA:157,0
DA:159,0
DA:160,0
DA:161,0
DA:164,0
DA:168,34
DA:169,2
DA:170,2
DA:171,2
DA:172,2
DA:173,1
DA:174,1
DA:175,1
DA:178,2
DA:181,34
LF:94
LH:79
BRDA:30,0,0,1
BRDA:30,0,1,1
BRDA:58,1,0,3
BRDA:58,1,1,1
BRDA:60,2,0,2
BRDA:60,2,1,1
BRDA:87,3,0,0
BRDA:87,3,1,1
BRDA:99,4,0,1
BRDA:99,4,1,1
BRDA:114,5,0,1
BRDA:114,5,1,1
BRDA:133,6,0,1
BRDA:133,6,1,0
BRDA:147,7,0,0
BRDA:147,7,1,0
BRDA:147,7,2,0
BRDA:160,8,0,0
BRDA:160,8,1,0
BRDA:171,9,0,1
BRDA:171,9,1,1
BRDA:172,10,0,1
BRDA:172,10,1,1
BRDA:173,11,0,1
BRDA:173,11,1,0
BRDA:174,12,0,1
BRDA:174,12,1,0
BRF:27
BRH:18
end_of_record
TN:
SF:src/services/ruleConfigurationService.ts
FN:18,(anonymous_7)
FN:18,(anonymous_8)
FN:36,(anonymous_9)
FN:36,(anonymous_10)
FN:61,(anonymous_11)
FN:61,(anonymous_12)
FN:97,(anonymous_13)
FN:97,(anonymous_14)
FN:101,(anonymous_15)
FN:105,(anonymous_16)
FN:110,(anonymous_17)
FN:111,(anonymous_18)
FN:117,(anonymous_19)
FNF:13
FNH:8
FNDA:2,(anonymous_7)
FNDA:2,(anonymous_8)
FNDA:3,(anonymous_9)
FNDA:3,(anonymous_10)
FNDA:2,(anonymous_11)
FNDA:2,(anonymous_12)
FNDA:1,(anonymous_13)
FNDA:1,(anonymous_14)
FNDA:0,(anonymous_15)
FNDA:0,(anonymous_16)
FNDA:0,(anonymous_17)
FNDA:0,(anonymous_18)
FNDA:0,(anonymous_19)
DA:1,34
DA:3,34
DA:4,34
DA:7,34
DA:8,34
DA:9,34
DA:16,34
DA:18,34
DA:19,2
DA:20,2
DA:21,2
DA:22,1
DA:24,1
DA:31,1
DA:33,2
DA:36,34
DA:37,3
DA:38,3
DA:39,3
DA:41,3
DA:42,2
DA:45,3
DA:46,1
DA:54,2
DA:57,3
DA:58,3
DA:61,34
DA:62,2
DA:63,2
DA:65,2
DA:66,1
DA:74,1
DA:75,1
DA:76,1
DA:77,0
DA:79,0
DA:80,0
DA:81,0
DA:83,1
DA:93,2
DA:94,2
DA:97,34
DA:98,1
DA:101,34
DA:102,0
DA:103,0
DA:105,0
DA:106,0
DA:107,0
DA:110,34
DA:111,0
DA:112,0
DA:113,0
DA:116,0
DA:117,0
DA:122,34
LF:56
LH:42
BRDA:41,0,0,2
BRDA:41,0,1,1
BRDA:45,1,0,1
BRDA:45,1,1,2
BRDA:65,2,0,1
BRDA:65,2,1,1
BRDA:76,3,0,0
BRDA:76,3,1,1
BRDA:80,4,0,0
BRDA:80,4,1,0
BRDA:111,5,0,0
BRDA:111,5,1,0
BRDA:111,6,0,0
BRDA:111,6,1,0
BRDA:112,7,0,0
BRDA:112,7,1,0
BRDA:112,8,0,0
BRDA:112,8,1,0
BRDA:113,9,0,0
BRDA:113,9,1,0
BRDA:117,10,0,0
BRDA:117,10,1,0
BRDA:117,11,0,0
BRDA:117,11,1,0
BRDA:118,12,0,0
BRDA:118,12,1,0
BRF:26
BRH:7
end_of_record
TN:
SF:src/services/sectionActionService.ts
FN:4,(anonymous_7)
FN:4,(anonymous_8)
FNF:2
FNH:0
FNDA:0,(anonymous_7)
FNDA:0,(anonymous_8)
DA:2,34
DA:4,34
DA:5,0
DA:6,0
DA:9,34
LF:5
LH:3
BRF:0
BRH:0
end_of_record
TN:
SF:src/services/sectionBannerService.ts
FN:5,(anonymous_7)
FN:5,(anonymous_8)
FN:11,(anonymous_9)
FN:11,(anonymous_10)
FN:18,(anonymous_11)
FN:18,(anonymous_12)
FNF:6
FNH:6
FNDA:1,(anonymous_7)
FNDA:1,(anonymous_8)
FNDA:1,(anonymous_9)
FNDA:1,(anonymous_10)
FNDA:1,(anonymous_11)
FNDA:1,(anonymous_12)
DA:1,34
DA:2,34
DA:5,34
DA:6,1
DA:8,1
DA:11,34
DA:12,1
DA:14,1
DA:18,34
DA:19,1
DA:21,1
DA:24,34
LF:12
LH:12
BRF:0
BRH:0
end_of_record
TN:
SF:src/services/sectionChannelService.ts
FN:4,(anonymous_7)
FN:4,(anonymous_8)
FNF:2
FNH:0
FNDA:0,(anonymous_7)
FNDA:0,(anonymous_8)
DA:2,34
DA:4,34
DA:5,0
DA:7,0
DA:10,34
LF:5
LH:3
BRF:0
BRH:0
end_of_record
TN:
SF:src/services/sectionService.ts
FN:4,(anonymous_7)
FN:4,(anonymous_8)
FNF:2
FNH:2
FNDA:1,(anonymous_7)
FNDA:1,(anonymous_8)
DA:1,34
DA:4,34
DA:5,1
DA:6,1
DA:8,34
LF:5
LH:5
BRF:0
BRH:0
end_of_record
TN:
SF:src/services/settingCodeService.ts
FN:10,(anonymous_7)
FN:10,(anonymous_8)
FN:12,(anonymous_9)
FN:15,(anonymous_10)
FN:15,(anonymous_11)
FN:20,(anonymous_12)
FN:20,(anonymous_13)
FN:25,(anonymous_14)
FN:25,(anonymous_15)
FNF:9
FNH:9
FNDA:1,(anonymous_7)
FNDA:1,(anonymous_8)
FNDA:2,(anonymous_9)
FNDA:1,(anonymous_10)
FNDA:1,(anonymous_11)
FNDA:1,(anonymous_12)
FNDA:1,(anonymous_13)
FNDA:2,(anonymous_14)
FNDA:2,(anonymous_15)
DA:1,34
DA:2,34
DA:3,34
DA:5,34
DA:7,34
DA:8,34
DA:10,34
DA:11,1
DA:12,2
DA:15,34
DA:16,1
DA:17,1
DA:20,34
DA:21,1
DA:22,1
DA:25,34
DA:26,2
DA:27,2
DA:28,2
DA:29,1
DA:31,1
DA:36,1
DA:38,2
DA:41,34
LF:24
LH:24
BRDA:28,0,0,1
BRDA:28,0,1,1
BRF:2
BRH:2
end_of_record
TN:
SF:src/services/storeService.ts
FN:4,(anonymous_7)
FN:4,(anonymous_8)
FNF:2
FNH:2
FNDA:1,(anonymous_7)
FNDA:1,(anonymous_8)
DA:1,34
DA:4,34
DA:5,1
DA:6,1
DA:9,34
LF:5
LH:5
BRF:0
BRH:0
end_of_record
TN:
SF:src/services/typeLimitService.ts
FN:6,(anonymous_7)
FN:6,(anonymous_8)
FN:11,(anonymous_9)
FN:11,(anonymous_10)
FN:15,(anonymous_11)
FN:15,(anonymous_12)
FN:19,(anonymous_13)
FN:19,(anonymous_14)
FNF:8
FNH:8
FNDA:1,(anonymous_7)
FNDA:1,(anonymous_8)
FNDA:1,(anonymous_9)
FNDA:1,(anonymous_10)
FNDA:1,(anonymous_11)
FNDA:1,(anonymous_12)
FNDA:1,(anonymous_13)
FNDA:1,(anonymous_14)
DA:3,34
DA:6,34
DA:7,1
DA:8,1
DA:11,34
DA:12,1
DA:15,34
DA:16,1
DA:19,34
DA:20,1
DA:23,34
LF:11
LH:11
BRF:0
BRH:0
end_of_record
TN:
SF:src/services/typePromotionService.ts
FN:5,(anonymous_7)
FN:5,(anonymous_8)
FNF:2
FNH:2
FNDA:1,(anonymous_7)
FNDA:1,(anonymous_8)
DA:1,34
DA:5,34
DA:6,1
DA:7,1
DA:10,34
LF:5
LH:5
BRF:0
BRH:0
end_of_record
TN:
SF:src/services/userConditionService.ts
FN:7,(anonymous_7)
FN:7,(anonymous_8)
FN:12,(anonymous_9)
FN:12,(anonymous_10)
FN:16,(anonymous_11)
FN:16,(anonymous_12)
FN:20,(anonymous_13)
FN:20,(anonymous_14)
FNF:8
FNH:8
FNDA:1,(anonymous_7)
FNDA:1,(anonymous_8)
FNDA:1,(anonymous_9)
FNDA:1,(anonymous_10)
FNDA:1,(anonymous_11)
FNDA:1,(anonymous_12)
FNDA:1,(anonymous_13)
FNDA:1,(anonymous_14)
DA:2,34
DA:7,34
DA:8,1
DA:9,1
DA:12,34
DA:13,1
DA:16,34
DA:17,1
DA:20,34
DA:21,1
DA:23,34
LF:11
LH:11
BRF:0
BRH:0
end_of_record
